0 0 (1+0j) (1+0j) (6+0j)
0 1 0j 0j 0j
0 2 0j 0j 0j
0 3 0j 0j 0j
0 4 0j 0j 0j
0 5 0j 0j 0j
0 6 0j 0j 0j
0 7 0j 0j 0j
0 8 0j 0j 0j
0 9 0j 0j 0j
0 10 0j 0j 0j
0 11 0j 0j 0j
0 12 0j 0j 0j
0 13 0j 0j 0j
0 14 0j 0j 0j
0 15 0j 0j 0j
0 16 0j 0j 0j
0 17 0j 0j 0j
0 18 0j 0j 0j
0 19 0j 0j 0j
0 20 0j 0j 0j
0 21 0j 0j 0j
0 22 0j 0j 0j
0 23 0j 0j 0j
0 24 0j 0j 0j
0 25 0j 0j 0j
0 26 0j 0j 0j
0 27 0j 0j 0j
0 28 0j 0j 0j
0 29 0j 0j 0j
0 30 0j 0j 0j
0 31 0j 0j 0j
1 0 0j 0j 0j
1 1 0j 0j (2+0j)
1 2 0j (1+0j) (2+0j)
1 3 0j 0j 0j
1 4 0j 0j (2+0j)
1 5 0j 0j 0j
1 6 0j 0j 0j
1 7 0j 0j 0j
1 8 (1+0j) 0j 0j
1 9 0j 0j 0j
1 10 0j 0j 0j
1 11 0j 0j 0j
1 12 0j 0j 0j
1 13 0j 0j 0j
1 14 0j 0j 0j
1 15 0j 0j 0j
1 16 0j 0j 0j
1 17 0j 0j 0j
1 18 0j 0j 0j
1 19 0j 0j 0j
1 20 0j 0j 0j
1 21 0j 0j 0j
1 22 0j 0j 0j
1 23 0j 0j 0j
1 24 0j 0j 0j
1 25 0j 0j 0j
1 26 0j 0j 0j
1 27 0j 0j 0j
1 28 0j 0j 0j
1 29 0j 0j 0j
1 30 0j 0j 0j
1 31 0j 0j 0j
2 0 0j 0j 0j
2 1 0j (1+0j) (2+0j)
2 2 0j 0j (2+0j)
2 3 0j 0j 0j
2 4 0j 0j (2+0j)
2 5 0j 0j 0j
2 6 0j 0j 0j
2 7 0j 0j 0j
2 8 0j 0j 0j
2 9 0j 0j 0j
2 10 0j 0j 0j
2 11 0j 0j 0j
2 12 0j 0j 0j
2 13 0j 0j 0j
2 14 0j 0j 0j
2 15 0j 0j 0j
2 16 (1+0j) 0j 0j
2 17 0j 0j 0j
2 18 0j 0j 0j
2 19 0j 0j 0j
2 20 0j 0j 0j
2 21 0j 0j 0j
2 22 0j 0j 0j
2 23 0j 0j 0j
2 24 0j 0j 0j
2 25 0j 0j 0j
2 26 0j 0j 0j
2 27 0j 0j 0j
2 28 0j 0j 0j
2 29 0j 0j 0j
2 30 0j 0j 0j
2 31 0j 0j 0j
3 0 0j 0j 0j
3 1 0j 0j 0j
3 2 0j 0j 0j
3 3 0j (1+0j) (2+0j)
3 4 0j 0j 0j
3 5 0j 0j (2+0j)
3 6 0j 0j (2+0j)
3 7 0j 0j 0j
3 8 0j 0j 0j
3 9 0j 0j 0j
3 10 0j 0j 0j
3 11 0j 0j 0j
3 12 0j 0j 0j
3 13 0j 0j 0j
3 14 0j 0j 0j
3 15 0j 0j 0j
3 16 0j 0j 0j
3 17 0j 0j 0j
3 18 0j 0j 0j
3 19 0j 0j 0j
3 20 0j 0j 0j
3 21 0j 0j 0j
3 22 0j 0j 0j
3 23 0j 0j 0j
3 24 (1+0j) 0j 0j
3 25 0j 0j 0j
3 26 0j 0j 0j
3 27 0j 0j 0j
3 28 0j 0j 0j
3 29 0j 0j 0j
3 30 0j 0j 0j
3 31 0j 0j 0j
4 0 0j 0j 0j
4 1 0j 0j (2+0j)
4 2 0j 0j (2+0j)
4 3 0j 0j 0j
4 4 (1+0j) (1+0j) (-2+0j)
4 5 0j 0j 0j
4 6 0j 0j 0j
4 7 0j 0j 0j
4 8 0j 0j (2+0j)
4 9 0j 0j 0j
4 10 0j 0j 0j
4 11 0j 0j 0j
4 12 0j 0j 0j
4 13 0j 0j 0j
4 14 0j 0j 0j
4 15 0j 0j 0j
4 16 0j 0j (2+0j)
4 17 0j 0j 0j
4 18 0j 0j 0j
4 19 0j 0j 0j
4 20 0j 0j 0j
4 21 0j 0j 0j
4 22 0j 0j 0j
4 23 0j 0j 0j
4 24 0j 0j 0j
4 25 0j 0j 0j
4 26 0j 0j 0j
4 27 0j 0j 0j
4 28 0j 0j 0j
4 29 0j 0j 0j
4 30 0j 0j 0j
4 31 0j 0j 0j
5 0 0j 0j 0j
5 1 0j 0j 0j
5 2 0j 0j 0j
5 3 0j 0j (2+0j)
5 4 0j 0j 0j
5 5 0j 0j (-2+0j)
5 6 0j (1+0j) (2+0j)
5 7 0j 0j 0j
5 8 0j 0j 0j
5 9 0j 0j (2+0j)
5 10 0j 0j 0j
5 11 0j 0j 0j
5 12 (1+0j) 0j 0j
5 13 0j 0j 0j
5 14 0j 0j 0j
5 15 0j 0j 0j
5 16 0j 0j 0j
5 17 0j 0j (2+0j)
5 18 0j 0j 0j
5 19 0j 0j 0j
5 20 0j 0j 0j
5 21 0j 0j 0j
5 22 0j 0j 0j
5 23 0j 0j 0j
5 24 0j 0j 0j
5 25 0j 0j 0j
5 26 0j 0j 0j
5 27 0j 0j 0j
5 28 0j 0j 0j
5 29 0j 0j 0j
5 30 0j 0j 0j
5 31 0j 0j 0j
6 0 0j 0j 0j
6 1 0j 0j 0j
6 2 0j 0j 0j
6 3 0j 0j (2+0j)
6 4 0j 0j 0j
6 5 0j (1+0j) (2+0j)
6 6 0j 0j (-2+0j)
6 7 0j 0j 0j
6 8 0j 0j 0j
6 9 0j 0j 0j
6 10 0j 0j (2+0j)
6 11 0j 0j 0j
6 12 0j 0j 0j
6 13 0j 0j 0j
6 14 0j 0j 0j
6 15 0j 0j 0j
6 16 0j 0j 0j
6 17 0j 0j 0j
6 18 0j 0j (2+0j)
6 19 0j 0j 0j
6 20 (1+0j) 0j 0j
6 21 0j 0j 0j
6 22 0j 0j 0j
6 23 0j 0j 0j
6 24 0j 0j 0j
6 25 0j 0j 0j
6 26 0j 0j 0j
6 27 0j 0j 0j
6 28 0j 0j 0j
6 29 0j 0j 0j
6 30 0j 0j 0j
6 31 0j 0j 0j
7 0 0j 0j 0j
7 1 0j 0j 0j
7 2 0j 0j 0j
7 3 0j 0j 0j
7 4 0j 0j 0j
7 5 0j 0j 0j
7 6 0j 0j 0j
7 7 0j (1+0j) (2+0j)
7 8 0j 0j 0j
7 9 0j 0j 0j
7 10 0j 0j 0j
7 11 0j 0j (2+0j)
7 12 0j 0j 0j
7 13 0j 0j 0j
7 14 0j 0j 0j
7 15 0j 0j 0j
7 16 0j 0j 0j
7 17 0j 0j 0j
7 18 0j 0j 0j
7 19 0j 0j (2+0j)
7 20 0j 0j 0j
7 21 0j 0j 0j
7 22 0j 0j 0j
7 23 0j 0j 0j
7 24 0j 0j 0j
7 25 0j 0j 0j
7 26 0j 0j 0j
7 27 0j 0j 0j
7 28 (1+0j) 0j 0j
7 29 0j 0j 0j
7 30 0j 0j 0j
7 31 0j 0j 0j
8 0 0j 0j 0j
8 1 (1+0j) 0j 0j
8 2 0j 0j 0j
8 3 0j 0j 0j
8 4 0j 0j (2+0j)
8 5 0j 0j 0j
8 6 0j 0j 0j
8 7 0j 0j 0j
8 8 0j 0j (2+0j)
8 9 0j 0j 0j
8 10 0j 0j 0j
8 11 0j 0j 0j
8 12 0j 0j 0j
8 13 0j 0j 0j
8 14 0j 0j 0j
8 15 0j 0j 0j
8 16 0j (1+0j) (2+0j)
8 17 0j 0j 0j
8 18 0j 0j 0j
8 19 0j 0j 0j
8 20 0j 0j 0j
8 21 0j 0j 0j
8 22 0j 0j 0j
8 23 0j 0j 0j
8 24 0j 0j 0j
8 25 0j 0j 0j
8 26 0j 0j 0j
8 27 0j 0j 0j
8 28 0j 0j 0j
8 29 0j 0j 0j
8 30 0j 0j 0j
8 31 0j 0j 0j
9 0 0j 0j 0j
9 1 0j 0j 0j
9 2 0j 0j 0j
9 3 0j 0j 0j
9 4 0j 0j 0j
9 5 0j 0j (2+0j)
9 6 0j 0j 0j
9 7 0j 0j 0j
9 8 0j 0j 0j
9 9 (1+0j) 0j (-2+0j)
9 10 0j 0j (2+0j)
9 11 0j 0j 0j
9 12 0j 0j (2+0j)
9 13 0j 0j 0j
9 14 0j 0j 0j
9 15 0j 0j 0j
9 16 0j 0j 0j
9 17 0j 0j (2+0j)
9 18 0j (1+0j) 0j
9 19 0j 0j 0j
9 20 0j 0j 0j
9 21 0j 0j 0j
9 22 0j 0j 0j
9 23 0j 0j 0j
9 24 0j 0j 0j
9 25 0j 0j 0j
9 26 0j 0j 0j
9 27 0j 0j 0j
9 28 0j 0j 0j
9 29 0j 0j 0j
9 30 0j 0j 0j
9 31 0j 0j 0j
10 0 0j 0j 0j
10 1 0j 0j 0j
10 2 0j 0j 0j
10 3 0j 0j 0j
10 4 0j 0j 0j
10 5 0j 0j 0j
10 6 0j 0j (2+0j)
10 7 0j 0j 0j
10 8 0j 0j 0j
10 9 0j 0j (2+0j)
10 10 0j 0j (-2+0j)
10 11 0j 0j 0j
10 12 0j 0j (2+0j)
10 13 0j 0j 0j
10 14 0j 0j 0j
10 15 0j 0j 0j
10 16 0j 0j 0j
10 17 (1+0j) (1+0j) 0j
10 18 0j 0j (2+0j)
10 19 0j 0j 0j
10 20 0j 0j 0j
10 21 0j 0j 0j
10 22 0j 0j 0j
10 23 0j 0j 0j
10 24 0j 0j 0j
10 25 0j 0j 0j
10 26 0j 0j 0j
10 27 0j 0j 0j
10 28 0j 0j 0j
10 29 0j 0j 0j
10 30 0j 0j 0j
10 31 0j 0j 0j
11 0 0j 0j 0j
11 1 0j 0j 0j
11 2 0j 0j 0j
11 3 0j 0j 0j
11 4 0j 0j 0j
11 5 0j 0j 0j
11 6 0j 0j 0j
11 7 0j 0j (2+0j)
11 8 0j 0j 0j
11 9 0j 0j 0j
11 10 0j 0j 0j
11 11 0j 0j (-2+0j)
11 12 0j 0j 0j
11 13 0j 0j (2+0j)
11 14 0j 0j (2+0j)
11 15 0j 0j 0j
11 16 0j 0j 0j
11 17 0j 0j 0j
11 18 0j 0j 0j
11 19 0j (1+0j) (2+0j)
11 20 0j 0j 0j
11 21 0j 0j 0j
11 22 0j 0j 0j
11 23 0j 0j 0j
11 24 0j 0j 0j
11 25 (1+0j) 0j 0j
11 26 0j 0j 0j
11 27 0j 0j 0j
11 28 0j 0j 0j
11 29 0j 0j 0j
11 30 0j 0j 0j
11 31 0j 0j 0j
12 0 0j 0j 0j
12 1 0j 0j 0j
12 2 0j 0j 0j
12 3 0j 0j 0j
12 4 0j 0j 0j
12 5 (1+0j) 0j 0j
12 6 0j 0j 0j
12 7 0j 0j 0j
12 8 0j 0j 0j
12 9 0j 0j (2+0j)
12 10 0j 0j (2+0j)
12 11 0j 0j 0j
12 12 0j 0j (-2+0j)
12 13 0j 0j 0j
12 14 0j 0j 0j
12 15 0j 0j 0j
12 16 0j 0j 0j
12 17 0j 0j 0j
12 18 0j 0j 0j
12 19 0j 0j 0j
12 20 0j (1+0j) (2+0j)
12 21 0j 0j 0j
12 22 0j 0j 0j
12 23 0j 0j 0j
12 24 0j 0j (2+0j)
12 25 0j 0j 0j
12 26 0j 0j 0j
12 27 0j 0j 0j
12 28 0j 0j 0j
12 29 0j 0j 0j
12 30 0j 0j 0j
12 31 0j 0j 0j
13 0 0j 0j 0j
13 1 0j 0j 0j
13 2 0j 0j 0j
13 3 0j 0j 0j
13 4 0j 0j 0j
13 5 0j 0j 0j
13 6 0j 0j 0j
13 7 0j 0j 0j
13 8 0j 0j 0j
13 9 0j 0j 0j
13 10 0j 0j 0j
13 11 0j 0j (2+0j)
13 12 0j 0j 0j
13 13 (1+0j) 0j (-2+0j)
13 14 0j 0j (2+0j)
13 15 0j 0j 0j
13 16 0j 0j 0j
13 17 0j 0j 0j
13 18 0j 0j 0j
13 19 0j 0j 0j
13 20 0j 0j 0j
13 21 0j 0j (2+0j)
13 22 0j (1+0j) 0j
13 23 0j 0j 0j
13 24 0j 0j 0j
13 25 0j 0j (2+0j)
13 26 0j 0j 0j
13 27 0j 0j 0j
13 28 0j 0j 0j
13 29 0j 0j 0j
13 30 0j 0j 0j
13 31 0j 0j 0j
14 0 0j 0j 0j
14 1 0j 0j 0j
14 2 0j 0j 0j
14 3 0j 0j 0j
14 4 0j 0j 0j
14 5 0j 0j 0j
14 6 0j 0j 0j
14 7 0j 0j 0j
14 8 0j 0j 0j
14 9 0j 0j 0j
14 10 0j 0j 0j
14 11 0j 0j (2+0j)
14 12 0j 0j 0j
14 13 0j 0j (2+0j)
14 14 0j 0j (-2+0j)
14 15 0j 0j 0j
14 16 0j 0j 0j
14 17 0j 0j 0j
14 18 0j 0j 0j
14 19 0j 0j 0j
14 20 0j 0j 0j
14 21 (1+0j) (1+0j) 0j
14 22 0j 0j (2+0j)
14 23 0j 0j 0j
14 24 0j 0j 0j
14 25 0j 0j 0j
14 26 0j 0j (2+0j)
14 27 0j 0j 0j
14 28 0j 0j 0j
14 29 0j 0j 0j
14 30 0j 0j 0j
14 31 0j 0j 0j
15 0 0j 0j 0j
15 1 0j 0j 0j
15 2 0j 0j 0j
15 3 0j 0j 0j
15 4 0j 0j 0j
15 5 0j 0j 0j
15 6 0j 0j 0j
15 7 0j 0j 0j
15 8 0j 0j 0j
15 9 0j 0j 0j
15 10 0j 0j 0j
15 11 0j 0j 0j
15 12 0j 0j 0j
15 13 0j 0j 0j
15 14 0j 0j 0j
15 15 0j 0j (2+0j)
15 16 0j 0j 0j
15 17 0j 0j 0j
15 18 0j 0j 0j
15 19 0j 0j 0j
15 20 0j 0j 0j
15 21 0j 0j 0j
15 22 0j 0j 0j
15 23 0j (1+0j) (2+0j)
15 24 0j 0j 0j
15 25 0j 0j 0j
15 26 0j 0j 0j
15 27 0j 0j (2+0j)
15 28 0j 0j 0j
15 29 (1+0j) 0j 0j
15 30 0j 0j 0j
15 31 0j 0j 0j
16 0 0j 0j 0j
16 1 0j 0j 0j
16 2 (1+0j) 0j 0j
16 3 0j 0j 0j
16 4 0j 0j (2+0j)
16 5 0j 0j 0j
16 6 0j 0j 0j
16 7 0j 0j 0j
16 8 0j (1+0j) (2+0j)
16 9 0j 0j 0j
16 10 0j 0j 0j
16 11 0j 0j 0j
16 12 0j 0j 0j
16 13 0j 0j 0j
16 14 0j 0j 0j
16 15 0j 0j 0j
16 16 0j 0j (2+0j)
16 17 0j 0j 0j
16 18 0j 0j 0j
16 19 0j 0j 0j
16 20 0j 0j 0j
16 21 0j 0j 0j
16 22 0j 0j 0j
16 23 0j 0j 0j
16 24 0j 0j 0j
16 25 0j 0j 0j
16 26 0j 0j 0j
16 27 0j 0j 0j
16 28 0j 0j 0j
16 29 0j 0j 0j
16 30 0j 0j 0j
16 31 0j 0j 0j
17 0 0j 0j 0j
17 1 0j 0j 0j
17 2 0j 0j 0j
17 3 0j 0j 0j
17 4 0j 0j 0j
17 5 0j 0j (2+0j)
17 6 0j 0j 0j
17 7 0j 0j 0j
