1.5071675729115177   0.7499684486047625
2.2519772614928324   2.251927781085974
0.027063766683143857   0.7542107062650014
1.4826491795465193   0.7498698733122816
2.267643525126837   2.2675326590800373
-0.008993034286285081   0.7532871201928857
1.5059679461574709   0.7499594608539208
2.2446386404011545   2.243606255015415
-0.0006375223099562011   0.732925121819157
1.4978681523567703   0.7499634776479189
2.2610258199665734   2.2609760606109472
0.0007907964043164985   0.754316481931997
1.4709897962410436   1.124827206853832
2.2791459674896783   3.3953173876039004
-0.01317079027444952   1.1248401806958963
1.5134700939199208   0.7498411587309461
2.267301038062284   2.2671362255465994
0.025457241720217433   0.7404542521262523
1.4907780343043073   0.7499049685836398
2.2615367084119504   2.2613838354770746
-0.006541575158213665   0.7385888179014402
1.4916114531947242   0.7499448448675365
2.252646507042809   2.252129243677467
-0.0041047090725704755   0.7592926268506774
1.5106823787531454   0.7498557163557678
2.2570425207276337   2.257007652816815
0.001486528749288423   0.7653227855683982
1.4903613248590988   1.1248674219464339
2.2659818090965214   3.38976210526571
-0.00776000820103526   1.1130591790894695
1.500741473059812   0.7499725719720007
2.2606277805239743   2.2601595492664805
0.022244191794364793   0.7465393036921668
1.5021504303874198   0.7496747366663303
2.2644322639787156   2.264269303671804
-0.00878313442873653   0.7344610123069257
1.4855937620002875   0.7499124969838624
2.2190509580276507   2.2185617394587087
0.0015729505316014539   0.7431137490755703
1.5058177479639687   0.7498554476436745
2.238627844132789   2.2384605226585403
0.005773846636600848   0.7466903202267668
1.510428764580986   1.1245715450788785
2.2871229169542477   3.384977064454432
-0.013961176908905523   1.1038547026525496
1.5185368264953039   0.7498793227854952
2.2675481957488874   2.267036959298273
0.032871972318339014   0.756581321720628
1.4862930209808716   0.7499321046483158
2.2357388451379125   2.2356233906306553
-0.00957193630378781   0.7267428294765843
1.484529301340432   0.7499124794281555
2.228022755307167   2.2274838402462875
-0.000746509864277281   0.7477070711660562
1.5082946207684012   0.7499571293696249
2.2097003844322565   2.2084541451046666
-0.010504452496710795   0.7477265334020622
1.4871748808010914   1.1248932506674336
2.239596890053285   3.351400198349891
-0.013984649523543075   1.0953553046372444
1.4604547701433512   0.7489237706073677
2.190434997528423   2.1887508921744967
0.07352941176470576   0.715428818586258
1.4568277016412912   0.7486092977187955
2.214847882212706   2.2132589578155377
0.034208797004147855   0.71823916178214
1.4953552189611885   0.7499729794988033
2.254640903649513   2.254628227510786
-0.005349200392055185   0.7629677260104537
1.4886221762595229   0.7498506413034403
2.2160150874675724   2.2155908033492455
0.022578654885515297   0.7637913850039313
1.4375639429813425   1.1232548670231952
2.194951371494302   3.3302307541471188
0.053987795702249375   1.0885408837302883
1.4929560059317843   0.7499539251890457
2.235664854176965   2.235574689880023
0.02978250123578846   0.7483715295603279
1.5063249357096509   0.7499669746674222
2.2412847715635356   2.2410812426411355
-0.012159764183411866   0.7315468091674064
1.5120471783235545   0.7497216052686173
2.209395187839058   2.2086971878153414
-0.0043667544568620625   0.7667807143006881
1.5110565380985588   0.749926700633119
2.2529158123761914   2.252281298502298
-0.020065345312460445   0.7427131802945932
1.503463814402699   1.1248891196514321
2.257229563425774   3.353525850255255
-0.016056269046686767   1.10612869003443
1.4985170538803756   0.7499293529746521
2.2344290657439445   2.2341718287152026
0.02558082056351957   0.7515700407987336
1.498544283616954   0.7499967389987106
2.2573499515882776   2.257261115088096
0.01950673016162978   0.7525033480721743
1.4945154690309446   0.7499322141898306
2.2439555015514836   2.243752674705955
0.01354567071880406   0.7424162562929257
1.500189009944268   0.7499586900586213
2.242924158323199   2.242760121870874
0.007368650085291953   0.7586091508547902
1.5005586909099589   1.1249789772958458
2.2640471766066748   3.382514562536609
0.022487259883042638   1.1262332491634495
1.4515570934256055   0.7487784753632778
2.1859861591695497   2.1795121060840374
0.45736529906080087   0.4726014617123056
1.467587125676281   0.7488909020231349
2.147554842981403   2.137933836767524
0.4543761145074696   0.46692750631733265
1.5141420139133723   0.7499152782193893
2.2564441433365428   2.256383826218286
0.48627157506302854   0.49849455397505577
1.5174369782044181   0.7497220968858092
2.2650687052836833   2.2647285634097645
0.5149400989647505   0.49521627630280796
1.4443096815577352   1.123592447083766
2.0931101928038327   3.2365132525139764
0.43842838422969016   0.7082830213904298
