Job pending
Job completed
Job pending
Job completed
Job pending
Job completed
1.8954522985664854   0.008549070501402765
3.393351458230351   0.014876749797199147
-1.2486406327236776   0.005334154701260222
Job pending
Job completed
Job pending
Job completed
Job pending
Job completed
1.94764723368963   0.008245144312456671
3.5871066822870374   0.01432602888535401
-1.3491376213058002   0.004202455712141672
Job pending
Job completed
Job pending
Job completed
Job pending
Job completed
1.8718228600824696   0.00873577333774349
3.360864774131285   0.015005073935119394
-1.179013358784963   0.005937972911627719
Job pending
Job completed
Job pending
Job completed
Job pending
Job completed
1.835297588041493   0.008934484404856384
3.2102753591059345   0.015474276082723167
-0.9825687630849624   0.007261016373542963
1.9855594204932103   0.012490373725006712
3.7002276363649136   0.021658804590472362
-1.4341997525662187   0.0067375628680840195
Job pending
Job completed
Job pending
Job completed
Job pending
Job completed
1.9052150271873454   0.00869883518005961
3.411023232822541   0.015106171224297823
-0.4185615422639644   0.009208664959788265
Job pending
Job completed
Job pending
Job completed
Job pending
Job completed
1.9355393207043652   0.00909039314603711
3.530561462467973   0.01584276905995815
-0.5074989558629194   0.009054551073610093
Job pending
Job completed
Job pending
Job completed
Job pending
Job completed
1.852454664027758   0.009350325310877303
3.329614339309337   0.016151223494188294
-0.48181576884073074   0.009102894281722193
Job pending
Job completed
Job pending
Job completed
Job pending
Job completed
1.7841840514757912   0.009430911436550999
3.134812936846428   0.01631313376337897
-0.39135575695218017   0.009284086516982
1.9770816490426688   0.013700572760265713
3.631035024047291   0.02384126719849476
-0.5203405493740136   0.013593912412443164
Job pending
Job completed
Job pending
Job completed
Job pending
Job completed
1.8892733564013842   0.008718234253255098
3.425234799802274   0.015417659332086218
0.5841571922886801   0.008859723457742606
Job pending
Job completed
Job pending
Job completed
Job pending
Job completed
1.8990521563017637   0.008472498229091104
3.4818544564670435   0.01444784548267613
0.6339482444124643   0.008722978890961557
Job pending
Job completed
Job pending
Job completed
Job pending
Job completed
1.8022133422350035   0.008954781937333045
3.2580273566412634   0.015201639762188966
0.5085965726571088   0.009050840322178498
Job pending
Job completed
Job pending
Job completed
Job pending
Job completed
1.6841660466798953   0.009341289027060986
2.971759427917345   0.01590026880458639
0.4018177173878714   0.009273910365649528
1.9474715633351438   0.012829318270697141
3.5937680063799338   0.021860216793892405
0.6966240802901421   0.013166433694246572
Job pending
Job completed
Job pending
Job completed
Job pending
Job completed
1.9258526940187841   0.008781338776437306
3.506302521008403   0.015154270047469595
1.1793129016312407   0.005944475847047486
Job pending
Job completed
Job pending
Job completed
Job pending
Job completed
1.9211763747413495   0.008356612057159018
3.561137171910427   0.0144832890457352
1.3503502080574397   0.0041902601824667
Job pending
Job completed
Job pending
Job completed
Job pending
Job completed
1.8587390411739375   0.008760001340245759
3.3549395958354817   0.015161136703471573
1.1894725247074338   0.005852954168702382
Job pending
Job completed
Job pending
Job completed
Job pending
Job completed
1.7880054051328156   0.00907169655012802
3.1763760243378076   0.015697258464914793
0.9874845132379332   0.007200330277327581
1.9523950415250555   0.012635765406510213
3.6642359599478995   0.021894395483036892
1.4307890497324425   0.0067010637702589705
0.17095428645710248
3.8184738946517505
-1.8587090471392955
1.5546243878255925
-1.296837204169877
0.8784309898925289
0.7271694241248408
1.1546835318557522
1.3809476500416422
1.7281524576374927
2.077883539921418
-2.435594965905577
-0.2953063526503276
0.020778106713486358
2.1207118601208745
-0.7519720686891384
-1.5324279976399597
-2.6444255614861625
0.3707540806313839
0.305428948469871
-1.5961073533175587
2.0670883873553962
0.7299359168550076
2.4536769110929506
-3.422151133558967
-2.0873438495584935
0.12588904379174873
-3.0279856235561544
-2.3646737375491895
-0.5919473646962436
-1.2323944951664074
-3.365736760782089
1.6238915359351358
-2.394525844144198
-1.966009354070649
0.8620514159395769
-2.1186126192246992
-3.0701968578409704
0.967527152539746
0.08852194897715257
-0.7837895389819313
0.6518778748149779
-1.6532614773292569
-2.672130095162628
1.9396626650996667
-2.4935735776992645
-1.1205809287149855
0.6455663048348529
1.0652617019630974
-0.24358570515410496
1.9707596475665852
-0.06296202237830056
0.170499921930914
3.0465529849965205
1.2675267342715384
-0.8002847317105418
1.482177816838781
1.1789025425668012
-1.853304129127731
-2.4491382702657254
1.1584898440856457
-1.1041674613299783
-0.38240711856142984
-2.138048682464353
-0.7115885317044751
0.07572536227628175
1.9879969968481448
0.6894703568505061
0.42815750221531657
0.3843697334133786
2.479340362960008
2.0941376885540364
-0.458141203242697
2.2701356274703253
3.3676605990251613
-3.100373892187601
1.1285257538576063
-1.1371836501165635
0.16843431347707022
0.4308503316179948
0.3832417706887022
4.110254950584983
2.574144318225801
2.638764572041989
0.760854243832248
3.188652069258061
1.0672645112939256
3.1674805615874835
-0.04782841687658777
0.3077667201115273
-1.086886360419876
0.0490255356846027
0.3700850431022014
2.4753277599726786
0.9156641936061384
-0.32509627060393254
-2.1119364227945496
1.6203652196237797
-2.883051658460368
1.2130311209004987
1.2417526970061856
-3.021082059879225
-3.7125769122515613
1.909753719846431
