0.2042758279782501   0.190342802091323
0.9314137419673747   0.35134644128361703
-0.38111715274345037   0.1512153609662876
0.09120650908020378   0.0884209733849903
0.8567994516912054   0.20960384823837142
-0.46264702921645645   0.07168023671057568
-0.008154243754555257   0.17594048190926045
0.7607540841784225   0.4040005376227094
-0.4834814458046731   0.1315316030355721
0.21589223924864065   0.20033249917105048
0.9692288680177952   0.42201991726875976
0.448344043499753   0.1409302780749996
0.10300598042439374   0.09945056543120154
0.8574024708735771   0.2108259968376591
0.4530253245949135   0.09585455859199471
0.0011005370296931494   0.19316215960650693
0.7674369515141028   0.40021953890098466
0.48581376583494673   0.17253493778058787
1.9086752347998022   0.6933608014750781
1.038185862580326   0.5476871391748233
-0.4070687098368759   0.14287143719690196
1.9366377995991308   0.6861339055840506
0.8717882838931563   0.23861822434958485
-0.4461987279869405   0.08604090037356378
1.982750110218589   1.0352028602143006
0.7725191073738231   0.44970682849065147
-0.47467087224464616   0.15467429777616676
1.948344043499753   0.6786585690657293
1.1197478991596643   0.6926793921313691
0.5114928324270884   0.1371640097113545
1.956842838898354   0.6803875395507885
0.8461540332598252   0.18909816689921632
0.45396025682797714   0.08898099786944286
1.9941198414804693   1.0257731851916976
0.7269843704425357   0.39421864115711136
0.4889073275709638   0.16625774661266618
1.9173257538309445   0.5670280375533076
3.4101581809194266   2.0500254854638786
-1.2718734552644586   0.2835984179953276
1.9828613660107788   0.5295967280382747
3.637899517743988   1.6898222909469656
-1.3961080593832544   0.17394104608845856
2.023934223372267   0.8100300187799409
3.7252703714311237   2.627083818301629
-1.4887815312311286   0.33204636964116635
1.9201680672268906   0.5953163984910064
3.4756549678695006   2.1201744691363213
-0.4434008897676717   0.22319298165022167
1.9526520279523571   0.6339963373841251
3.631994835325406   2.605519575770802
-0.4879810360923146   0.7799992045361231
1.982332930880266   0.9571246882300177
3.747431336931389   3.9164118478669616
-0.5319600829038021   1.1850034870972985
1.940311418685121   0.6280652043027672
3.526569451309936   2.4145136173744888
0.4499505684626792   0.37651136681010694
1.9468726816598547   0.5707795853703043
3.6238770343482445   2.0499379206997257
0.4709860855100777   0.9427840734384788
1.9831047313326544   0.8705858246034341
3.729748904522644   3.1311121715346326
0.5074011897658155   1.4133696663787076
1.942165101334651   0.5460502234681782
3.606648541769649   1.8062866506260553
1.3869253583786454   0.16850428854627542
1.9810081923431075   0.540579360915846
3.61330273434673   1.7186521186225208
1.4138061410145077   0.13156428342272253
2.0306425187267667   0.826247915647551
3.6849595754163924   2.668490371978209
1.494257870400605   0.25087159411450455
0.08224727912740518
0.06382022702039282
-2.9068893250229935
2.2811930550556747
1.828643876790844
-0.3756331435807837
-2.4455932691092257
2.2021316240159656
0.7020847908147916
0.0019292171319333366
-1.3042184305236006
-3.1813283186233803
-1.76576938294699
0.024641533939346077
0.8107570831348148
-1.5026939122183265
2.3775030088961366
0.7897380634475926
1.195788883656035
1.1094930710756385
-1.622787007758348
0.8481186236301105
1.8526562524908339
-1.5325879358697796
1.611098756090273
-1.5601945345660055
0.09664025899388874
1.1773776967467668
0.7173321568163032
0.3903177787494543
-2.807866896882304
-0.9976230572663547
0.5939641153252793
1.7467199075615525
-0.6221630053989182
-0.21891222241337957
0.011808873982712896
1.1434554000653607
-2.2593735220164652
0.02279659724154094
0.44420271713408604
1.5049001984327783
0.07555258117491455
1.1413225464227912
-3.4108048045264585
-2.2848765810339953
2.8922547564505487
1.672535172748019
-0.36332020266031617
-0.7900626484539583
-1.9188201702790593
0.08598514694112862
0.08792249853330296
2.5503959902917726
-0.6264330858158796
-1.8744908355134204
-2.3452422348433553
-0.6637014646591287
-1.8486720588455576
-3.3472955235888606
-0.924121152303415
0.19274728901188717
-0.5736602137605485
1.8370017870001976
-0.5582370138914012
0.019173801335906016
-2.630857368712405
0.8168566949758426
-1.9797405800966994
0.06546772536475089
-2.9278138628658272
-2.0689323403906883
0.42473541444892954
-3.827975387246391
-3.087328531020812
0.44146483043529233
1.0252166201632082
0.3233684143230087
0.13484385205333962
-0.9927323603161358
-0.1629537732163
0.19982581319333098
-1.2334275329794264
-0.05217938914498404
2.49611254066381
-0.38598774194584695
-0.048228827568541965
-3.6592902853921228
1.0925076082815965
0.5517648858007107
-1.2508263359599952
0.019261485514111432
0.3954011418711094
3.1166612360306725
-2.994177172407903
0.7107702272505185
0.774453823066937
2.9434281147155934
1.7082036083804886
1.7363399121680771
2.272090677997173
0.8738839291309497
0.9550760217147695
0.18129919304933503
0.14519849767710846
0.18394968916606613
0.3680235879247344
-1.2142067293649046
1.058386729232007
-1.9743557260527125
-1.2651355327853544
-2.1531513696789175
1.2783172737585589
1.498311032720882
0.7000653404609718
-2.2312750016378513
-3.277063245517094
0.014104480338635862
-2.2085051697889178
-1.8804895322169928
-2.0734294901546493
-2.3043536504195568
1.5493351635406782
-1.9541635490150109
-1.6156845314910695
2.1260311480820606
1.1579204292466814
1.704840939160803
-1.6586254085074348
1.4515114740768895
0.06494920378084065
1.1715290939155825
-1.7235004688648443
-2.302201942222724
2.7818977034527035
2.889482925070282
-0.9264700938119166
0.10251675891733443
3.0934173022397498
-3.9705450946144096
0.8454305770422662
-2.4667065436024873
0.12481735245842937
0.01407253799897812
2.1296929253975336
-0.613405218453964
0.24870670153696456
-0.47191783332539977
2.4255778444517793
-2.1507098841520995
-2.3489817654923355
0.6387576243243075
-1.4526794472227627
-0.7651139203385853
-0.45287165145357844
2.424116010723356
0.05663719792822459
-2.147768287704572
-1.3998640322708193
-2.0245305700380998
-0.6245944913238565
-0.8562844334971546
-2.0936569478305818
-0.5831666840882748
-2.0762984773162665
4.0414256379577855
-0.5530911934499882
1.3443368647483043
1.9444850704370877
0.00931429984558489
2.6506046013180775
-2.8037539881116467
1.0144184150447264
-2.320378929901484
-1.4309198011919326
1.6663075567751697
-0.6136318568504359
-2.8993148611104385
1.9384748035036978
1.819559808271481
0.8237990037380782
1.4833479480645528
0.033825355910734
1.2780604462952878
2.616580591708919
-0.4555964968177059
-1.3430348454426022
-1.5536427170741538
1.2682763470405232
0.9729395319902641
0.27264449386280587
-1.8397050384845999
-0.010103441673831273
1.7646597136539186
-1.3641387825814573
0.01892945923899371
-2.286664119321618
0.5105444964623235
-1.6032346244652318
-3.347981613199917
2.298644908186326
2.478152922757399
-2.95006419130651
-1.666059887341241
0.5993064587294922
-2.2000446707007835
1.197817694042632
-1.701470378935631
