0.21885813148788935   0.20283452786773165
0.9499505684626791   0.386288954824755
-0.40929312901631243   0.12795614887518209
0.12615682452751498   0.12084811176528522
0.8815582847565578   0.2571849894189343
-0.4382327971019166   0.09860026208923457
0.015541278088841398   0.2278368236384561
0.7773251112609512   0.48185700823266964
-0.4710769591499189   0.1780588228785457
0.19191794364804782   0.1796294082460992
0.9506920415224921   0.38763268384903327
0.4248640632723677   0.141413414541473
0.1133119397167337   0.1090056003885689
0.8590476278868933   0.21408720665845155
0.4483828031194687   0.08699538351720063
0.0134387124683088   0.2062867074392258
0.7562002596820663   0.4166203666227832
0.4827475559825297   0.1615541658009401
1.9388284725654967   0.6856838247206068
1.007785467128028   0.4930361519735108
-0.43314384577360365   0.13183771880419173
1.9422921947766687   0.6847644465310018
0.8834157366480041   0.26087000079863254
-0.4496593036770844   0.09166655945667757
1.9781009276109174   1.0319602345562875
0.769311493767834   0.49597631737917725
-0.4720878403022001   0.16465030249477447
1.9186851211072664   0.6914866699783924
1.0238507167572908   0.5219789523788347
0.43203163618388535   0.1691321552028098
1.9337983147426652   0.6872233988379463
0.8820186257890579   0.2580946714134592
0.43564698857158657   0.09234253887065952
1.9594161972176036   1.034301031367908
0.784886334005429   0.4768816447377351
0.4590450107597837   0.17070876986080402
1.897058823529412   0.6229164625345355
3.1953781512605044   2.7102382170046933
-0.6702916460701928   0.44381340975225825
1.9623236660334196   0.5413619686714656
3.6098623641371574   1.7185690967354659
-1.3930632495304254   0.19604968856750224
2.005733318010728   0.8281339620728273
3.707778645048369   2.6520171469725398
-1.4806091478840513   0.35552773866484677
1.927212061295106   0.5616366279872421
3.494191794364805   2.1684559229757445
-0.4599604547701433   0.9894991581000403
1.9670937302606164   0.5881127514284481
3.6273752369574708   2.2610036733233656
-0.4677277177489126   0.5222459536185506
2.0010578036626723   0.8931838950364643
3.7301901411677783   3.430256059162962
-0.4884153512169931   0.7966551203370875
1.9524221453287194   0.5545852424014589
3.511739990113693   1.988350601791704
0.4551408798813642   0.1525847923130172
1.97191670918192   0.6251994705902677
3.632123342632395   2.569680336693085
0.47236402145039047   0.8381316439549295
2.012021851786457   0.9462433993752579
3.7504258035319857   3.8764485010687335
0.49949706353732465   1.2578219989745367
1.9467375185368265   0.5521540745343527
3.600716757291152   1.8562884954511014
1.3702422145328719   0.18064190870730543
1.9712116139922917   0.5465870460657075
3.6124551039146198   1.7353685178027836
1.3739297862267095   0.21052692239031
2.009261924952474   0.8332491389280934
3.719898921537087   2.67684879767658
1.4487127564543454   0.3677446299474261
0.09084278938524332
0.8684584331184708
-2.9632259595003814
-1.608057294951674
-2.509167592387828
-2.7103043412114336
-0.10172820863423643
0.6813531943504073
-3.2525676456697865
-0.07659671953487232
2.9001427474195203
0.06400253712025097
-1.6836153423679254
0.037729128955175405
1.7865861176614128
0.794320486058272
-3.103998428417589
3.035531055500358
-2.5963879309942888
0.13688385793025634
1.833052050597299
-2.3997965435860222
-1.4355840662039394
3.760678725540031
-1.8828905263452114
-2.693225346915686
0.08022502711648444
1.5420482330391205
2.534712235401174
-0.9288489127165886
-1.9671308855387513
1.1979911006917652
1.1841909813212301
0.5754100140050487
-0.6368381573964996
1.9200996795284726
-0.25815435321975094
2.9214484452650633
-2.261883102241257
0.02779038415066409
0.2609204361288386
1.439855911384834
-0.04538154566270787
-1.8490523779899057
3.2589897162084136
1.6277468079342539
2.131645424974511
0.7034708229205555
-2.9884875931165342
-0.7917634678912577
-2.395695184047551
2.9405127965216895
0.07542857362770049
1.5733628787660332
-3.6629945427165262
-3.4062736878476882
-1.317305359332684
-3.4417281399057584
0.8181978600825465
1.6506040961468265
-2.788161756022798
-0.7937564197490562
1.0419645847546344
-1.715807452655094
2.2635856757250767
0.019668891260599803
0.08319150315275646
-1.5614076299381423
-0.006110075063327331
-0.2501745358596141
1.03758914644918
0.5197554667850728
0.7199103559916742
-1.5822661322503309
2.306982522766256
2.8654599248466357
1.1087454532267964
-0.41336969388735584
0.07813331927519636
-1.7424794683836176
-1.8270382358412758
-3.012786027043265
1.118572487947856
1.3156233535992963
3.2203076706874376
-1.2933005590881246
0.8547754941553181
3.0846580411782716
3.171498317562527
1.0103114677819967
-3.157631788557996
0.018684436746770675
-1.2152042433821344
-1.0650519071646232
-1.263673415924993
3.405269855490416
-0.04150768458615552
1.1789991338225587
-2.3940480573027476
1.437997411666631
-0.9508145818774874
2.5574794547824324
2.2873500414842622
-3.38093748295732
1.0190540036490883
3.110001121423102
-1.6880907128007603
0.5888095150565213
2.9011990995822368
2.1841073177355685
2.8304826901898372
2.6025104790830564
-2.3693857162962084
-2.761198925822346
0.032944215875294044
-1.723011675662027
1.9735196403658777
0.01921755244385169
2.1741007464287714
-1.7482248140675323
1.537189970182576
-3.1016197142808353
2.516300295005606
0.5709783993332644
-1.204438656717715
1.0667146991028928
2.457479903702362
-2.5756710611920384
-0.8396962790965635
-2.352651760630095
0.0666598208589361
2.179151382511625
-1.1713875497555726
2.107271173892927
0.7999251624331777
-2.1295261218423716
1.634134099503825
3.583375774681579
-1.8257318731318588
3.6280243236470473
0.4487213480715034
-0.4896796194414229
-2.604545540431246
0.008919221835019753
0.1553591992429594
0.3200380106044946
-0.5064042844649278
0.5623613713432094
1.9605951738443266
0.5947139546108675
-1.6692425181483153
-0.41277192515469985
1.831555853426917
2.530202770905771
-2.3560025855273223
-1.1010102100028274
0.04787053738654026
2.812336793409244
2.117753853435602
3.4313555419547606
-3.293050356714569
0.5289644730970192
-2.721697786922999
-1.111006940676607
0.33062501860827037
0.050548787344796155
-0.9808507176974355
-1.448535625946232
-2.415129744708508
0.010025437497306713
2.9026587999058187
-1.2176494735089725
-2.9129488853620265
-2.6540260779540197
-0.5305242228050816
-0.9040256815931503
0.1382197955629756
2.109939692643609
1.4583039184048596
-1.3251174853808867
-0.6033983864598839
0.1312926480381384
0.0469444596483007
-3.1678738953604575
3.140278468354504
0.2615762069179413
-3.2053214060441677
-0.15626321544472632
-2.9123405010588685
3.5592948068981096
1.0637158569106935
-2.0111910585973423
-3.4039252067250687
-1.8588251765711588
-1.5157996885571274
0.02618785580719109
1.4588501295539864
-1.0394687769462763
-0.9144194983479798
1.4173806029838514
-0.20266798236637232
-2.788317297797854
-0.40302040947329976
4.06268874839628
-1.0592887224431131
-0.7989078930089708
0.8111412100325894
-1.1990450241413588
