0.1760998517053881   0.1657494821661618
0.9106524962926346   0.31254427274675395
-0.42511122095897175   0.11376883340350184
0.11294931163478733   0.10865793152599279
0.8483134214880654   0.19323299510206726
-0.46402534570699605   0.07026174148692343
0.29428867447249535   0.26531010835586677
1.0075391293615832   0.4918395482310076
-0.39210619143892417   0.19930861061047248
0.4642074843111562   0.3923210283281838
1.1819832945675328   0.7998479631460813
-0.34068639671641326   0.29741142017045025
0.02227963021593332   0.20214994149645768
0.7687005675513066   0.364501130935336
-0.499984922841032   0.1376543295112724
0.18190805734058374   0.17083076870072272
0.9286950074147302   0.34657549158478773
0.4620612951062778   0.09977172733534692
0.09710826087629298   0.09394396246719391
0.840321209503417   0.1778375188990873
0.4632548241604822   0.07539673802332916
0.27228814429026027   0.24752198408527987
1.0065702536937855   0.4906105880859892
0.4267812986359413   0.1484293607008722
0.422644008246856   0.36292220304105804
1.1586654034309052   0.7605800292516371
0.374205825632207   0.24643733216892208
0.009518319169309342   0.17931044910531235
0.7571966874082328   0.3449495456453564
0.4814915869227526   0.1313532627043795
1.9314137419673751   0.6879366187753342
0.8955758774097866   0.2836295723255718
-0.43030153237765706   0.09746540586517533
1.966844325389598   0.6759623830516971
0.8461081063852436   0.18907749290472037
-0.44671735005979285   0.07846470784227
1.8825784193749784   0.6996699853056437
0.991828869049973   0.46352217303503807
-0.40036691098942556   0.16065144732525824
1.8316340021004929   0.7123323138621975
1.116417079642606   0.6860493749852432
-0.35817736536672373   0.2350555315609245
2.008977278396908   1.0198704751410324
0.7732477250528789   0.35222740938965996
-0.4698925695949765   0.13824374663415206
1.9324023727137913   0.6874321324296053
0.9304251112209588   0.34976868826097507
0.4521749876421158   0.12339245183112935
1.9638000821184156   0.677620874084061
0.850118387807418   0.19687606160156573
0.46853184551785354   0.061592626622164554
1.9328496185856925   0.6871637604396642
1.0391122134641093   0.5498789414900005
0.4166026281253362   0.15523351835705157
1.835411559384691   0.7112389909356245
1.1828162031878193   0.8017952894946414
0.3743096037325094   0.23251194739710457
1.9792753138847772   1.0188170327149924
0.7556214749790724   0.3835648123744573
0.4944964542141122   0.11579916286696859
1.9391992090954027   0.5548906006530436
3.5181660899653977   1.8476952759528398
-1.3591201186356896   0.19493288868570022
1.9122608345392464   0.5602481815550706
3.508620525559466   2.0989290973100356
-1.3164302893266198   0.21832498200736325
1.8844962958326046   0.6035779985659517
3.342044062454687   2.2364907485954086
-1.2030407572976631   0.35433222017367416
1.8408279098001794   0.633062900975505
3.229511824688422   2.3543275078547032
-1.075755894571974   0.49766510518438745
1.9261431038925674   0.8512047265853262
3.591908757111855   3.182784058786397
-1.373125055341098   0.3614892825526226
1.9277063766683145   0.6024328569205007
3.563395946613939   2.1918693184580973
-0.4619377162629758   0.3996881879151009
1.9758192501520955   0.5700420868874008
3.665076648879084   1.87228423991976
-0.5084080254670252   1.286275757050583
1.9162284578393876   0.6094164169317594
3.538021041411975   2.0717598110226687
-0.48260347914816026   1.2460138625667945
1.8885894739518216   0.6361293803438118
3.4014187664914313   2.232035737360837
-0.42355853412897737   1.225178894611577
2.0056146463084494   0.8649067128421908
3.7286044526126383   2.858295252655367
-0.5213102986264577   1.9193481619549273
1.9451309935738998   0.51945175587027
3.612580326248146   1.9462609794579344
0.5142115669797331   1.6734263062033277
1.951510262067823   0.596483104990708
3.66113518924687   2.184944444924988
0.5296408845012467   0.3283676921476442
1.9112583604163453   0.6193780003333202
3.475099077373527   2.2950508006999746
0.48113014379850433   0.3588487675807255
1.847371625445166   0.6429826935639633
3.2985126752090412   2.3717635941207265
0.440812286105865   0.4026856415027701
1.971636212893562   0.900448381321715
3.7541532451835415   3.304943256331229
0.5538962548526178   0.5001718070797366
1.9646564508156206   0.5416856850617308
3.6602817597627277   1.7987968442007376
1.3939693524468613   0.17313713598608588
1.9666438105441921   0.5402035385469636
3.6380153957992416   1.7154070798427536
1.4150754023483343   0.13460253491186708
1.8806228180322675   0.5841356744108506
3.519049905055408   1.9659045670654267
1.2900515826651104   0.31503930342039654
1.8380149128887464   0.6300979069440555
3.352537501437851   2.1426183384957795
1.1774693454781964   0.45550114374029244
2.0096543068001544   0.8212883417864171
3.6974981411711587   2.635734991569799
1.477587312189946   0.24701299449493297
0.0552303661134714
-3.04593752516709
-1.0999545041238536
2.147086846740139
0.15926992203023227
-1.4990376114269057
1.0399565877648316
1.4964466800338807
-0.6708005112421193
2.258160818822587
1.4359345260930574
-1.68508802716998
-1.406492280105611
0.02191493354276245
-2.0044925838476026
2.8118758242288675
0.30310287527590585
0.7034309007102884
1.107046875908107
-1.7368842617378828
-2.9709351525212835
-1.0914160755582607
0.8529900061071951
0.9268784497645111
0.8277517533807621
-0.8942322216492022
0.05893724271715601
-2.2273270111371977
1.20403803203206
-0.02683929167683589
-2.829272708633473
2.54659490489541
-0.26385793758603604
-1.7308510168644424
-1.9681363484775953
-1.5886764594385707
2.9418815039984385
-2.9918529660540822
-0.5379745575775556
0.01809930251435437
-2.7809952090215337
4.024003683241795
2.892794338811379
-0.014163255062263583
-1.0330394386427684
2.199252195365764
-1.703321613260179
-1.760412029834082
-2.2810134253828473
1.2624846055570391
-1.8201430839906723
-1.0335967940132795
0.027938424504750054
-0.24929717373393834
-0.9347794046636677
-0.9109430552402371
-0.901770154728838
2.7416586932981803
-2.3973786360611404
0.6300367674833091
-2.7965343188271676
-0.27725139567188806
2.400752488815801
-3.6866963567573765
-0.6138656656406224
0.013283598688783066
0.17574901112886823
-3.198600363433317
0.987511835697064
0.8904037488165973
2.301227310848794
0.20915474851362573
2.6426764531381064
-0.9838408959088905
1.5899968045426647
-1.4611263017741496
0.7424704289178315
0.793099051004552
0.035418395935618234
-0.9744371143627523
1.3271286321955749
0.31853814856492585
-2.4709575055094075
1.6287063884669029
0.17479551770946364
-0.8635680119585825
1.3908327990124363
-2.316785295893569
3.034989922496252
1.1362964526850883
-3.1387587511861383
0.009575562160994075
1.4584012409047458
2.1344859713247466
-1.1840801233683595
2.5442126550539506
-2.865181560343591
-1.587036221333174
1.58240705556964
-0.12054045976140662
-1.0723493396724744
0.2596891271358562
-2.206966863538309
-0.37865203577557405
0.049035022109800555
1.5648633199353488
-2.7288007170461697
1.552438430059098
0.015048034777609043
3.2081089251437547
-2.1400857568066445
1.520577809188457
0.7245648277617294
1.5887297397076852
-2.9894268401234276
2.594777417460965
2.2985799282274715
0.08666209373190509
-1.9508029080853073
1.7495203007063567
2.7322815354972647
1.927906765661654
0.9911250530627183
-2.1528753812403116
-0.2062128096497599
-0.5222748974516306
-1.8023345268105802
-3.1548253268014665
1.4936932660897753
2.1173039281738633
0.03971305090324327
1.4668332944733842
-1.955577584478682
0.8818885921443174
-1.7510552593430841
2.5625637559942462
-1.184867075687382
1.3625341189060147
0.36120217104451185
-3.161189880869028
0.6364229723629903
-1.6328040181594514
-1.6956837294903624
0.004474103989651847
0.3861907631489496
-0.4172313163790018
0.8790781996410204
0.5016186100870939
-0.6839808437536367
-4.088817946026247
-1.8528742848808988
-0.5833573433956774
-2.433448629624996
-0.1691404012020206
1.2867469143235497
0.29403844780955013
0.01963396288700675
2.137396473013681
3.6328805802880884
-0.5167976455868913
-1.8170704401686717
1.6064739450267627
2.2198275829286698
-0.5756657080917272
1.8762321938873239
2.051813200693563
-0.533418590547695
-3.2314950702879086
0.07511219387316638
0.007604534816146981
0.6901226470874238
0.49074250332408764
-0.9063539421570636
0.9884883930785298
1.3656376397649768
2.3429690211186505
-1.9868249405385587
-0.057702318754653086
0.13778378327035873
-0.06382476053481262
2.769501130225308
-2.6429476058854813
0.023790210161003182
1.5387315522147578
-0.8725575922528738
0.3266264393075254
-1.5727671971030466
0.3318707893496554
-3.0564834173821307
-1.1101094254819615
0.05879976281360713
1.7510628565636934
-2.004065339665366
-1.217538190402991
-0.710183815563266
0.017345509723359926
0.37905421728528776
-1.0636278556615124
1.647181486846145
-1.0345624965514066
1.290188964536841
-0.11586274861412463
-4.486442342066506
1.1102572534359014
-2.7522600130059534
-1.5493130010207066
2.8073133764696676
1.8334810035435838
