1.0855165595650023   0.6469905588940237
2.0804498269896188   2.019800409477856
-0.0100098863074643   0.6829200691064131
1.6278931956386336   0.6224397495774572
3.0481124770831443   2.3457472748775228
-0.5160725596206878   0.2266224321598181
1.6449925544821733   0.9443337300922698
3.1009714927877883   3.5414293178740137
-0.5389082707598649   0.35808949903331466
1.700568462679189   0.7253595973296707
2.9558823529411766   2.548835878743926
-0.5137172516065249   0.42727105599007364
1.70094062778923   0.7064723954967946
2.8319931692932814   2.1674017391301956
-0.46082976918484475   1.133785327014623
1.7151523822053387   1.0642616871409385
2.8927839549032965   3.2853982440614917
-0.47458167818340624   1.6881499189947187
0.9524221453287198   0.6240320929918884
1.6066485417696492   1.4444778522033686
0.13840830449826977   0.40311204880893936
1.5812871274701101   0.6680058789959156
2.506311949914458   2.352398271953423
0.5657431929501836   0.48950937893233176
1.5890815963866807   1.008858083141385
2.5404317354647086   3.5255963039679177
0.6118006772457341   0.7531992167993773
1.804498269896194   0.6358059710755868
3.3159911023232818   2.310440927846815
-1.0897182402372714   0.5323609191284899
1.717082546735574   0.6595617195744119
3.1272761592199005   2.120383653679931
0.5507217325468639   0.8184317097661258
1.748452337852156   0.9984520049556342
3.19278023377239   3.2165407549889453
0.5787621161447224   1.2278027209874114
1.6564508156203663   0.7053930161521154
2.676347009391992   2.5573840771806378
0.3751853682649529   0.9265864090394961
1.5591299536067051   0.7086532744545961
2.59946187292628   2.0907137167906438
-0.15074849741812058   0.38734939373512384
1.5667132132133679   1.0667746883839926
2.642763477779148   3.1589669715944613
-0.15911355540281363   0.5997452662089472
1.7034107760751358   0.6467648427170584
2.706253089471083   2.4937935076330553
0.25432525951557095   0.6277309213935929
1.8218923686409667   0.6525182819487729
3.13971518627624   1.9821947392341794
-0.2112807213683347   0.39392005094602256
1.8576524446264226   0.9872012316743435
3.218080521788168   3.0426443593325416
-0.21814021646809223   0.6091867834657514
0.8356401384083043   0.595687806977055
1.8839594661393975   1.7126726530221288
0.10294117647058831   0.3350531389026199
1.396299544147604   0.6044443226501708
2.5366913957515935   2.063963777404658
0.5992534003461611   0.9012953127760739
1.3897885377769337   0.9170897719886371
2.588423939398604   3.1062964792391083
0.6332441370730395   1.3498387761444335
1.5921898171033115   0.7220284816552309
2.767301038062284   2.5284941169628854
-0.12951062778052397   0.675392098626546
1.9345579601736556   0.5721267344555632
3.533556807508246   2.0080980652715477
-0.34143516700604387   0.6986251713092271
1.9656349797433426   0.8695440345015343
3.617281122491306   3.0664132448300974
-0.37726975728165957   1.0473425484647465
3.084916456914538
[-1.96145374 -0.23554009  0.12438036 -2.4123471  -0.64320699  1.79843787
 -1.39730271 -2.75750221  1.78393089  1.29727923  3.13932735  1.70099686]
7.949612568481133
[-0.34487185 -1.49972564  1.93733223  2.02931048 -2.71925729 -2.74875872
  1.25178189  1.56889164 -2.90832387 -0.86021413 -1.98596649  1.32022229]
8.661441708782023
[ 1.32335554  0.60663018 -0.99293989  1.77522452  1.1091236  -1.26241666
  1.02507157 -2.3226319  -2.41777341  0.52152426 -1.69119326  2.40321719]
8.102572523993235
[ 1.05301280e+00 -1.60056928e+00 -2.99493761e+00 -1.75712288e+00
  1.33342551e+00 -1.03001157e+00  2.34354855e+00 -2.00236162e+00
 -4.45655597e-01 -2.53231984e+00  1.88925501e+00 -1.06146949e-03]
2.254548119878931
[-0.70140885 -1.10694115  0.29554585 -2.32106709 -1.8702789   1.69863447
 -1.63948412 -2.70263519  1.53507476 -1.56977768 -2.46386996 -1.03991371]
4.210727459970867
[ 1.46906174  0.94542183 -2.00570057  1.63900682 -1.84707881  3.09765398
  2.90803736  2.38249975 -3.06218833  1.66429711 -2.9555943   1.27172947]
8.92042385344123
[-0.44048141 -0.48874167  1.26139617  1.59513063  0.2995293   2.91718763
  0.21862907  0.49177115  0.92046932 -1.83913616 -3.01607931 -2.91298809]
5.744691097218172
[-1.7728319  -2.57798055  2.2126167   1.23550709  2.98816747 -1.09341851
 -0.58257967 -2.62266376 -3.13541313  2.01850679  3.07037656  1.2319151 ]
4.63855216419969
[ 2.73334639 -2.72350707 -3.05536428 -2.84167138  2.04488401 -1.73063015
  1.24851737 -2.93224454 -1.55650475  1.11133729  1.04860302  0.25416635]
3.294682243114373
[ 2.39542224  1.32255301  0.52490934  1.87988892  1.77832369  2.77934895
 -1.61742975  2.1995652   2.44121123 -1.42077604  1.18847589  1.60522429]
1.6804317238802713
[-2.93888573 -1.16644653  0.08103198  0.90812694  0.9419954   1.35563034
  0.57760281  0.7572578   3.02260829  2.76564861  0.31730164 -0.64945115]
0.4251972865224171
[-1.22633023  2.14319142  3.12716447 -1.57535374  1.44025335  3.03786621
  2.12570757  1.51852221 -2.2772214  -2.38967519  2.45300237 -1.05474886]
4.960871031701913
[ 2.16603644 -1.72665813  2.99434328 -0.11001709  1.62051704 -1.17252228
 -0.4442842   0.55045367  0.51997775 -1.1489759  -1.3730098   2.23307805]
1.841295172331775
[ 1.58389854  2.52716376  0.59488429  2.91022931 -1.78991425  1.89724967
  1.78802798  1.00680249  0.86881628 -1.57815581  0.98559111 -0.46618288]
3.7874717717333213
[-1.91392994  3.12359822  1.70100887  2.89141323 -3.08394997  1.84845304
 -3.06650841  1.31709621  0.47575714 -2.55822999  2.38605417  2.74974759]
3.3727072549387653
[ 1.83895537 -1.50672237  1.59852415 -0.0399809   0.18250092 -1.80088211
  0.08020073 -1.5606901   0.29334683 -0.05844584 -0.60212043 -2.40725751]
