COBYLA
1   -1.663
2   -2.8865
3   -0.3734999999999999
4   -2.4580000000000006
5   -2.6574999999999998
6   -2.5595
7   -2.8304999999999993
8   -1.5059999999999998
9   -3.077
10   -2.2555
11   -2.8614999999999995
12   -4.554
13   -3.4349999999999996
14   -4.643999999999999
15   -4.805
16   -5.244
17   -4.649000000000001
18   -4.912999999999999
19   -4.5155
20   -5.1895
21   -5.3525
22   -5.289
23   -5.560999999999999
24   -5.0969999999999995
25   -5.5
26   -5.493999999999999
27   -5.433
28   -5.0965
29   -5.748
30   -5.6865
31   -5.6875
32   -5.8645
33   -5.833000000000001
34   -5.8225
35   -5.891500000000001
36   -5.837
37   -5.756
38   -5.862
39   -5.9225
40   -5.866999999999999
41   -5.9479999999999995
42   -5.9045000000000005
43   -5.9235
44   -5.948
45   -5.8345
46   -5.911
47   -5.9145
48   -5.927499999999999
49   -5.9515
50   -5.922999999999999
51   -5.936499999999999
52   -5.9655000000000005
53   -5.952
54   -5.9665
55   -5.9785
56   -5.9565
57   -5.968500000000001
58   -5.945499999999999
59   -5.98
60   -5.977
61   -5.9830000000000005
62   -5.9864999999999995
63   -5.9895
64   -5.994
65   -5.994
66   -5.9915
67   -5.9879999999999995
68   -5.994000000000001
69   -5.9805
70   -5.990500000000001
71   -5.9895000000000005
72   -5.9895000000000005
73   -5.994
74   -5.9864999999999995
75   -5.9895
76   -5.9895
77   -5.991
78   -5.99
79   -5.990000000000001
80   -5.9895000000000005
81   -5.991
82   -5.9885
83   -5.9915
84   -5.9905
85   -5.9879999999999995
86   -5.9895
87   -5.989999999999999
88   -5.99
89   -5.9925
90   -5.992
91   -5.993500000000001
92   -5.989
93   -5.991999999999999
94   -5.9865
95   -5.984999999999999
96   -5.9915
97   -5.9895
98   -5.987500000000001
99   -5.9895
100   -5.989999999999999
101   -5.991499999999999
102   -5.9915
103   -5.9905
104   -5.994
105   -5.9925
106   -5.991
107   -5.99
108   -5.99
109   -5.991999999999999
110   -5.993
111   -5.991499999999999
112   -5.987499999999999
113   -5.991999999999999
114   -5.993
115   -5.991
116   -5.993
117   -5.9865
118   -5.99
119   -5.991
120   -5.9885
121   -5.989
122   -5.9875
123   -5.991
124   -5.987500000000001
125   -5.993500000000001
126   -5.988
127   -5.989000000000001
128   -5.993
129   -5.992
130   -5.9910000000000005
131   -5.989
132   -5.9864999999999995
133   -5.989999999999998
134   -5.993499999999999
135   -5.986000000000001
136   -5.9925
137   -5.984
138   -5.9895
139   -5.986000000000001
140   -5.990499999999999
141   -5.992500000000001
142   -5.9864999999999995
143   -5.9905
144   -5.9879999999999995
145   -5.989000000000001
146   -5.992
147   -5.991
148   -5.993
149   -5.9864999999999995
150   -5.9879999999999995
151   -5.989999999999999
152   -5.992
153   -5.9875
154   -5.9905
155   -5.9879999999999995
156   -5.9885
157   -5.991999999999999
158   -5.9915
159   -5.992500000000001
160   -5.9915
161   -5.989
162   -5.992000000000001
163   -5.991
164   -5.989
165   -5.9905
166   -5.988499999999999
167   -5.989000000000001
168   -5.9915
169   -5.991
170   -5.9895000000000005
171   -5.994
172   -5.991
173   -5.991
174   -5.9895
175   -5.9905
176   -5.987
177   -5.9864999999999995
178   -5.99
179   -5.9895
180   -5.991499999999999
181   -5.993500000000001
182   -5.9925
183   -5.987
184   -5.987499999999999
185   -5.99
186   -5.99
187   -5.991999999999999
188   -5.9925
189   -5.9879999999999995
190   -5.988
191   -5.9879999999999995
192   -5.9915
193   -5.993
194   -5.9865
195   -5.9955
196   -5.991
197   -5.9915
198   -5.992999999999999
199   -5.9925
200   -5.99
201   -5.9925
202   -5.989
203   -5.990500000000001
204   -5.9875
205   -5.9915
206   -5.991499999999999
207   -5.9895
208   -5.99
209   -5.9915
210   -5.990500000000001
211   -5.992000000000001
212   -5.988999999999999
213   -5.988
214   -5.991
215   -5.9915
216   -5.9879999999999995
217   -5.9895
218   -5.9885
219   -5.9915
220   -5.9935
221   -5.991
222   -5.9864999999999995
223   -5.990500000000001
224   -5.9935
225   -5.99
226   -5.9925
227   -5.9879999999999995
228   -5.9885
229   -5.988999999999999
230   -5.9895000000000005
231   -5.992
232   -5.9885
233   -5.991
234   -5.9855
235   -5.9895
236   -5.9925
237   -5.99
238   -5.9910000000000005
239   -5.9905
240   -5.9935
241   -5.9925
242   -5.990499999999999
243   -5.991
244   -5.9925
245   -5.9885
246   -5.9925
247   -5.990500000000001
248   -5.990500000000001
249   -5.991
SPSA
1   0.5810000000000008
2   0.6055000000000003
3   0.5515000000000003
4   0.5840000000000007
5   0.5824999999999996
6   0.479000000000001
7   0.5645
8   0.5324999999999996
9   0.5565000000000001
10   0.5739999999999995
11   0.5355000000000001
12   0.5609999999999997
13   0.5545000000000003
14   0.5330000000000001
15   0.5049999999999998
16   0.5829999999999999
17   0.4424999999999999
18   0.5485
19   0.5510000000000003
20   0.5820000000000004
21   0.5709999999999998
22   0.607
23   0.5635000000000001
24   0.5935000000000001
25   0.5590000000000007
26   0.6119999999999998
27   0.6505000000000002
28   0.4790000000000004
29   0.5560000000000005
30   0.5715000000000006
31   0.5119999999999997
32   0.5804999999999999
33   0.5885
34   0.5649999999999995
35   0.5260000000000006
36   0.5660000000000004
37   0.5405000000000003
38   0.46300000000000063
39   0.5785000000000005
40   0.5820000000000007
41   0.6069999999999991
42   0.5905000000000005
43   0.5419999999999994
44   0.5520000000000003
45   0.49050000000000016
46   0.595
47   0.5120000000000002
48   0.6059999999999998
49   0.6200000000000002
50   0.5565000000000002
51   0.47200000000000075
52   0.5640000000000004
53   -0.9084999999999995
54   -0.9264999999999997
55   -0.9555
56   -1.0104999999999995
57   -0.6905000000000001
58   -0.6825000000000001
59   -0.8525
60   -0.7245000000000004
61   1.0309999999999997
62   1.1334999999999993
63   -0.8410000000000001
64   -0.8024999999999998
65   -0.7320000000000001
66   -0.7710000000000002
67   -1.4635000000000002
68   -1.5275
69   -0.9804999999999999
70   -0.946
71   -0.7010000000000001
72   -0.6355000000000005
73   -1.0959999999999999
74   -1.1604999999999999
75   -1.737
76   -1.687
77   -2.0415
78   -1.9959999999999996
79   -2.3339999999999996
80   -2.322
81   -2.455
82   -2.3760000000000003
83   -2.7910000000000004
84   -2.831
85   -2.7565000000000004
86   -2.7139999999999995
87   -2.8634999999999997
88   -2.9195
89   -2.7215
90   -2.6825
91   -3.1705000000000005
92   -3.1140000000000003
93   -3.3249999999999997
94   -3.357
95   -2.897
96   -2.916
97   -2.8679999999999994
98   -2.8625000000000003
99   -2.8975
100   -2.8949999999999996
101   -2.829
102   -2.831
103   -2.8850000000000002
104   -2.8074999999999997
105   -2.2514999999999996
106   -2.235
107   -2.127
108   -2.131
109   -2.113
110   -2.072
111   -2.5035
112   -2.537
113   -2.581
114   -2.6525000000000007
115   -2.7455000000000003
116   -2.8205
117   -2.1100000000000003
118   -2.011
119   -2.4590000000000005
120   -2.4379999999999997
121   -2.3935000000000004
122   -2.452
123   -2.3095000000000003
124   -2.3965000000000005
125   -2.2205
126   -2.3205
127   -2.0569999999999995
128   -1.987
129   -1.479
130   -1.5035
131   -1.691
132   -1.6965
133   -1.73
134   -1.7554999999999998
135   -1.7814999999999996
136   -1.7939999999999998
137   -1.8435000000000001
138   -1.8455000000000008
139   -1.7725000000000002
140   -1.7835
141   -1.8579999999999999
142   -1.734
143   -2.1504999999999996
144   -2.247
145   -2.3605000000000005
146   -2.3994999999999997
147   -2.3550000000000004
148   -2.338
149   -2.285
150   -2.3409999999999997
151   -2.6054999999999997
152   -2.5785
153   -2.5084999999999997
154   -2.5805
155   -1.8644999999999998
156   -1.8435
157   -1.8255000000000001
158   -1.6870000000000003
159   -2.533499999999999
160   -2.5770000000000004
161   -2.5115
162   -2.5605
163   -2.4025
164   -2.3735
165   -2.443
166   -2.386
167   -2.0985000000000005
168   -2.1590000000000007
169   -2.0329999999999995
170   -1.9739999999999998
171   -2.2405
172   -2.1804999999999994
173   -1.9075000000000002
174   -1.8209999999999997
175   -2.2389999999999994
176   -2.2514999999999996
177   -2.4295
178   -2.3524999999999996
179   -2.9234999999999998
180   -2.885
181   -2.8299999999999996
182   -2.832
183   -2.822
184   -2.884
185   -2.407
186   -2.3385
187   -1.6225
188   -1.6510000000000002
189   -1.5510000000000002
190   -1.6055000000000004
191   -1.2909999999999997
192   -1.3299999999999994
193   -1.4304999999999999
194   -1.3795000000000002
195   -1.356
196   -1.3505000000000005
197   -1.4280000000000004
198   -1.3215000000000003
199   -1.2295
200   -1.2065000000000006
201   -1.1954999999999998
202   -1.1920000000000002
203   -1.1590000000000003
204   -1.1330000000000002
205   -1.0240000000000002
206   -1.0035000000000003
207   -0.9264999999999995
208   -0.9164999999999996
209   -0.8954999999999999
210   -0.9069999999999996
211   -0.8514999999999995
212   -0.8264999999999997
213   -1.0835000000000004
214   -1.0315
215   -0.9075000000000002
216   -0.8265000000000007
217   -0.8315000000000003
218   -0.7959999999999998
219   -0.6335000000000001
220   -0.6559999999999997
221   -0.5779999999999998
222   -0.653
223   -1.0365000000000002
224   -1.0220000000000002
225   -1.1439999999999995
226   -1.061
227   -1.6100000000000012
228   -1.5574999999999997
229   -1.2775000000000003
230   -1.1980000000000006
231   -0.8225000000000005
232   -0.8989999999999997
233   -0.6489999999999996
234   -0.6460000000000007
235   -0.6124999999999996
236   -0.5575000000000006
237   -0.3545000000000001
238   -0.3094999999999998
239   -0.5960000000000005
240   -0.5255000000000001
241   -0.7265000000000001
242   -0.7719999999999998
243   -0.9275
244   -0.7915
245   -0.64
246   -0.5815000000000003
247   -0.13150000000000023
248   -0.1074999999999997
249   -0.2080000000000003
250   -0.20200000000000012
251   -0.27249999999999974
252   -0.2664999999999995
253   -0.17799999999999944
254   -0.16749999999999998
255   -0.24650000000000072
256   -0.16850000000000004
257   -0.42650000000000005
258   -0.4319999999999997
259   -0.47299999999999964
260   -0.47850000000000004
261   -0.46050000000000024
262   -0.528
263   -0.7865000000000001
264   -0.7675000000000004
265   -0.8165000000000002
266   -0.8020000000000005
267   -0.9190000000000003
268   -0.8260000000000005
269   -0.5050000000000001
270   -0.5144999999999998
271   -0.5120000000000007
272   -0.46800000000000075
273   -0.843
274   -0.8214999999999998
275   -0.7794999999999997
276   -0.7964999999999993
277   -0.9169999999999999
278   -0.8564999999999998
279   -0.7859999999999996
280   -0.7675
281   -0.7675
282   -0.8150000000000002
283   -0.9805000000000001
284   -0.9060000000000001
285   -0.7334999999999999
286   -0.7560000000000002
287   -0.7420000000000004
288   -0.6969999999999998
289   -0.5750000000000004
290   -0.5499999999999998
291   -0.5370000000000006
292   -0.5655000000000001
293   -0.6269999999999998
294   -0.6640000000000004
295   -0.45150000000000035
296   -0.48049999999999987
297   -0.38800000000000034
298   -0.3374999999999997
299   -0.04350000000000043
300   0.008000000000000784
301   -0.21500000000000064
302   -0.1495000000000002
303   -0.0500000000000001
304   -0.04800000000000043
305   -0.01849999999999996
306   -0.039500000000000146
307   0.007500000000000007
308   0.01450000000000029
309   0.07050000000000006
310   0.025000000000000022
311   -0.09549999999999953
312   -0.13549999999999995
313   0.20549999999999985
314   0.20750000000000013
315   0.26950000000000046
316   0.21000000000000013
317   -0.24900000000000028
318   -0.1819999999999996
319   0.06250000000000017
320   0.12449999999999983
321   0.14900000000000013
322   0.23500000000000032
323   -0.3769999999999999
324   -0.3574999999999996
325   -0.45400000000000074
326   -0.43000000000000005
327   -0.5239999999999998
328   -0.4849999999999992
329   -0.6209999999999999
330   -0.5730000000000005
331   -0.7205000000000004
332   -0.6694999999999998
333   -0.6229999999999999
334   -0.6314999999999997
335   -0.4849999999999999
336   -0.46750000000000036
337   -0.5224999999999992
338   -0.4984999999999998
339   -0.3579999999999995
340   -0.5049999999999998
341   -1.0494999999999997
342   -1.0085
343   -0.8610000000000004
344   -0.9474999999999997
345   -0.6264999999999998
346   -0.6470000000000002
347   -0.6779999999999999
348   -0.6655000000000003
349   -0.6110000000000002
350   -0.6740000000000002
351   -0.6610000000000005
352   -0.6405000000000001
353   -0.6625000000000002
354   -0.6194999999999999
355   -0.4964999999999996
356   -0.4794999999999998
357   -0.504
358   -0.4919999999999993
359   -0.47950000000000076
360   -0.40349999999999997
361   -0.6809999999999998
362   -0.7085000000000002
363   -0.5950000000000002
364   -0.47999999999999976
365   0.18749999999999922
366   0.27349999999999997
367   0.11550000000000021
368   0.1355000000000003
369   0.13199999999999956
370   0.16800000000000015
371   -0.016999999999999404
372   0.03900000000000026
373   0.49100000000000005
374   0.5855000000000004
375   0.3274999999999996
376   0.3140000000000002
377   0.4410000000000004
378   0.37000000000000033
379   0.1990000000000004
380   0.08199999999999974
381   -0.08200000000000007
382   -0.05850000000000005
383   -0.1635000000000001
384   -0.25149999999999983
385   -0.3715
386   -0.3925000000000004
387   -0.41899999999999926
388   -0.36049999999999993
389   -0.5095000000000003
390   -0.4965000000000001
391   -0.5139999999999996
392   -0.4734999999999999
393   -0.6715
394   -0.6795000000000002
395   -0.6700000000000002
396   -0.6805000000000001
397   -0.6584999999999995
398   -0.6910000000000001
399   -0.6975
400   -0.7404999999999999
401   -0.6194999999999997
402   -0.597
403   -0.6005000000000003
404   -0.6830000000000005
405   -0.5695000000000002
406   -0.5779999999999997
407   -0.6230000000000003
408   -0.606
409   -0.6755
410   -0.6630000000000001
411   -0.7380000000000001
412   -0.621
413   -0.6169999999999998
414   -0.6275000000000004
415   -0.5865
416   -0.47199999999999925
417   0.16250000000000003
418   0.17350000000000015
419   0.07199999999999984
420   0.14900000000000024
421   0.18699999999999983
422   0.1675000000000002
423   0.21799999999999986
424   0.20750000000000024
425   0.21350000000000025
426   0.17750000000000032
427   -0.043500000000000205
428   -0.015500000000000624
429   -0.0674999999999999
430   -0.11850000000000005
431   -0.20499999999999996
432   -0.14550000000000018
433   -0.1575000000000002
434   -0.2345
435   0.2715000000000002
436   0.31099999999999994
437   0.18800000000000017
438   0.14249999999999974
439   -0.03799999999999937
440   0.027000000000000468
441   -0.22650000000000026
442   -0.26449999999999996
443   -0.4655
444   -0.42450000000000015
445   -0.6669999999999999
446   -0.6750000000000003
447   -0.6375000000000004
448   -0.6360000000000003
449   -0.6890000000000004
450   -0.6424999999999996
451   -0.9024999999999997
452   -0.8764999999999998
453   -0.849
454   -0.7594999999999998
455   -1.0674999999999997
456   -1.1840000000000004
457   -1.268
458   -1.2445
459   -1.2984999999999998
460   -1.1740000000000002
461   -1.4234999999999998
462   -1.368
463   -1.0940000000000005
464   -1.1124999999999998
465   -1.1829999999999998
466   -1.1945000000000001
467   -1.2035
468   -1.283
469   -1.1489999999999996
470   -1.1445
471   -1.154
472   -1.1060000000000003
473   -0.9834999999999996
474   -1.0154999999999998
475   -1.1049999999999993
476   -1.0365000000000002
477   -1.4099999999999997
478   -1.3695
479   -1.3535000000000004
480   -1.3034999999999997
481   -1.446
482   -1.3795000000000006
483   -1.703
484   -1.6885
485   -1.6585
486   -1.6529999999999996
487   -1.6504999999999994
488   -1.616
489   -1.6169999999999993
490   -1.7400000000000002
491   -1.7710000000000004
492   -1.7835
493   -1.7750000000000006
494   -1.7019999999999997
495   -1.5584999999999996
496   -1.5739999999999996
497   -1.5174999999999998
498   -1.5119999999999996
499   -1.5314999999999994
500   -1.5594999999999997
501   -1.5650000000000002
502   -1.5525
503   -1.4740000000000002
504   -1.5659999999999998
505   -1.73
506   -1.6664999999999996
507   -1.8184999999999993
508   -1.8064999999999998
509   -1.7614999999999998
510   -1.7829999999999995
511   -1.7034999999999996
512   -1.7544999999999993
513   -1.8340000000000003
514   -1.6885
515   -2.1624999999999996
516   -2.1384999999999996
517   -2.3194999999999997
518   -2.2904999999999998
519   -2.2405
520   -2.3325
521   -2.269
522   -2.2995
523   -2.2760000000000007
524   -2.243
525   -2.2205000000000004
526   -2.2834999999999996
527   -2.2535000000000007
528   -2.2795
529   -2.2965
530   -2.3245000000000005
531   -2.3235
532   -2.3069999999999995
533   -2.3289999999999997
534   -2.3294999999999995
535   -2.2540000000000004
536   -2.2910000000000004
537   -2.3019999999999996
538   -2.2355
539   -2.1009999999999995
540   -2.0629999999999997
541   -2.0455
542   -1.9560000000000004
543   -1.6354999999999995
544   -1.6599999999999993
545   -1.7094999999999998
546   -1.662
547   -1.661
548   -1.7085
549   -1.6889999999999996
550   -1.556
551   -1.1080000000000003
552   -1.1525000000000003
553   -1.0319999999999996
554   -1.0155
555   -1.1380000000000001
556   -1.2145000000000001
557   -0.9819999999999998
558   -0.9635
559   -0.9439999999999997
560   -0.8485
561   -1.0334999999999996
562   -1.1099999999999997
563   -1.3399999999999999
564   -1.3875000000000002
565   -1.2340000000000002
566   -1.1360000000000003
567   -1.0815000000000003
568   -1.1214999999999997
569   -0.952
570   -0.9535000000000002
571   -0.9604999999999997
572   -1.006
573   -0.8630000000000001
574   -0.9209999999999997
575   -0.5514999999999999
576   -0.5295000000000003
577   -0.6030000000000002
578   -0.6405000000000001
579   -0.6584999999999996
580   -0.6169999999999998
581   -0.5430000000000004
582   -0.433
583   -0.753
584   -0.8190000000000002
585   -0.8515000000000004
586   -0.7859999999999998
587   -0.7725
588   -0.7370000000000001
589   -0.7679999999999996
590   -0.7709999999999999
591   -0.7054999999999996
592   -0.7599999999999997
593   -0.8395000000000001
594   -0.8509999999999996
595   -0.9164999999999994
596   -0.8269999999999998
597   -0.7974999999999999
598   -0.8414999999999999
599   -0.8740000000000003
600   -0.815
601   -0.9344999999999999
602   -0.9135
603   -0.8899999999999999
604   -0.9400000000000001
605   -0.6435000000000002
606   -0.7184999999999999
607   -0.6925000000000001
608   -0.7905000000000002
609   -0.8425000000000001
610   -0.8634999999999997
611   -1.0034999999999994
612   -0.9234999999999995
613   -0.9324999999999996
614   -0.8625
615   -0.7294999999999997
616   -0.79
617   -0.796
618   -0.8365
619   -0.9225000000000005
620   -0.966
621   -0.6914999999999998
622   -0.8209999999999996
623   -1.0619999999999998
624   -1.0025000000000004
625   -1.0545
626   -1.0405000000000006
627   -1.0415
628   -1.0265000000000002
629   -1.0280000000000002
630   -1.0605
631   -1.139
632   -1.2235
633   -1.3035
634   -1.3855
635   -1.3745000000000003
636   -1.3210000000000002
637   -1.3725
638   -1.55
639   -0.9480000000000002
640   -0.865
641   -0.9610000000000001
642   -1.0295000000000003
643   -0.9069999999999999
644   -0.9750000000000001
645   -0.7655
646   -0.8184999999999996
647   -0.9430000000000001
648   -0.8780000000000003
649   -0.8700000000000001
650   -0.9200000000000004
651   -0.9710000000000001
652   -0.9635
653   -0.9865000000000002
654   -0.9605
655   -1.1110000000000002
656   -1.0990000000000002
657   -1.1024999999999998
658   -1.1470000000000002
659   -1.0525000000000002
660   -0.9949999999999998
661   -1.1925000000000003
662   -1.1730000000000005
663   -1.2540000000000002
664   -1.1199999999999997
665   -1.4200000000000004
666   -1.4854999999999996
667   -1.5324999999999998
668   -1.5655000000000001
669   -1.505
670   -1.5300000000000002
671   -1.6284999999999998
672   -1.5230000000000001
673   -1.6085000000000003
674   -1.7365
675   -1.7879999999999994
676   -1.7885000000000002
677   -1.8170000000000002
678   -1.7679999999999998
679   -1.8105000000000002
680   -1.8760000000000003
681   -1.8674999999999997
682   -1.7785000000000002
683   -1.7200000000000002
684   -1.6455000000000004
685   -1.7585
686   -1.7445000000000002
687   -1.8015
688   -1.809
689   -1.7694999999999994
690   -1.8135
691   -1.9130000000000005
692   -1.9024999999999999
693   -1.8710000000000004
694   -1.879
695   -1.8365
696   -1.9160000000000004
697   -1.8539999999999999
698   -1.8584999999999996
699   -1.8394999999999997
700   -1.8144999999999998
701   -1.8159999999999994
702   -1.8235000000000003
703   -1.8189999999999995
704   -1.8965
705   -1.7
706   -1.7029999999999996
707   -1.693
708   -1.7070000000000003
709   -1.7245000000000004
710   -1.716
711   -1.6375000000000002
712   -1.6740000000000002
713   -1.6584999999999996
714   -1.6849999999999994
715   -1.6224999999999998
716   -1.555
717   -1.8015000000000005
718   -1.7580000000000002
719   -1.804
720   -1.7564999999999997
721   -1.7545000000000002
722   -1.7339999999999993
723   -1.6480000000000001
724   -1.7309999999999999
725   -1.3590000000000002
726   -1.4745
727   -1.4589999999999996
728   -1.4035
729   -1.3575000000000002
730   -1.38
731   -1.3385000000000002
732   -1.3379999999999999
733   -1.4169999999999998
734   -1.4354999999999996
735   -1.464
736   -1.3984999999999999
737   -1.3135
738   -1.369
739   -1.1269999999999998
740   -1.1620000000000001
741   -1.1815000000000002
742   -1.1870000000000003
743   -1.1950000000000003
744   -1.2025000000000001
745   -1.0905000000000002
746   -1.1355
747   -0.9285000000000001
748   -0.9729999999999999
749   -1.0519999999999996
750   -1.038
751   -1.0239999999999996
752   -0.9914999999999996
753   -1.0859999999999999
754   -1.0465
755   -1.1169999999999995
756   -1.1650000000000003
757   -1.072
758   -1.1405
759   -1.353
760   -1.3085
761   -1.3415000000000006
762   -1.3239999999999998
763   -1.3529999999999998
764   -1.4124999999999994
765   -1.5165000000000004
766   -1.4924999999999997
767   -1.4225
768   -1.4284999999999999
769   -1.427
770   -1.4220000000000002
771   -1.4700000000000002
772   -1.4719999999999998
773   -1.4134999999999998
774   -1.4255000000000004
775   -1.3280000000000005
776   -1.3704999999999996
777   -1.5399999999999996
778   -1.5114999999999996
779   -1.5419999999999996
780   -1.5215000000000003
781   -1.5830000000000002
782   -1.5364999999999998
783   -1.4579999999999997
784   -1.3904999999999994
785   -1.4434999999999998
786   -1.5090000000000001
787   -1.561
788   -1.5529999999999995
789   -1.5875000000000001
790   -1.5025000000000002
791   -1.6619999999999993
792   -1.6474999999999995
793   -1.6320000000000001
794   -1.616
795   -1.5114999999999998
796   -1.6344999999999996
797   -1.7005000000000001
798   -1.6684999999999999
799   -1.7219999999999998
800   -1.6775000000000002
801   -1.783
802   -1.8324999999999991
803   -1.7605000000000004
804   -1.7865000000000002
805   -1.864
806   -1.7650000000000001
807   -1.5380000000000005
808   -1.5895000000000001
809   -1.6579999999999997
810   -1.7160000000000009
811   -1.7379999999999995
812   -1.6779999999999997
813   -1.7230000000000003
814   -1.8030000000000004
815   -1.7269999999999999
816   -1.7505000000000002
817   -1.8124999999999996
818   -1.8475
819   -1.8539999999999999
820   -1.8745000000000003
821   -1.9639999999999995
822   -1.9769999999999999
823   -1.9085
824   -1.9635000000000002
825   -1.8784999999999998
826   -1.814
827   -1.83
828   -1.8625
829   -1.8479999999999996
830   -1.8595000000000002
831   -1.842
832   -1.83
833   -1.8544999999999998
834   -1.7565
835   -1.67
836   -1.6804999999999999
837   -1.6739999999999993
838   -1.7345000000000004
839   -1.8874999999999997
840   -1.8995
841   -1.8499999999999992
842   -1.8355
843   -1.8630000000000004
844   -1.916
845   -1.9589999999999999
846   -1.9379999999999997
847   -1.9955000000000003
848   -2.0515
849   -2.0665
850   -2.032
851   -2.067
852   -2.0564999999999998
853   -2.03
854   -2.012999999999999
855   -1.9935
856   -2.0835
857   -2.1435000000000004
858   -2.1750000000000007
859   -2.1395
860   -2.1074999999999995
861   -2.0694999999999997
862   -2.1005000000000003
863   -2.178000000000001
864   -2.117
865   -2.165
866   -2.1694999999999998
867   -2.2015000000000007
868   -2.1430000000000007
869   -2.093
870   -2.0825000000000005
871   -2.0195
872   -2.0755
873   -2.2984999999999998
874   -2.238
875   -2.2235000000000005
876   -2.225
877   -2.2765
878   -2.245
879   -2.2614999999999994
880   -2.33
881   -2.0945
882   -2.1420000000000003
883   -2.0600000000000005
884   -2.1055
885   -2.0580000000000007
886   -1.9935000000000003
887   -1.9554999999999998
888   -1.9525000000000001
889   -1.9195000000000002
890   -1.875
891   -1.873
892   -1.923
893   -2.0259999999999994
894   -1.9759999999999995
895   -1.9785000000000006
896   -1.8809999999999998
897   -1.8114999999999997
898   -1.8220000000000005
899   -1.8764999999999994
900   -1.8214999999999995
901   -1.6864999999999999
902   -1.5685000000000004
903   -1.3315000000000001
904   -1.3234999999999995
905   -1.2265
906   -1.302
907   -1.342
908   -1.3605
909   -1.2875
910   -1.323
911   -1.3460000000000003
912   -1.254
913   -0.9864999999999997
914   -1.0350000000000001
915   -1.013
916   -0.9754999999999994
917   -0.8249999999999995
918   -0.8794999999999997
919   -0.81
920   -0.8034999999999995
921   -0.8604999999999997
922   -0.8504999999999998
923   -0.7555000000000005
924   -0.7775000000000003
925   -0.7954999999999997
926   -0.8375000000000002
927   -0.9239999999999999
928   -0.8624999999999998
929   -0.7450000000000002
930   -0.773
931   -0.7899999999999998
932   -0.7285000000000001
933   -0.8170000000000003
934   -0.7704999999999999
935   -0.9715000000000003
936   -0.9339999999999999
937   -0.8699999999999999
938   -0.8649999999999999
939   -0.8925000000000003
940   -0.839
941   -0.9645000000000001
942   -1.008
943   -0.9235
944   -1.012
945   -0.9165000000000001
946   -0.9309999999999998
947   -0.9094999999999998
948   -1.0065
949   -0.6585000000000001
950   -0.639
951   -0.6789999999999999
952   -0.6789999999999998
953   -0.6344999999999998
954   -0.6320000000000001
955   -0.7589999999999999
956   -0.743
957   -0.673
958   -0.5784999999999999
959   -0.6545
960   -0.614
961   -0.5070000000000001
962   -0.47150000000000014
963   -0.46799999999999964
964   -0.4684999999999999
965   -0.46599999999999975
966   -0.5384999999999998
967   -0.2820000000000001
968   -0.2555000000000001
969   -0.10999999999999979
970   -0.06849999999999982
971   0.05999999999999983
972   0.01550000000000018
973   0.013999999999999901
974   0.051000000000000045
975   0.13000000000000012
976   0.16699999999999987
977   0.07050000000000015
978   0.09600000000000009
979   0.03099999999999936
980   0.05599999999999963
981   -0.13700000000000012
982   0.099
983   -0.3524999999999998
984   -0.4744999999999996
985   -0.6104999999999996
986   -0.5764999999999995
987   -0.6274999999999998
988   -0.6080000000000001
989   -0.6909999999999997
990   -0.6320000000000003
991   -0.6234999999999999
992   -0.5395000000000004
993   -0.6734999999999998
994   -0.6465000000000002
995   -0.6554999999999999
996   -0.7860000000000003
997   -0.18549999999999975
998   -0.12100000000000066
999   -0.07
1000   -0.09100000000000039
1001   -0.11999999999999997
1002   -0.12849999999999975
1003   -0.04100000000000034
1004   -0.14399999999999982
1005   -0.024000000000000132
1006   0.039500000000000285
1007   -0.02350000000000052
1008   0.006500000000000367
1009   -0.010999999999999843
1010   -0.09150000000000003
1011   0.15099999999999997
1012   -0.04500000000000054
1013   -0.41799999999999987
1014   -0.4624999999999998
1015   -0.3380000000000002
1016   -0.34950000000000003
1017   -0.2695000000000004
1018   -0.33850000000000025
1019   -0.20850000000000007
1020   -0.21849999999999958
1021   -0.25800000000000034
1022   -0.1129999999999998
1023   0.2879999999999996
1024   0.24650000000000022
1025   0.17950000000000021
1026   0.08849999999999994
1027   0.03350000000000011
1028   0.04399999999999982
1029   0.10699999999999982
1030   0.15249999999999952
1031   -0.012999999999999345
1032   0.016000000000000042
1033   0.0935
1034   0.10050000000000003
1035   0.017000000000000015
1036   0.039500000000000146
1037   -0.03499999999999959
1038   -0.07999999999999985
1039   -0.037000000000000144
1040   -0.04100000000000048
1041   -0.11300000000000038
1042   -0.032000000000000084
1043   -0.13450000000000023
1044   -0.11699999999999955
1045   -0.024500000000000743
1046   -0.11649999999999963
1047   -0.10550000000000015
1048   -0.11499999999999996
1049   -0.17800000000000038
1050   -0.05750000000000027
1051   -0.18699999999999983
1052   -0.23199999999999976
1053   -0.3275000000000001
1054   -0.2809999999999998
1055   -0.4984999999999996
1056   -0.4505000000000001
1057   -0.5
1058   -0.5619999999999999
1059   -0.40349999999999986
1060   -0.42350000000000054
1061   -0.4354999999999998
1062   -0.49149999999999927
1063   -0.5905000000000002
1064   -0.48549999999999993
1065   -0.8195000000000005
1066   -0.7369999999999995
1067   -0.7045000000000003
1068   -0.65
1069   -0.585
1070   -0.5624999999999997
1071   -0.5159999999999997
1072   -0.471
1073   -0.5610000000000004
1074   -0.4810000000000002
1075   -0.4514999999999999
1076   -0.4535
1077   -0.4199999999999999
1078   -0.45950000000000046
1079   -0.6254999999999995
1080   -0.6230000000000007
1081   -0.6394999999999994
1082   -0.6340000000000001
1083   -0.6574999999999998
1084   -0.502
1085   -0.3535000000000006
1086   -0.21050000000000035
1087   -0.5924999999999998
1088   -0.49899999999999956
1089   -0.26350000000000023
1090   -0.22100000000000014
1091   -0.24449999999999983
1092   -0.21550000000000036
1093   -0.25600000000000017
1094   -0.34799999999999986
1095   -0.4655000000000002
1096   -0.5190000000000003
1097   -0.534
1098   -0.4310000000000008
1099   -0.6945
1100   -0.6174999999999998
1101   -0.3924999999999998
1102   -0.43149999999999933
1103   -0.26049999999999995
1104   -0.39549999999999996
1105   -0.17100000000000015
1106   -0.18800000000000056
1107   -0.16549999999999992
1108   -0.15849999999999997
1109   -0.15900000000000014
1110   -0.17199999999999982
1111   -0.21750000000000025
1112   -0.18149999999999988
1113   -0.3959999999999993
1114   -0.4100000000000002
1115   -0.47350000000000003
1116   -0.3645000000000001
1117   -0.41900000000000037
1118   -0.4009999999999999
1119   -0.40749999999999964
1120   -0.44700000000000006
1121   -0.36199999999999966
1122   -0.3404999999999998
1123   -0.37049999999999955
1124   -0.3710000000000004
1125   -0.3584999999999999
1126   -0.3125
1127   -0.44249999999999945
1128   -0.4284999999999999
1129   -0.5265
1130   -0.44049999999999967
1131   -0.5555000000000004
1132   -0.5119999999999999
1133   -0.39250000000000074
1134   -0.4175000000000003
1135   -0.3640000000000003
1136   -0.38399999999999934
1137   -0.4134999999999994
1138   -0.38399999999999956
1139   -0.5049999999999992
1140   -0.4700000000000002
1141   -0.4364999999999999
1142   -0.4624999999999996
1143   -0.4564999999999999
1144   -0.47199999999999953
1145   -0.3985000000000001
1146   -0.4435
1147   -0.3965000000000005
1148   -0.45300000000000007
1149   -0.554
1150   -0.5649999999999998
1151   -0.6709999999999998
1152   -0.6885000000000003
1153   -0.6089999999999994
1154   -0.6589999999999998
1155   -0.7204999999999999
1156   -0.8175000000000002
1157   -0.4069999999999997
1158   -0.3534999999999997
1159   -0.46099999999999974
1160   -0.49550000000000016
1161   -0.599
1162   -0.5875
1163   -0.6334999999999995
1164   -0.62
1165   -0.6089999999999997
1166   -0.6809999999999996
1167   -0.47250000000000014
1168   -0.6074999999999995
1169   -0.19449999999999978
1170   -0.2074999999999998
1171   -0.1749999999999996
1172   -0.2184999999999998
1173   -0.03449999999999964
1174   -0.07999999999999952
1175   -0.19699999999999995
1176   -0.11300000000000043
1177   -0.2949999999999999
1178   -0.26350000000000057
1179   -0.2654999999999994
1180   -0.23550000000000032
1181   -0.3074999999999997
1182   -0.3280000000000005
1183   -0.29949999999999993
1184   -0.2699999999999999
1185   -0.31899999999999934
1186   -0.38250000000000023
1187   -0.3240000000000004
1188   -0.353
1189   -0.4089999999999995
1190   -0.3589999999999994
1191   -0.33099999999999913
1192   -0.32299999999999995
1193   -0.2559999999999998
1194   -0.26649999999999996
1195   -0.2754999999999995
1196   -0.31499999999999984
1197   -0.2789999999999998
1198   -0.3269999999999999
1199   -0.25749999999999995
1200   -0.29349999999999943
1201   -0.2079999999999994
1202   -0.256
1203   -0.05849999999999933
1204   -0.08499999999999991
1205   -0.02300000000000013
1206   -0.07149999999999979
1207   0.08500000000000019
1208   0.04950000000000032
1209   -0.018999999999999795
1210   -0.01849999999999985
1211   0.12499999999999983
1212   0.04150000000000009
1213   -0.06550000000000011
1214   -0.07349999999999929
1215   -0.10350000000000004
1216   -0.07099999999999956
1217   -0.05149999999999988
1218   -0.15499999999999992
1219   0.005499999999999505
1220   -0.04700000000000032
1221   -0.0035000000000002807
1222   -0.048000000000000154
1223   0.11699999999999999
1224   -0.03249999999999981
1225   0.17850000000000044
1226   0.14649999999999985
1227   0.05699999999999944
1228   0.043999999999999706
1229   0.07649999999999985
1230   0.0729999999999999
1231   0.09000000000000019
1232   0.11150000000000004
1233   0.14500000000000035
1234   0.0994999999999997
1235   0.0925000000000003
1236   0.12100000000000033
1237   0.15250000000000036
1238   0.14800000000000008
1239   0.1499999999999999
1240   0.12050000000000005
1241   0.18749999999999994
1242   0.14399999999999996
1243   0.20449999999999968
1244   0.20050000000000012
1245   0.18399999999999994
1246   0.26549999999999996
1247   0.007000000000000339
1248   0.04100000000000037
1249   0.13399999999999979
1250   -0.0030000000000001137
1251   -0.029499999999999527
1252   -0.13499999999999962
1253   0.20950000000000035
1254   0.28900000000000015
1255   0.5040000000000003
1256   0.4984999999999997
1257   0.5590000000000006
1258   0.5130000000000003
1259   0.4864999999999997
1260   0.562
1261   0.6610000000000005
1262   0.5275
1263   0.6795
1264   0.6574999999999998
1265   0.6805000000000001
1266   0.6725
1267   0.6619999999999999
1268   0.7399999999999997
1269   0.4940000000000003
1270   0.48950000000000027
1271   0.46050000000000024
1272   0.5580000000000002
1273   0.43250000000000033
1274   0.46950000000000014
1275   0.2825000000000001
1276   0.2635000000000003
1277   0.3525000000000001
1278   0.2530000000000002
1279   0.3160000000000006
1280   0.3150000000000005
1281   0.3679999999999998
1282   0.3604999999999996
1283   0.25449999999999995
1284   0.20799999999999974
1285   0.33299999999999985
1286   0.3694999999999995
1287   0.28700000000000037
1288   0.3135000000000003
1289   0.3265000000000001
1290   0.3094999999999999
1291   0.3440000000000002
1292   0.37650000000000006
1293   0.2765000000000005
1294   0.30700000000000016
1295   0.3509999999999994
1296   0.31999999999999923
1297   0.24900000000000017
1298   0.2940000000000006
1299   0.29699999999999943
1300   0.3670000000000001
1301   0.26300000000000023
1302   0.2570000000000001
1303   0.3120000000000004
1304   0.2264999999999998
1305   0.13950000000000007
1306   0.19499999999999995
1307   0.22849999999999993
1308   0.19850000000000012
1309   0.24349999999999994
1310   0.30349999999999977
1311   0.30050000000000043
1312   0.1644999999999997
1313   0.36150000000000027
1314   0.4520000000000003
1315   0.4825
1316   0.4360000000000003
1317   0.4175000000000002
1318   0.4545000000000002
1319   0.3450000000000004
1320   0.4239999999999998
1321   0.34549999999999953
1322   0.26400000000000046
1323   0.145
1324   0.16999999999999987
1325   0.11000000000000021
1326   0.026999999999999857
1327   0.06800000000000056
1328   0.08700000000000008
1329   0.015500000000000458
1330   0.04749999999999999
1331   0.035000000000000586
1332   -0.05649999999999966
1333   -0.0769999999999994
1334   -0.11750000000000022
1335   -0.23299999999999954
1336   -0.1729999999999997
1337   -0.322
1338   -0.30900000000000044
1339   -0.28700000000000053
1340   -0.3679999999999996
1341   -0.4240000000000002
1342   -0.43600000000000055
1343   -0.405
1344   -0.4639999999999996
1345   -0.2874999999999997
1346   -0.267
1347   -0.2744999999999998
1348   -0.35150000000000026
1349   -0.0919999999999997
1350   -0.1490000000000002
1351   -0.09299999999999986
1352   -0.15549999999999908
1353   -0.007500000000000062
1354   0.007499999999999951
1355   0.030499999999999472
1356   0.015999999999999792
1357   0.017500000000000127
1358   -0.0014999999999996128
1359   0.10849999999999982
1360   0.12200000000000016
1361   0.05200000000000027
1362   0.0834999999999998
1363   0.007500000000000062
1364   0.04299999999999993
1365   0.029000000000000248
1366   -0.011499999999999178
1367   0.12800000000000006
1368   -0.009500000000000064
1369   -0.059
1370   -0.07799999999999974
1371   -0.0819999999999998
1372   -0.05849999999999955
1373   -0.06450000000000045
1374   -0.08599999999999963
1375   -0.1259999999999999
1376   -0.018500000000000127
1377   0.08150000000000013
1378   0.15650000000000008
1379   0.14600000000000052
1380   0.17350000000000004
1381   0.14649999999999985
1382   0.17899999999999966
1383   0.23299999999999993
1384   0.24449999999999988
1385   0.3434999999999992
1386   0.22050000000000003
1387   0.13100000000000034
1388   0.16749999999999987
1389   0.05649999999999977
1390   0.019500000000000184
1391   -0.006999999999999673
1392   0.03399999999999964
1393   -0.07200000000000029
1394   -0.08600000000000002
1395   -0.11650000000000038
1396   -0.07400000000000073
1397   -0.18500000000000028
1398   -0.13300000000000023
1399   -0.22450000000000053
1400   -0.13850000000000018
1401   0.04699999999999949
1402   0.02399999999999991
1403   -0.023000000000000576
1404   -0.032500000000000195
1405   0.041999999999999815
1406   0.05499999999999994
1407   0.055500000000000216
1408   0.021499999999999853
1409   0.1685000000000002
1410   0.1470000000000004
1411   0.20900000000000057
1412   0.14399999999999968
1413   0.1535000000000002
1414   0.1899999999999995
1415   0.25550000000000006
1416   0.2810000000000001
1417   0.2550000000000002
1418   0.1675000000000001
1419   0.09699999999999964
1420   0.038000000000000145
1421   0.06700000000000039
1422   0.10299999999999987
1423   -0.02849999999999997
1424   -0.04349999999999987
1425   -0.07899999999999996
1426   3.3306690738754696e-16
1427   -0.11850000000000027
1428   -0.22250000000000025
1429   -0.2689999999999999
1430   -0.2290000000000002
1431   -0.22249999999999948
1432   -0.241
1433   -0.3429999999999997
1434   -0.31700000000000006
1435   -0.24600000000000022
1436   -0.3450000000000005
1437   -0.09150000000000003
1438   -0.15249999999999997
1439   -0.030999999999999805
1440   -0.15399999999999903
1441   0.16899999999999993
1442   0.12199999999999955
1443   -0.008999999999999897
1444   0.05950000000000011
1445   0.13399999999999979
1446   0.1329999999999999
1447   0.14599999999999924
1448   0.1595000000000002
1449   0.23500000000000087
1450   0.11150000000000015
1451   0.07249999999999968
1452   0.15549999999999997
1453   0.19399999999999984
1454   0.15049999999999986
1455   0.11350000000000038
1456   0.1354999999999995
1457   0.11650000000000049
1458   0.11450000000000005
1459   0.1260000000000001
1460   0.18650000000000033
1461   0.028000000000000247
1462   -0.011499999999999622
1463   0.11700000000000033
1464   0.027000000000000246
1465   -0.09050000000000014
1466   -0.08499999999999908
1467   -0.041999999999999815
1468   -0.14450000000000074
1469   0.03100000000000025
1470   0.02149999999999952
1471   0.05249999999999999
1472   -0.01949999999999974
1473   0.05799999999999972
1474   -0.018500000000000183
1475   0.0050000000000000044
1476   -0.06150000000000022
1477   -0.0774999999999999
1478   -0.061499999999999444
1479   0.08350000000000024
1480   -0.019000000000000017
1481   0.16149999999999998
1482   0.19349999999999912
1483   0.10499999999999998
1484   0.09299999999999997
1485   0.1465000000000003
1486   0.12099999999999977
1487   0.07550000000000012
1488   0.13700000000000045
1489   0.08250000000000046
1490   0.1205000000000005
1491   -0.034500000000000086
1492   0.014500000000000846
1493   0.10099999999999976
1494   0.11900000000000033
1495   0.11249999999999999
1496   0.12500000000000067
1497   0.08599999999999997
1498   0.11350000000000016
1499   0.13199999999999995
1500   0.10050000000000048
1501   0.1359999999999999
1502   0.2510000000000002
1503   0.3075000000000001
1504   0.3180000000000003
1505   0.27900000000000025
1506   0.2689999999999999
1507   0.4170000000000007
1508   0.3059999999999998
1509   0.41499999999999987
1510   0.42850000000000027
1511   0.41750000000000015
1512   0.40449999999999947
1513   0.4115000000000004
1514   0.3899999999999998
1515   0.4739999999999996
1516   0.3755000000000004
1517   0.3269999999999997
1518   0.37149999999999966
1519   0.32699999999999985
1520   0.33799999999999986
1521   0.2740000000000007
1522   0.3404999999999998
1523   0.3334999999999997
1524   0.3544999999999987
1525   0.34750000000000003
1526   0.30700000000000033
1527   0.3364999999999992
1528   0.2320000000000002
1529   0.09050000000000002
1530   0.06699999999999995
1531   0.19450000000000034
1532   0.17899999999999994
1533   0.10800000000000021
1534   0.10800000000000032
1535   0.10250000000000048
1536   0.14800000000000024
1537   0.14399999999999935
1538   0.14600000000000013
1539   0.07449999999999968
1540   0.11899999999999944
1541   -0.05500000000000038
1542   0.02300000000000013
1543   0.042500000000000315
1544   0.0680000000000004
1545   0.03800000000000048
1546   0.06999999999999984
1547   0.03449999999999964
1548   0.028499999999999748
1549   0.09299999999999997
1550   0.04600000000000004
1551   0.14299999999999946
1552   0.11750000000000005
1553   0.10499999999999998
1554   0.09999999999999964
1555   0.07950000000000068
1556   0.1515000000000004
1557   0.16449999999999954
1558   0.16900000000000004
1559   0.12600000000000033
1560   0.1509999999999997
1561   0.22399999999999987
1562   0.11649999999999971
1563   -0.03899999999999959
1564   -0.06350000000000011
1565   -0.039500000000000535
1566   -0.1359999999999998
1567   0.018999999999999684
1568   0.1069999999999997
1569   0.14600000000000024
1570   0.1519999999999997
1571   0.0680000000000004
1572   0.1509999999999997
1573   0.27049999999999996
1574   0.19699999999999973
1575   0.2979999999999997
1576   0.3284999999999998
1577   0.4119999999999998
1578   0.31200000000000006
1579   0.3279999999999999
1580   0.42949999999999977
1581   0.472
1582   0.3954999999999997
1583   0.34650000000000014
1584   0.4094999999999994
1585   0.4334999999999999
1586   0.4179999999999996
1587   0.39550000000000024
1588   0.4534999999999996
1589   0.5299999999999996
1590   0.4929999999999999
1591   0.4575
1592   0.41549999999999976
1593   0.4364999999999992
1594   0.43050000000000055
1595   0.4685000000000005
1596   0.43149999999999966
1597   0.4624999999999998
1598   0.3545000000000001
1599   0.5740000000000002
1600   0.6270000000000002
1601   0.6399999999999999
1602   0.6885000000000001
1603   0.6630000000000003
1604   0.5849999999999997
1605   0.5570000000000004
1606   0.5600000000000006
1607   0.5499999999999998
1608   0.4995000000000006
1609   0.48649999999999993
1610   0.3969999999999997
1611   0.5430000000000006
1612   0.6239999999999994
1613   0.5880000000000002
1614   0.5520000000000009
1615   0.5765
1616   0.6950000000000003
1617   0.767
1618   0.8015000000000001
1619   0.7815000000000001
1620   0.736
1621   0.7799999999999999
1622   0.7950000000000003
1623   0.7505000000000002
1624   0.8050000000000004
1625   0.7300000000000003
1626   0.7335000000000003
1627   0.6830000000000004
1628   0.6519999999999997
1629   0.6894999999999994
1630   0.7414999999999998
1631   0.7145000000000004
1632   0.6664999999999998
1633   0.7284999999999991
1634   0.6939999999999997
1635   0.7220000000000001
1636   0.7589999999999999
1637   0.7135000000000004
1638   0.7344999999999999
1639   0.6480000000000002
1640   0.7494999999999999
1641   0.5364999999999995
1642   0.4710000000000001
1643   0.4115000000000003
1644   0.3734999999999995
1645   0.42700000000000027
1646   0.4839999999999999
1647   0.42199999999999993
1648   0.37899999999999967
1649   0.4850000000000003
1650   0.4239999999999996
1651   0.38599999999999923
1652   0.37850000000000017
1653   0.25699999999999956
1654   0.34850000000000003
1655   0.4029999999999997
1656   0.34199999999999975
1657   0.4860000000000002
1658   0.4444999999999999
1659   0.49849999999999983
1660   0.4880000000000001
1661   0.5009999999999996
1662   0.4715000000000005
1663   0.48099999999999987
1664   0.5134999999999997
1665   0.4135000000000001
1666   0.5060000000000004
1667   0.48650000000000015
1668   0.5215
1669   0.5019999999999999
1670   0.541
1671   0.4664999999999998
1672   0.5219999999999995
1673   0.4709999999999994
1674   0.5534999999999995
1675   0.5730000000000003
1676   0.5814999999999998
1677   0.5730000000000003
1678   0.5665000000000001
1679   0.5919999999999999
1680   0.5579999999999996
1681   0.6964999999999997
1682   0.6249999999999999
1683   0.5479999999999998
1684   0.4844999999999998
1685   0.5124999999999998
1686   0.5185000000000003
1687   0.5469999999999997
1688   0.5339999999999997
1689   0.5385
1690   0.4430000000000007
1691   0.5885000000000007
1692   0.543
1693   0.6350000000000003
1694   0.6589999999999996
1695   0.5550000000000004
1696   0.5889999999999995
1697   0.5670000000000005
1698   0.5614999999999997
1699   0.5974999999999999
1700   0.6034999999999999
1701   0.5394999999999994
1702   0.5680000000000003
1703   0.601
1704   0.6400000000000001
1705   0.6914999999999999
1706   0.7095000000000005
1707   0.6845000000000001
1708   0.6350000000000003
1709   0.6424999999999998
1710   0.6635000000000004
1711   0.7184999999999997
1712   0.7249999999999998
1713   0.5700000000000005
1714   0.7175000000000001
1715   0.6414999999999995
1716   0.6599999999999999
1717   0.6285000000000004
1718   0.6615000000000005
1719   0.5875000000000002
1720   0.6129999999999999
1721   0.5669999999999995
1722   0.6119999999999997
1723   0.46450000000000014
1724   0.5160000000000001
1725   0.5154999999999993
1726   0.614
1727   0.7174999999999994
1728   0.6630000000000001
1729   0.6825000000000002
1730   0.6254999999999998
1731   0.8375000000000015
1732   0.8360000000000001
1733   0.7834999999999999
1734   0.8644999999999996
1735   0.5955000000000005
1736   0.6179999999999994
1737   0.5415000000000002
1738   0.5890000000000003
1739   0.614499999999999
1740   0.5709999999999995
1741   0.5670000000000004
1742   0.604
1743   0.6584999999999998
1744   0.6514999999999999
1745   0.6539999999999997
1746   0.6634999999999993
1747   0.694000000000001
1748   0.654000000000001
1749   0.5764999999999993
1750   0.6490000000000002
1751   0.7004999999999999
1752   0.6075000000000002
1753   0.4484999999999999
1754   0.5444999999999995
1755   0.4784999999999998
1756   0.48249999999999993
1757   0.4525
1758   0.570000000000001
1759   0.5829999999999999
1760   0.5655000000000006
1761   0.5495000000000003
1762   0.4239999999999997
1763   0.4185000000000002
1764   0.401000000000001
1765   0.48649999999999943
1766   0.44199999999999956
1767   0.41900000000000004
1768   0.46999999999999964
1769   0.3725000000000004
1770   0.403
1771   0.3260000000000003
1772   0.3524999999999999
1773   0.3270000000000007
1774   0.38850000000000023
1775   0.3860000000000009
1776   0.4295000000000001
1777   0.5259999999999998
1778   0.5269999999999999
1779   0.5169999999999998
1780   0.5825000000000005
1781   0.48850000000000005
1782   0.43200000000000005
1783   0.48550000000000015
1784   0.3535000000000002
1785   0.20899999999999985
1786   0.1485000000000004
1787   0.2254999999999998
1788   0.16700000000000031
1789   0.2275000000000002
1790   0.29449999999999976
1791   0.39749999999999985
1792   0.41250000000000014
1793   0.31149999999999933
1794   0.3214999999999997
1795   0.38650000000000034
1796   0.4480000000000007
1797   0.25650000000000045
1798   0.36900000000000016
1799   0.31549999999999967
1800   0.17649999999999932
1801   0.5104999999999994
1802   0.5289999999999995
1803   0.4585
1804   0.4830000000000006
1805   0.4480000000000005
1806   0.5029999999999992
1807   0.5460000000000005
1808   0.5454999999999999
1809   0.6850000000000003
1810   0.5744999999999998
1811   0.6065
1812   0.6105000000000002
1813   0.5959999999999994
1814   0.6005000000000005
1815   0.6624999999999996
1816   0.6000000000000005
1817   0.592
1818   0.6089999999999998
1819   0.5939999999999993
1820   0.6074999999999997
1821   0.6415000000000003
1822   0.5974999999999997
1823   0.6014999999999997
1824   0.6084999999999996
1825   0.6270000000000001
1826   0.5560000000000004
1827   0.5245000000000004
1828   0.6514999999999999
1829   0.6795000000000002
1830   0.7920000000000009
1831   0.7915000000000001
1832   0.7474999999999994
1833   0.6450000000000005
1834   0.7459999999999997
1835   0.6605000000000003
1836   0.6535000000000004
1837   0.6389999999999998
1838   0.6525000000000002
1839   0.5335000000000006
1840   0.6330000000000002
1841   0.6615
1842   0.6225000000000003
1843   0.6845
1844   0.6674999999999998
1845   0.6160000000000003
1846   0.7164999999999999
1847   0.7565000000000004
1848   0.7394999999999998
1849   0.7060000000000002
1850   0.7035000000000006
1851   0.7739999999999997
1852   0.7490000000000001
1853   0.7575000000000002
1854   0.7260000000000002
1855   0.7834999999999999
1856   0.7070000000000006
1857   0.8055000000000003
1858   0.7930000000000003
1859   0.7890000000000001
1860   0.7709999999999992
1861   0.7084999999999997
1862   0.7325000000000002
1863   0.7570000000000003
1864   0.7755000000000001
1865   0.7754999999999999
1866   0.7204999999999998
1867   0.945
1868   0.8055000000000008
1869   0.7704999999999995
1870   0.8150000000000002
1871   0.7529999999999996
1872   0.6750000000000002
1873   0.6789999999999997
1874   0.6890000000000001
1875   0.6569999999999996
1876   0.8010000000000005
1877   0.5260000000000001
1878   0.5225000000000009
1879   0.5375000000000001
1880   0.5065
1881   0.5940000000000001
1882   0.6015
1883   0.5764999999999999
1884   0.6200000000000008
1885   0.4895
1886   0.611
1887   0.5410000000000006
1888   0.4895000000000002
1889   0.583
1890   0.7239999999999998
1891   0.5355000000000005
1892   0.5540000000000003
1893   0.5549999999999999
1894   0.4895000000000004
1895   0.5029999999999997
1896   0.5639999999999994
1897   0.639
1898   0.6630000000000005
1899   0.6259999999999993
1900   0.6355
1901   0.5800000000000005
1902   0.5345000000000001
1903   0.5660000000000003
1904   0.6390000000000002
1905   0.47500000000000003
1906   0.5584999999999999
1907   0.5535000000000003
1908   0.6480000000000007
1909   0.38699999999999907
1910   0.4699999999999999
1911   0.46399999999999997
1912   0.5795000000000003
1913   0.4609999999999998
1914   0.44399999999999984
1915   0.452
1916   0.4449999999999996
1917   0.5020000000000001
1918   0.44200000000000017
1919   0.5335000000000001
1920   0.5945000000000003
1921   0.3884999999999996
1922   0.44749999999999973
1923   0.43799999999999956
1924   0.437
1925   0.45349999999999985
1926   0.49250000000000116
1927   0.4479999999999999
1928   0.4105000000000003
1929   0.48650000000000043
1930   0.45050000000000107
1931   0.4315000000000007
1932   0.4450000000000004
1933   0.4145
1934   0.3680000000000004
1935   0.40199999999999997
1936   0.3354999999999996
1937   0.21949999999999975
1938   0.24150000000000021
1939   0.22400000000000003
1940   0.2505000000000006
1941   0.20650000000000035
1942   0.16349999999999984
1943   0.16100000000000078
1944   0.12250000000000005
1945   0.19150000000000023
1946   0.21150000000000024
1947   0.22549999999999992
1948   0.12899999999999984
1949   0.36600000000000027
1950   0.3520000000000003
1951   0.3475000000000003
1952   0.3609999999999998
1953   0.34250000000000014
1954   0.3150000000000003
1955   0.29800000000000015
1956   0.2894999999999997
1957   0.3115
1958   0.36250000000000027
1959   0.21950000000000042
1960   0.15050000000000036
1961   0.2105000000000002
1962   0.2014999999999998
1963   0.16950000000000048
1964   0.1745
1965   0.24450000000000022
1966   0.18500000000000005
1967   0.1849999999999999
1968   0.15600000000000058
1969   0.1540000000000001
1970   0.24449999999999966
1971   0.21249999999999974
1972   0.27350000000000046
1973   0.20500000000000046
1974   0.1949999999999996
1975   0.2805000000000005
1976   0.2594999999999998
1977   0.2280000000000001
1978   0.24700000000000016
1979   0.18799999999999972
1980   0.21350000000000052
1981   0.19299999999999995
1982   0.15749999999999992
1983   0.21100000000000024
1984   0.28800000000000003
1985   0.09150000000000055
1986   0.09899999999999953
1987   0.2184999999999997
1988   0.13299999999999984
1989   0.18149999999999994
1990   0.1649999999999998
1991   0.16050000000000061
1992   0.21599999999999947
1993   0.1735
1994   0.1519999999999999
1995   0.20150000000000048
1996   0.15350000000000008
1997   0.019999999999999546
1998   0.07049999999999976
1999   0.13299999999999962
2000   0.15949999999999956
2001   0.1240000000000001
2002   0.17349999999999982
2003   0.24950000000000014
2004   0.10250000000000056
2005   0.16150000000000014
2006   0.10600000000000015
2007   0.16149999999999975
2008   0.11599999999999988
2009   0.09600000000000025
2010   0.1415
2011   0.13700000000000026
2012   0.14799999999999996
2013   0.12850000000000025
2014   0.19399999999999978
2015   0.07899999999999993
2016   0.04550000000000021
2017   0.06049999999999975
2018   0.1129999999999996
2019   0.040499999999999786
2020   -0.04249999999999984
2021   -0.1589999999999996
2022   -0.17600000000000018
2023   -0.19050000000000009
2024   -0.12949999999999978
2025   -0.07250000000000051
2026   -0.018500000000000044
2027   -0.03149999999999989
2028   -0.06750000000000014
2029   -0.03150000000000022
2030   0.03950000000000051
2031   -0.17750000000000024
2032   -0.11800000000000005
2033   -0.07400000000000015
2034   -0.10150000000000002
2035   -0.06699999999999959
2036   -0.14050000000000004
2037   -0.14100000000000035
2038   -0.10750000000000016
2039   -0.08500000000000013
2040   -0.07199999999999943
2041   -0.08399999999999996
2042   -0.11599999999999991
2043   -0.1460000000000003
2044   -0.1254999999999995
2045   -0.09300000000000008
2046   -0.09749999999999989
2047   -0.19349999999999962
2048   -0.09000000000000002
2049   -0.26949999999999985
2050   -0.24349999999999958
2051   -0.25450000000000006
