Job pending
Job completed
Job pending
Job completed
Job pending
Job completed
0.21638655462184875   0.004979687437194956
0.9736777063766684   0.014494694658150536
-0.4132476520019773   0.008314255670657331
Job pending
Job completed
Job pending
Job completed
Job pending
Job completed
0.18646890933610344   0.004646712436331831
0.9408717494664529   0.014376261473060897
-0.339167326290869   0.008873408321858714
Job pending
Job completed
Job pending
Job completed
Job pending
Job completed
0.579389504359725   0.007583532589619252
1.2415152176574793   0.015555618021234783
-0.2943330743821154   0.009066756299076027
Job pending
Job completed
Job pending
Job completed
Job pending
Job completed
0.998696002572954   0.009014335605569598
1.5222602957241729   0.016231747002396976
-0.2000004654256224   0.009315921499913305
-0.009991388175707355   0.007704273692819601
0.7905500153709397   0.021859231346634818
-0.36158445224524577   0.0133584494770924
Job pending
Job completed
Job pending
Job completed
Job pending
Job completed
0.2183638161146812   0.005002290545296854
1.0084033613445378   0.01447501335542655
0.37011863568956993   0.00880495955265902
Job pending
Job completed
Job pending
Job completed
Job pending
Job completed
0.14753554274495523   0.004163597974408996
0.9040686142304759   0.01424906516974444
0.4284283487329248   0.008162529272786772
Job pending
Job completed
Job pending
Job completed
Job pending
Job completed
0.3549924049239708   0.006216269537490378
1.0549844800597938   0.01489641900040157
0.37116948768587515   0.008535474006846542
Job pending
Job completed
Job pending
Job completed
Job pending
Job completed
0.5089563948041399   0.007223105168849918
1.2261058447068252   0.015370022025110569
0.3071458145485536   0.008870168237772218
0.043807111655447456   0.00675856485238384
0.8286106813158169   0.021535436212280944
0.45705777925644964   0.0123370300926951
0.09445530196609468
-1.5126857320711986
-2.6024582452171265
0.7976850349244283
0.13495288722739157
-0.5817962574263971
-0.13558309137369134
0.05119911942308779
-0.5161226587771603
-0.12338820647286089
1.8314821211933594
-3.742065288526119
0.7857031909652405
0.08211207521026016
-1.9940299937902493
1.2537685727053063
-3.007042524962328
0.43953204895658393
-0.39485593154752474
-0.3124597763886598
0.6602497407311952
1.8743458465604972
0.7846127346268041
-0.7932433106643584
-0.08133802155486702
-2.3837570883514516
0.11212345715815333
1.863820129576817
2.7560421138459095
2.8029489537209655
2.7006961385711103
-2.2903235494860636
-1.2596221759902355
3.0906633667325445
-0.8866501007155332
-0.9870507201404415
0.24893226956864717
0.12270424116547246
0.0806389640460937
0.027077461277077393
-0.9248392443521676
0.34467837072735763
-2.689682325106442
2.8953901242308597
0.08467915074128336
1.3818070662457351
0.8929903933582329
-3.117277878770822
0.6371862431460856
-1.855663203710552
0.7967958908766157
2.398287081119995
