CG
1   0.2879999999999998
2   0.29449999999999954
3   0.3064999999999998
4   0.2809999999999997
5   0.31549999999999945
6   0.2779999999999998
7   0.3284999999999998
8   0.26700000000000035
9   0.3304999999999998
10   0.29849999999999977
11   0.27300000000000013
12   1.2784999999999997
13   1.2614999999999994
14   1.2470000000000003
15   1.1800000000000002
16   1.2814999999999999
17   1.1675000000000009
18   1.203
19   1.1755000000000004
20   1.1675000000000002
21   1.2810000000000004
22   1.1985000000000001
23   0.7875000000000003
24   0.7254999999999996
25   0.7715
26   0.7900000000000005
27   0.7915000000000003
28   0.6889999999999994
29   0.7640000000000005
30   0.8244999999999998
31   0.719
32   0.7499999999999998
33   0.7290000000000004
34   0.6014999999999999
35   0.504
36   0.4504999999999997
37   0.5499999999999998
38   0.5334999999999999
39   0.4914999999999994
40   0.5464999999999998
41   0.4795000000000005
42   0.5445
43   0.4590000000000005
44   0.5375000000000003
45   0.3799999999999999
46   0.37450000000000006
47   0.43600000000000017
48   0.39500000000000024
49   0.4095
50   0.40849999999999964
51   0.46549999999999936
52   0.4554999999999998
53   0.3945000000000003
54   0.4500000000000002
55   0.41900000000000026
56   0.40000000000000013
57   0.351
58   0.3734999999999997
59   0.3289999999999995
60   0.3179999999999996
61   0.39100000000000024
62   0.2715000000000001
63   0.29749999999999965
64   0.2784999999999993
65   0.36749999999999994
66   0.34299999999999975
67   0.38050000000000006
68   0.3494999999999999
69   0.3599999999999999
70   0.3280000000000003
71   0.3054999999999999
72   0.3864999999999996
73   0.3955000000000002
74   0.30500000000000016
75   0.3115000000000001
76   0.34800000000000053
77   0.2980000000000005
78   0.29700000000000015
79   0.27149999999999963
80   0.37549999999999994
81   0.26149999999999984
82   0.32649999999999957
83   0.2510000000000001
84   0.28800000000000026
85   0.26549999999999985
86   0.32700000000000085
87   0.3145
88   0.3225
89   0.2679999999999998
90   0.3184999999999998
91   0.38050000000000006
92   0.28749999999999964
93   0.2869999999999995
94   0.32299999999999973
95   0.32150000000000056
96   0.3064999999999991
97   0.3079999999999996
98   0.30299999999999994
99   0.2815000000000001
100   0.3065000000000002
101   0.3014999999999992
102   0.3045
103   0.30750000000000033
104   0.2979999999999998
105   0.3270000000000002
106   0.29349999999999965
107   0.35650000000000004
108   0.3594999999999995
109   0.2905
110   0.3504999999999996
111   0.33550000000000035
112   0.23999999999999977
113   0.3235000000000001
114   0.3174999999999999
115   0.3374999999999999
116   0.3194999999999999
117   0.2849999999999997
118   0.22199999999999998
119   0.27000000000000046
120   0.2715000000000001
121   0.3520000000000003
122   0.3105
123   0.3264999999999998
124   0.26700000000000035
125   0.33250000000000046
126   0.28350000000000053
127   0.3045
128   0.21800000000000064
129   0.2755000000000003
130   0.22100000000000009
131   0.27600000000000025
132   0.38900000000000046
133   0.33499999999999996
134   0.35299999999999976
135   0.25250000000000017
136   0.26599999999999957
137   0.254
138   0.2735000000000003
139   0.34999999999999987
140   0.28799999999999937
141   0.33099999999999974
142   0.2765000000000004
143   0.36549999999999905
144   0.29249999999999954
145   0.26200000000000045
146   0.28600000000000003
147   0.3094999999999999
148   0.2500000000000002
149   0.3739999999999999
150   0.32050000000000045
151   0.3410000000000004
152   0.29749999999999943
153   0.2639999999999991
154   0.37949999999999995
155   0.3570000000000002
156   0.3195000000000001
157   0.3089999999999997
158   0.2715000000000003
159   0.35799999999999965
160   0.27500000000000013
161   0.3414999999999999
162   0.3035000000000003
163   0.23699999999999943
164   0.3579999999999999
165   0.3145000000000002
166   0.28500000000000014
167   0.3135000000000001
168   0.32499999999999996
169   0.3359999999999992
170   0.28849999999999953
171   0.2469999999999999
172   0.3265
173   0.32399999999999984
174   0.3069999999999995
175   0.2509999999999999
176   0.3214999999999999
177   0.30649999999999955
178   0.24600000000000088
179   0.27000000000000024
180   0.3129999999999997
181   0.3344999999999998
182   0.2819999999999996
183   0.28249999999999975
184   0.3350000000000002
185   0.32899999999999996
186   0.30849999999999933
187   0.3999999999999999
188   0.30450000000000066
189   0.33650000000000024
190   0.3015000000000001
191   0.2634999999999996
192   0.3205
193   0.2789999999999997
194   0.28300000000000014
195   0.27100000000000035
196   0.19300000000000006
197   0.2539999999999998
198   0.37049999999999983
199   0.3540000000000003
200   0.2910000000000006
201   0.2839999999999998
202   0.2995000000000001
203   0.2975000000000001
204   0.27899999999999947
205   0.3159999999999996
206   0.3400000000000003
207   0.32350000000000034
208   0.24849999999999994
209   0.29349999999999943
210   0.2719999999999998
211   0.2459999999999991
212   0.2939999999999998
213   0.31800000000000006
214   0.30300000000000016
215   0.3085
216   0.3125000000000002
217   0.3020000000000005
218   0.3034999999999999
219   0.3440000000000001
220   0.2935000000000001
221   0.35499999999999976
222   0.3029999999999997
223   0.31400000000000006
224   0.26949999999999985
225   0.2785000000000004
226   0.31100000000000083
227   0.33699999999999974
228   0.34150000000000036
229   0.2905000000000004
230   0.33599999999999963
231   0.34650000000000003
232   0.34900000000000064
233   0.3344999999999996
234   0.23150000000000004
235   0.22849999999999993
236   0.29900000000000015
237   0.33699999999999974
238   0.3239999999999996
239   0.28449999999999975
240   0.2885
241   0.28649999999999953
242   0.30050000000000043
243   0.3285
244   0.3345
245   0.3634999999999995
246   0.2625000000000004
247   0.29700000000000015
248   0.3350000000000004
249   0.2699999999999998
250   0.33699999999999974
251   0.2400000000000002
252   0.34199999999999986
253   0.2895000000000003
254   0.32950000000000035
255   0.2725000000000002
256   0.3025
257   0.3085000000000002
258   0.3620000000000001
259   0.2230000000000001
260   0.2649999999999997
261   0.36150000000000015
262   0.28949999999999987
263   0.2899999999999998
264   0.3004999999999993
265   0.3085000000000002
266   0.2905
267   0.24200000000000021
268   0.3374999999999999
269   0.28200000000000003
270   0.3454999999999997
271   0.25749999999999984
272   0.28800000000000026
273   0.34999999999999987
274   0.31299999999999994
