Job pending
Job completed
Job pending
Job completed
Job pending
Job completed
0.18887980922390435   0.004676433291945736
0.883921357493476   0.014314230715439337
-0.3521722917656274   0.008797294131069678
Job pending
Job completed
Job pending
Job completed
Job pending
Job completed
0.4257127577569594   0.006717723611232043
1.1837256071308   0.015145319734448909
-0.29370020826362214   0.009010394122721149
Job pending
Job completed
Job pending
Job completed
Job pending
Job completed
0.6795049021645501   0.00804971383042603
1.412500883002564   0.015790557612119692
-0.21226139961196963   0.009304644109400623
Job pending
Job completed
Job pending
Job completed
Job pending
Job completed
0.228795165614544   0.0051044344776011484
0.9736574513172409   0.014537544852275857
-0.3911980029702037   0.008549827326397575
Job pending
Job completed
Job pending
Job completed
Job pending
Job completed
0.49561448025581056   0.007146390176512487
1.210863378946736   0.015303720395558728
-0.36262692252141604   0.00863530083289161
Job pending
Job completed
Job pending
Job completed
Job pending
Job completed
0.742524510992512   0.008292938055981346
1.5085890760565326   0.015867368003808596
-0.32972578616687737   0.008847751819256542
Job pending
Job completed
Job pending
Job completed
Job pending
Job completed
0.16195966197159095   0.004350312650469614
0.9063273849549829   0.014317911877787292
-0.4165932140313982   0.008424478801858128
Job pending
Job completed
Job pending
Job completed
Job pending
Job completed
0.36630655683933805   0.0063029412582620795
1.0947537746255545   0.014946694612972586
-0.4060438324614094   0.008572518999246138
Job pending
Job completed
Job pending
Job completed
Job pending
Job completed
0.654576030788232   0.007926369462430855
1.40079031479064   0.01573060876389275
-0.31175860154100193   0.009024492327731927
Job pending
Job completed
Job pending
Job completed
Job pending
Job completed
0.20224364678132833   0.004826415366070857
0.9452772777331895   0.014414698266638716
-0.3259978245903521   0.008970901026069383
Job pending
Job completed
Job pending
Job completed
Job pending
Job completed
0.5910330131083472   0.007642946677626316
1.386270383391195   0.015598367122864288
-0.2606966816373087   0.009164047041344913
Job pending
Job completed
Job pending
Job completed
Job pending
Job completed
0.9662742609205694   0.008930775788318074
1.7261892291090992   0.01617413725991203
-0.15616264207227137   0.009364011816953904
Job pending
Job completed
Job pending
Job completed
Job pending
Job completed
0.17721664245875146   0.0045393024999575
0.9478020419801703   0.01438570268839002
-0.46362995007436536   0.008092529285033019
Job pending
Job completed
Job pending
Job completed
Job pending
Job completed
0.3983467454416586   0.006533798892513495
1.1688513528156395   0.015099446117906713
-0.4742181840228886   0.008190884634764882
Job pending
Job completed
Job pending
Job completed
Job pending
Job completed
0.5841468668976975   0.007623904556446325
1.3720447152956259   0.015570850055440748
-0.41541176079448444   0.008543592805288117
Job pending
Job completed
Job pending
Job completed
Job pending
Job completed
0.16163826345607735   0.004344654851929807
0.8917883743508099   0.014270177806115876
-0.4953583909004069   0.008161308076187528
Job pending
Job completed
Job pending
Job completed
Job pending
Job completed
0.38622060772678635   0.006434778310684962
1.1183968448836084   0.015016876987380221
-0.4277407426524992   0.008477717136736403
Job pending
Job completed
Job pending
Job completed
Job pending
Job completed
0.6068910840324976   0.00770740355762238
1.290372099722197   0.015645120471838348
-0.3845294323822925   0.008646639023739003
0.16965964612713363
0.26517322820983286
-1.589046916123524
3.278701649470123
-1.2594677217816372
0.5192648989517678
2.1412744020611205
0.7344873382223361
-0.5130277898172372
-2.8022221415092385
0.4416504825320269
-1.11055798886647
-0.7367249924514555
0.21105213425522726
-1.6334330537519355
-1.7282851060685098
2.7127826381159132
-0.35533240604438915
1.2779434576053823
0.301664536730029
5.095809119119037
1.1366929852426004
-3.691700505596426
3.813171174345202
1.735498237907288
-2.1463994276482645
0.09670790612086545
0.06556624703864597
-3.086879621063912
2.706135501068399
-1.0118941625345974
-0.13536911224140707
-2.047369821992265
1.6988387141027153
2.91086241281333
-3.1510897998054683
-2.6854231676534503
-0.5479169209380436
1.0484114647627694
0.24980869179301848
1.8246433225764225
-1.4085801526160884
4.876255831228884
0.022510103520763734
1.7978335547972808
-6.373882255832674
-0.6018981875553174
2.074490053058875
6.337449886476414
2.9606487558377497
-2.102330047174151
3.7563128030490756
0.12296347801979131
-1.8359438949448301
-0.7557176131080786
-1.5725337008417661
-0.5786052805035234
-2.581511420136563
-3.147491693389054
2.90280563323874
-0.9808347917051985
-3.1489138048583487
-1.7971794329016593
-2.7508396576400838
-1.9043275221809293
0.054690576475758985
2.0811720100385913
2.7562341075613834
-0.624221320034695
-3.3667131196058078
3.397249440170142
2.574870842646594
2.420289299575252
3.315831794570378
-0.00443394431485045
1.4740203763603563
-1.2505294465351742
0.8788134840718302
