COBYLA
1   0.11449999999999982
2   0.15199999999999958
3   -0.2324999999999997
4   1.1694999999999998
5   0.3344999999999998
6   -0.774
7   0.3035000000000003
8   -1.2479999999999993
9   -2.4049999999999994
10   -1.4015
11   -1.857
12   -1.53
13   -1.4265000000000003
14   -1.7785000000000002
15   -0.48799999999999977
16   -2.5429999999999997
17   -0.7629999999999996
18   -1.1789999999999998
19   -0.5279999999999998
20   -2.801
21   -2.328
22   -2.0124999999999993
23   -1.595
24   -2.26
25   -2.174
26   -2.8055000000000003
27   -2.4360000000000004
28   -2.3165
29   -1.43
30   -2.1590000000000007
31   -2.814
32   -2.1014999999999997
33   -2.3775000000000004
34   -2.8980000000000006
35   -2.2640000000000002
36   -2.5075
37   -1.9005
38   -3.3200000000000003
39   -2.7479999999999998
40   -1.7814999999999999
41   -3.595
42   -3.3135
43   -3.4700000000000015
44   -2.2729999999999997
45   -3.809499999999999
46   -3.1014999999999997
47   -3.084999999999999
48   -4.02
49   -3.7929999999999993
50   -4.025
51   -4.274
52   -3.3744999999999994
53   -4.0285
54   -2.994
55   -4.296
56   -4.052
57   -4.589500000000001
58   -2.743500000000001
59   -4.908
60   -4.9675
61   -4.5905000000000005
62   -4.094
63   -4.955
64   -4.0874999999999995
65   -4.9845
66   -3.177999999999999
67   -4.905500000000001
68   -3.7975000000000003
69   -4.8305
70   -4.2315000000000005
71   -4.6865
72   -3.843
73   -5.019
74   -4.6434999999999995
75   -5.03
76   -4.9165
77   -4.9405
78   -4.4435
79   -4.516
80   -4.939500000000001
81   -5.272500000000001
82   -5.0985
83   -5.077499999999999
84   -3.5295000000000005
85   -5.171
86   -4.5184999999999995
87   -5.368
88   -3.6505
89   -5.1485
90   -5.221500000000001
91   -4.8595
92   -4.367500000000001
93   -4.935499999999999
94   -5.073
95   -4.898
96   -5.4334999999999996
97   -5.265
98   -5.2365
99   -5.4055
100   -5.384
101   -4.979500000000001
102   -5.4755
103   -5.514
104   -5.557
105   -5.2145
106   -5.578
107   -4.830000000000001
108   -5.367
109   -5.506500000000001
110   -5.625
111   -5.079
112   -5.579000000000001
113   -5.289999999999999
114   -5.5885
115   -5.48
116   -5.468499999999999
117   -5.464
118   -5.552500000000001
119   -5.397500000000001
120   -5.4270000000000005
121   -5.747000000000002
122   -5.631500000000001
123   -5.6235
124   -5.5525
125   -5.0945
126   -5.4965
127   -5.767
128   -5.705
129   -5.558
130   -5.6735
131   -5.2985
132   -5.781000000000001
133   -5.666
134   -5.793
135   -5.7805
136   -5.7015
137   -5.664499999999999
138   -5.722
139   -5.296
140   -5.746000000000001
141   -5.612500000000001
142   -5.791
143   -5.766500000000001
144   -5.5985000000000005
145   -5.407000000000001
146   -5.775
147   -5.673500000000001
148   -5.771000000000001
149   -5.7465
150   -5.7155000000000005
151   -5.777
152   -5.793
153   -5.8165
154   -5.6515
155   -5.793
156   -5.7435
157   -5.806500000000001
158   -5.726500000000001
159   -5.776
160   -5.785
161   -5.8135
162   -5.6
163   -5.819000000000001
164   -5.6855
165   -5.8505
166   -5.7775
167   -5.8275
168   -5.923
169   -5.9345
170   -5.8999999999999995
171   -5.9510000000000005
172   -5.9275
173   -5.945
174   -5.8755
175   -5.958
176   -5.864
177   -5.9535
178   -5.896000000000001
179   -5.9015
180   -5.9325
181   -5.934500000000001
182   -5.95
183   -5.965
184   -5.952000000000001
185   -5.9655000000000005
186   -5.9545
187   -5.937
188   -5.9685
189   -5.9515
190   -5.965
191   -5.9405
192   -5.968
193   -5.9544999999999995
194   -5.958000000000001
195   -5.954000000000001
196   -5.9625
197   -5.9645
198   -5.961
199   -5.9590000000000005
200   -5.9705
201   -5.9655
202   -5.965
203   -5.952500000000001
204   -5.9725
205   -5.924
206   -5.9745
207   -5.969
208   -5.973
209   -5.944
210   -5.953
211   -5.9705
212   -5.9565
213   -5.9375
214   -5.965
215   -5.9670000000000005
216   -5.9575000000000005
217   -5.969999999999999
218   -5.972000000000001
219   -5.9725
220   -5.9755
221   -5.9665
222   -5.9725
223   -5.973
224   -5.9765
225   -5.964
226   -5.962
227   -5.974
228   -5.964
229   -5.9775
230   -5.9735
231   -5.9719999999999995
232   -5.9745
233   -5.956000000000001
234   -5.9755
235   -5.963500000000001
236   -5.971000000000001
237   -5.980499999999999
238   -5.976999999999999
239   -5.972
240   -5.977
241   -5.9735000000000005
242   -5.983499999999999
243   -5.98
244   -5.982
245   -5.9845
246   -5.9825
247   -5.977499999999999
248   -5.978
249   -5.985
250   -5.976
251   -5.9785
252   -5.985
253   -5.984
254   -5.979500000000001
255   -5.978999999999999
256   -5.9765
257   -5.984999999999999
258   -5.981999999999999
259   -5.9865
260   -5.985
261   -5.9795
262   -5.9835
263   -5.979500000000001
264   -5.983
265   -5.9799999999999995
266   -5.9830000000000005
267   -5.988
268   -5.9879999999999995
269   -5.9895000000000005
270   -5.985
271   -5.9815000000000005
272   -5.9825
273   -5.9815000000000005
274   -5.984
275   -5.975999999999999
276   -5.9885
277   -5.9925
278   -5.992
279   -5.994
280   -5.9945
281   -5.986500000000001
282   -5.9955
283   -5.9879999999999995
284   -5.9905
285   -5.9925
286   -5.99
287   -5.986999999999999
288   -5.996
289   -5.994000000000001
290   -5.9835
291   -5.9925
292   -5.993
293   -5.993
294   -5.991499999999999
295   -5.981
296   -5.994999999999999
297   -5.9914999999999985
298   -5.9925
299   -5.9915
300   -5.994
301   -5.992999999999999
302   -5.9915
303   -5.9925
304   -5.9955
305   -5.992999999999999
306   -5.994
307   -5.9955
308   -5.992
309   -5.987
310   -5.992999999999999
311   -5.9935
312   -5.997
313   -5.9955
314   -5.9944999999999995
315   -5.9945
316   -5.9915
317   -5.9935
318   -5.995
319   -5.994
320   -5.997
321   -5.994
322   -5.991
323   -5.9955
324   -5.993500000000001
325   -5.992
326   -5.996
327   -5.994
328   -5.989
329   -5.9944999999999995
330   -5.996
331   -5.991499999999999
332   -5.996499999999999
333   -5.996
334   -5.9945
335   -5.993
336   -5.9915
337   -5.9935
338   -5.993499999999999
339   -5.995
340   -5.997
341   -5.9945
342   -5.994000000000001
343   -5.9955
344   -5.996
345   -5.9959999999999996
346   -5.9945
347   -5.994
348   -5.9915
349   -5.9944999999999995
350   -5.9955
351   -5.9959999999999996
352   -5.993
353   -5.9935
354   -5.996499999999999
355   -5.9935
356   -5.994999999999999
357   -5.9915
358   -5.993500000000001
359   -5.994999999999999
360   -5.991999999999999
361   -5.9935
362   -5.996
363   -5.995
364   -5.993499999999999
365   -5.997
366   -5.996
367   -5.9944999999999995
368   -5.996
369   -5.995
370   -5.995
371   -5.997999999999999
372   -5.992999999999999
373   -5.995
374   -5.9925
375   -5.991
376   -5.9945
377   -5.9945
378   -5.9925
379   -5.994
380   -5.9935
381   -5.9915
382   -5.992
383   -5.996
384   -5.9959999999999996
385   -5.995
386   -5.995500000000002
387   -5.995
388   -5.994
389   -5.996
390   -5.9945
391   -5.998000000000001
392   -5.9925
393   -5.9944999999999995
394   -5.9925
395   -5.995
396   -5.9945
397   -5.996
398   -5.997
399   -5.9945
400   -5.996999999999999
401   -5.9955
402   -5.994
403   -5.9925
404   -5.996
405   -5.9959999999999996
406   -5.9945
407   -5.994
408   -5.996499999999999
409   -5.995999999999999
410   -5.992999999999999
411   -5.9955
412   -5.996
413   -5.9945
414   -5.994
415   -5.9925
416   -5.997
417   -5.9944999999999995
418   -5.9955
419   -5.9945
420   -5.9959999999999996
421   -5.992999999999999
422   -5.9965
423   -5.9935
424   -5.997
425   -5.995
426   -5.994
427   -5.998
428   -5.9959999999999996
429   -5.9945
430   -5.9915
431   -5.9965
432   -5.9975
433   -5.997
434   -5.995
435   -5.994999999999999
436   -5.994999999999999
437   -5.996499999999999
438   -5.993
439   -5.9944999999999995
440   -5.996499999999999
441   -5.995
442   -5.996499999999999
443   -5.9959999999999996
444   -5.993
445   -5.9944999999999995
446   -5.993
447   -5.9925
448   -5.9945
449   -5.994999999999999
450   -5.9895
451   -5.995000000000001
452   -5.9975
453   -5.997
454   -5.993
455   -5.993
456   -5.992500000000001
457   -5.9955
458   -5.995
459   -5.9955
460   -5.9955
461   -5.994999999999999
462   -5.9975000000000005
463   -5.991
464   -5.9944999999999995
465   -5.993500000000001
466   -5.992999999999999
467   -5.9945
468   -5.9965
469   -5.9955
470   -5.996499999999999
471   -5.997
472   -5.9955
473   -5.9975000000000005
474   -5.994
475   -5.9955
476   -5.993
477   -5.996499999999999
478   -5.9955
479   -5.9965
480   -5.994
481   -5.992999999999999
482   -5.994
483   -5.9945
484   -5.9955
485   -5.993
486   -5.992
487   -5.9925
488   -5.995500000000001
489   -5.9944999999999995
490   -5.9955
491   -5.991999999999999
492   -5.995
493   -5.997
494   -5.9955
495   -5.9955
496   -5.9925
497   -5.991999999999999
498   -5.9965
499   -5.994
500   -5.9935
501   -5.9955
502   -5.994999999999999
503   -5.997000000000001
504   -5.9975
505   -5.991499999999999
506   -5.9955
507   -5.9945
508   -5.9955
509   -5.997
510   -5.9935
511   -5.994999999999999
512   -5.996
513   -5.996999999999999
514   -5.9944999999999995
515   -5.997499999999999
516   -5.994
517   -5.992
518   -5.997
519   -5.993999999999999
520   -5.9955
521   -5.9975000000000005
522   -5.995
523   -5.994
524   -5.9925
525   -5.996
526   -5.996499999999999
527   -5.994
528   -5.9955
529   -5.995
530   -5.994999999999999
531   -5.9935
532   -5.993
533   -5.9955
534   -5.994999999999999
535   -5.992
536   -5.9935
537   -5.994
538   -5.996
539   -5.994
540   -5.995
541   -5.995
542   -5.995
543   -5.994
544   -5.995500000000001
545   -5.997999999999999
546   -5.9944999999999995
547   -5.9945
548   -5.9945
549   -5.994
550   -5.995
551   -5.997
552   -5.9955
553   -5.9955
554   -5.998
555   -5.9915
556   -5.989999999999999
557   -5.997
558   -5.9925
559   -5.9959999999999996
560   -5.996
561   -5.992000000000001
562   -5.9959999999999996
563   -5.9959999999999996
564   -5.994999999999999
565   -5.9985
566   -5.993
567   -5.9955
568   -5.9945
569   -5.994999999999999
570   -5.9955
571   -5.993500000000001
572   -5.9945
573   -5.996
574   -5.9955
575   -5.994
576   -5.996499999999999
577   -5.9965
578   -5.994000000000001
579   -5.995
580   -5.9965
581   -5.994
582   -5.997
583   -5.996500000000001
584   -5.992999999999999
585   -5.993
586   -5.9965
587   -5.9944999999999995
588   -5.9955
589   -5.996
590   -5.993
591   -5.994
592   -5.994
593   -5.9959999999999996
594   -5.994999999999999
595   -5.996499999999998
596   -5.994
597   -5.9935
598   -5.9955
599   -5.9955
600   -5.994
601   -5.9955
602   -5.994
603   -5.9975000000000005
604   -5.994
605   -5.993
606   -5.993500000000001
607   -5.991499999999999
608   -5.9975
609   -5.9945
610   -5.994000000000001
611   -5.995
612   -5.996
613   -5.994
614   -5.9959999999999996
615   -5.994
616   -5.994999999999999
617   -5.994
618   -5.9985
619   -5.9955
620   -5.996
621   -5.993500000000001
622   -5.993499999999999
623   -5.9944999999999995
624   -5.991499999999999
625   -5.997
626   -5.9935
627   -5.996
628   -5.9925
629   -5.994
630   -5.9975000000000005
631   -5.993
632   -5.9965
633   -5.994
634   -5.995
635   -5.9975000000000005
636   -5.995
637   -5.994
638   -5.9955
639   -5.9959999999999996
640   -5.995500000000001
641   -5.9944999999999995
642   -5.9975000000000005
643   -5.995
644   -5.993500000000001
645   -5.993
646   -5.9915
647   -5.994
648   -5.9955
649   -5.991
650   -5.990500000000001
651   -5.996499999999999
652   -5.9955
653   -5.9975
654   -5.996500000000001
655   -5.9955
656   -5.9944999999999995
657   -5.9975
658   -5.995500000000001
659   -5.9915
660   -5.992
661   -5.997
662   -5.994000000000001
663   -5.9925
664   -5.996
665   -5.997
666   -5.994999999999999
667   -5.9925
668   -5.998000000000001
669   -5.9965
670   -5.994
671   -5.9935
672   -5.995999999999999
673   -5.995
674   -5.9965
675   -5.992500000000001
676   -5.9935
677   -5.9944999999999995
678   -5.994499999999999
679   -5.9975000000000005
680   -5.994
681   -5.992
682   -5.9945
683   -5.9955
684   -5.9955
685   -5.994
686   -5.994999999999999
687   -5.994
688   -5.993
689   -5.991999999999999
690   -5.9959999999999996
691   -5.992999999999999
692   -5.9965
693   -5.9944999999999995
694   -5.993
695   -5.996
696   -5.9955
697   -5.995000000000001
698   -5.997999999999999
699   -5.994999999999999
700   -5.995
701   -5.9945
702   -5.9955
703   -5.9975000000000005
704   -5.9945
705   -5.9925
706   -5.9959999999999996
707   -5.9955
708   -5.995
709   -5.994
710   -5.9935
711   -5.994000000000001
712   -5.996499999999999
713   -5.9935
714   -5.994
715   -5.996
716   -5.993499999999999
717   -5.996499999999999
718   -5.993499999999999
719   -5.9945
720   -5.9955
721   -5.99
722   -5.996499999999999
723   -5.9935
724   -5.9935
725   -5.994999999999999
726   -5.992
727   -5.995
728   -5.995
729   -5.9935
730   -5.9955
731   -5.995
732   -5.992999999999999
733   -5.995
734   -5.9935
735   -5.994
736   -5.992500000000001
737   -5.994999999999999
738   -5.997
739   -5.997999999999999
740   -5.996500000000001
741   -5.9945
742   -5.993499999999999
743   -5.9944999999999995
744   -5.993500000000001
745   -5.99
746   -5.994999999999999
747   -5.9965
748   -5.994999999999999
749   -5.995
750   -5.995000000000001
751   -5.996
752   -5.9955
753   -5.9955
754   -5.9955
755   -5.992999999999999
756   -5.9945
757   -5.9945
758   -5.995000000000001
759   -5.994
760   -5.9955
761   -5.9955
762   -5.9944999999999995
763   -5.995500000000001
764   -5.9975
765   -5.9944999999999995
766   -5.993
767   -5.9945
768   -5.9965
769   -5.993
770   -5.995
771   -5.9915
772   -5.996499999999999
773   -5.9955
774   -5.997
775   -5.994
776   -5.9945
777   -5.992
778   -5.995500000000001
779   -5.995
780   -5.996
781   -5.9955
782   -5.9925
783   -5.997
784   -5.996999999999999
785   -5.9955
786   -5.992000000000001
787   -5.9925
788   -5.995
789   -5.994
790   -5.9935
791   -5.9925
792   -5.9955
793   -5.9935
794   -5.994
795   -5.9975000000000005
796   -5.996
797   -5.991499999999999
798   -5.9945
799   -5.994
800   -5.991
801   -5.993999999999999
802   -5.996500000000001
803   -5.990500000000001
804   -5.995500000000001
805   -5.9955
806   -5.996499999999999
807   -5.995499999999999
808   -5.9925
809   -5.9945
810   -5.999
811   -5.993500000000001
812   -5.9975000000000005
813   -5.9959999999999996
814   -5.997000000000001
815   -5.995
816   -5.9925
817   -5.9955
818   -5.9935
819   -5.993500000000001
820   -5.996
821   -5.9955
822   -5.997999999999999
823   -5.991
824   -5.9965
825   -5.9959999999999996
826   -5.996499999999999
827   -5.996
828   -5.9965
829   -5.994
830   -5.9975000000000005
831   -5.9959999999999996
832   -5.993
833   -5.994999999999999
834   -5.993499999999999
835   -5.9955
836   -5.9935
837   -5.9945
838   -5.996
839   -5.992000000000001
840   -5.9944999999999995
841   -5.997
842   -5.994999999999999
843   -5.994999999999999
844   -5.994
845   -5.9915
846   -5.994
847   -5.997
848   -5.9975000000000005
849   -5.996499999999999
850   -5.9955
851   -5.994999999999999
852   -5.993499999999999
853   -5.996
854   -5.9915
855   -5.9905
856   -5.994499999999999
857   -5.994
858   -5.994
859   -5.996
860   -5.9925
861   -5.994
862   -5.997999999999999
863   -5.997
864   -5.992
865   -5.995
866   -5.992500000000001
867   -5.994999999999999
868   -5.9959999999999996
869   -5.995
870   -5.992500000000001
871   -5.994
872   -5.995000000000001
873   -5.992
874   -5.996
875   -5.9955
876   -5.994
877   -5.9955
878   -5.9955
879   -5.9944999999999995
880   -5.9945
881   -5.9945
882   -5.994
883   -5.9945
884   -5.995499999999999
885   -5.9955
886   -5.9955
887   -5.993500000000001
888   -5.9925
889   -5.993
890   -5.995
891   -5.9945
892   -5.9955
893   -5.995000000000001
894   -5.993999999999999
895   -5.995
896   -5.995999999999999
897   -5.993
898   -5.993
899   -5.993
900   -5.9955
901   -5.996
902   -5.991
903   -5.992999999999999
904   -5.9959999999999996
905   -5.9959999999999996
906   -5.991
907   -5.9945
908   -5.9965
909   -5.9975
910   -5.9955
911   -5.9935
912   -5.9955
913   -5.994
914   -5.995500000000001
915   -5.9945
916   -5.9955
917   -5.993
918   -5.991
919   -5.997
920   -5.999
921   -5.9965
SPSA
1   -0.1870000000000005
2   -0.14550000000000018
3   -0.08499999999999908
4   -0.08549999999999991
5   -0.09099999999999997
6   -0.04400000000000004
7   -0.026999999999999913
8   -0.06000000000000072
9   -0.14549999999999952
10   -0.1174999999999995
11   -0.08250000000000024
12   -0.09499999999999931
13   -0.0940000000000003
14   -0.11699999999999999
15   -0.08950000000000014
16   -0.11250000000000027
17   -0.14500000000000024
18   -0.15800000000000014
19   -0.14400000000000013
20   -0.16649999999999965
21   -0.10900000000000043
22   -0.14650000000000007
23   -0.09699999999999909
24   -0.09350000000000014
25   -0.12149999999999994
26   -0.028000000000000025
27   -0.16600000000000015
28   -0.2160000000000002
29   -0.1265000000000005
30   -0.14849999999999963
31   -0.11750000000000016
32   -0.0950000000000002
33   -0.13000000000000056
34   -0.14349999999999952
35   -0.05500000000000016
36   -0.027499999999999636
37   -0.1279999999999999
38   -0.06450000000000045
39   -0.15749999999999942
40   -0.06100000000000039
41   -0.09549999999999947
42   -0.1255000000000004
43   -0.1670000000000006
44   -0.14449999999999918
45   -0.12049999999999939
46   -0.16100000000000048
47   -0.06850000000000067
48   -0.11649999999999938
49   -0.1439999999999999
50   -0.14849999999999963
51   -0.08149999999999968
52   -0.0794999999999999
53   0.18999999999999995
54   0.07150000000000056
55   -0.8089999999999996
56   -0.6759999999999999
57   -0.19649999999999945
58   -0.19199999999999895
59   0.08200000000000002
60   -0.01150000000000062
61   0.08850000000000022
62   0.08450000000000041
63   0.10600000000000015
64   0.20049999999999993
65   0.7795000000000001
66   0.7789999999999997
67   0.7679999999999996
68   0.7430000000000003
69   -0.37099999999999933
70   -0.3705000000000005
71   -0.34650000000000025
72   -0.3239999999999994
73   -0.8300000000000001
74   -0.7780000000000002
75   -0.40700000000000053
76   -0.4480000000000003
77   1.3195000000000001
78   1.2164999999999997
79   1.1965000000000003
80   1.2544999999999997
81   -1.5450000000000004
82   -1.3839999999999995
83   0.42300000000000026
84   0.43499999999999955
85   0.16350000000000003
86   0.20699999999999952
87   0.1695000000000001
88   0.18949999999999978
89   -0.7614999999999996
90   -0.6619999999999998
91   -0.17649999999999966
92   -0.14449999999999974
93   -0.36950000000000016
94   -0.33399999999999963
95   0.7009999999999998
96   0.6435000000000004
97   1.0275000000000003
98   0.9249999999999998
99   1.0855000000000004
100   1.0860000000000003
101   1.0715000000000008
102   1.0530000000000002
103   0.6314999999999997
104   0.4725000000000002
105   0.4035000000000005
106   0.4589999999999994
107   1.692
108   1.7080000000000002
109   1.258499999999999
110   1.3475000000000001
111   -1.6139999999999999
112   -1.5919999999999996
113   -1.7824999999999989
114   -1.7260000000000004
115   -1.3894999999999995
116   -1.4014999999999997
117   -1.2670000000000001
118   -1.3080000000000007
119   -1.3135000000000008
120   -1.2905000000000002
121   -1.3225
122   -1.3539999999999994
123   -1.2200000000000004
124   -1.2085000000000004
125   -0.9555000000000007
126   -0.9799999999999995
127   -0.5934999999999997
128   -0.5880000000000003
129   -0.7094999999999996
130   -0.6239999999999997
131   -1.6274999999999997
132   -1.6300000000000003
133   -1.697
134   -1.6485
135   -0.9890000000000003
136   -0.9815000000000005
137   -0.8325
138   -0.8790000000000001
139   0.34899999999999987
140   0.24750000000000028
141   -0.4400000000000001
142   -0.4875000000000002
143   0.769
144   0.8205000000000002
145   1.0154999999999998
146   1.0350000000000001
147   0.8230000000000002
148   0.8724999999999998
149   0.9759999999999998
150   0.8964999999999994
151   2.2794999999999996
152   2.204999999999999
153   1.7245
154   1.7559999999999998
155   2.337500000000001
156   2.1960000000000006
157   0.5745
158   0.5729999999999998
159   0.5574999999999996
160   0.49049999999999994
161   -0.2509999999999998
162   -0.2655000000000005
163   -0.5029999999999998
164   -0.5590000000000002
165   0.6945000000000001
166   0.677
167   0.8995
168   0.8295000000000003
169   1.8310000000000008
170   1.7875000000000003
171   2.0479999999999996
172   1.9550000000000005
173   2.061999999999999
174   1.9610000000000007
175   2.54
176   2.4819999999999993
177   2.193
178   2.2570000000000006
179   2.1864999999999997
180   2.2794999999999996
181   2.2525
182   2.216
183   1.649
184   1.6719999999999997
185   1.5775
186   1.593
187   1.2624999999999997
188   1.2735000000000003
189   1.2885
190   1.1980000000000002
191   0.7170000000000001
192   0.7624999999999997
193   0.5820000000000001
194   0.6495000000000002
195   -0.5705000000000002
196   -0.6054999999999998
197   0.40849999999999964
198   0.34499999999999975
199   -0.011499999999999844
200   -0.012000000000000788
201   0.06599999999999961
202   0.020499999999999907
203   -0.19550000000000034
204   -0.12549999999999895
205   -0.9150000000000003
206   -0.972
207   -0.9114999999999999
208   -0.9199999999999997
209   -0.9715
210   -0.9189999999999999
211   -0.958
212   -1.0559999999999994
213   -0.5145000000000004
214   -0.5205000000000009
215   -0.5429999999999999
216   -0.5630000000000002
217   -0.4585
218   -0.39700000000000024
219   0.07199999999999962
220   0.008000000000000007
221   -1.8855
222   -1.786
223   -2.1594999999999995
224   -2.1419999999999995
225   -2.0844999999999994
226   -2.1639999999999997
227   -0.9080000000000001
228   -1.029
229   -1.3499999999999994
230   -1.2640000000000005
231   -1.4349999999999996
232   -1.374
233   -1.2694999999999999
234   -1.253
235   -1.1914999999999996
236   -1.2184999999999995
237   -1.0079999999999998
238   -0.979
239   -0.8730000000000001
240   -0.9225000000000003
241   -1.1840000000000002
242   -1.1419999999999997
243   -1.637
244   -1.5254999999999996
245   -1.3670000000000002
246   -1.3255
247   -1.2174999999999998
248   -1.1914999999999998
249   -0.9489999999999995
250   -1.0024999999999997
251   -1.5804999999999998
252   -1.5844999999999998
253   -1.5349999999999997
254   -1.55
255   -1.6605000000000003
256   -1.6164999999999998
257   -1.665
258   -1.6529999999999998
259   -1.7940000000000003
260   -1.7334999999999998
261   -1.6535
262   -1.577
263   -0.11149999999999993
264   -0.10350000000000037
265   -0.07250000000000001
266   -0.0055000000000002824
267   0.35199999999999987
268   0.2575000000000005
269   0.014499999999999735
270   0.03500000000000081
271   -0.21999999999999953
272   -0.2995000000000003
273   0.7819999999999999
274   0.7804999999999995
275   0.7220000000000004
276   0.7720000000000001
277   0.32150000000000034
278   0.32199999999999995
279   0.3215000000000001
280   0.2955000000000003
281   0.2470000000000001
282   0.1479999999999999
283   0.12250000000000039
284   0.137
285   0.02300000000000002
286   -0.062000000000000055
287   0.5330000000000001
288   0.5664999999999996
289   0.6734999999999998
290   0.6809999999999992
291   0.6109999999999995
292   0.621
293   0.7670000000000001
294   0.7845000000000006
295   0.902
296   0.9089999999999998
297   0.8095000000000006
298   0.8690000000000001
299   0.7254999999999997
300   0.7144999999999999
301   0.5099999999999993
302   0.5665000000000001
303   0.9045000000000005
304   1.0015
305   1.3345000000000005
306   1.3514999999999997
307   1.0274999999999999
308   1.1194999999999995
309   -0.05599999999999969
310   -0.10550000000000007
311   0.03750000000000023
312   0.0180000000000001
313   0.41149999999999964
314   0.5125
315   -1.1460000000000008
316   -1.1429999999999998
317   -1.1345
318   -1.211
319   -2.0635000000000003
320   -2.1125
321   -2.0279999999999996
322   -1.9494999999999998
323   -1.7195000000000003
324   -1.725
325   -1.6905000000000003
326   -1.7160000000000002
327   -1.6805000000000003
328   -1.7680000000000002
329   -1.4370000000000003
330   -1.4710000000000005
331   -1.7540000000000002
332   -1.8270000000000004
333   -1.992
334   -2.0435000000000003
335   -1.6454999999999997
336   -1.6639999999999995
337   -1.8035
338   -1.8314999999999997
339   -1.8955000000000002
340   -1.9159999999999995
341   -1.8040000000000003
342   -1.7534999999999998
343   -2.151
344   -2.143
345   -2.091
346   -2.1545
347   -1.6195
348   -1.6924999999999997
349   -1.404
350   -1.4055000000000002
351   -1.3910000000000005
352   -1.4549999999999996
353   -1.857
354   -1.8260000000000003
355   -1.83
356   -1.7424999999999997
357   -1.7895000000000005
358   -1.8079999999999996
359   -1.8465000000000003
360   -1.8359999999999999
361   -1.7934999999999999
362   -1.789
363   -1.8439999999999996
364   -1.7385000000000002
365   -1.5690000000000002
366   -1.5380000000000003
367   -1.2025000000000001
368   -1.2669999999999997
369   -1.0069999999999995
370   -1.1210000000000002
371   -0.18949999999999928
372   -0.19150000000000011
373   -0.21700000000000047
374   -0.13750000000000007
375   -0.4789999999999998
376   -0.4605000000000003
377   -0.33399999999999985
378   -0.4364999999999998
379   -0.2805
380   -0.26400000000000057
381   -0.3465000000000001
382   -0.22549999999999984
383   -0.6765000000000001
384   -0.5515000000000002
385   -1.1165000000000003
386   -1.2885
387   -1.1484999999999999
388   -1.1755000000000002
389   -0.9714999999999998
390   -1.0710000000000002
391   -1.1080000000000003
392   -1.1524999999999994
393   -1.6835000000000007
394   -1.6865
395   -1.6355
396   -1.5965000000000007
397   -1.0839999999999999
398   -1.1375
399   -1.2669999999999995
400   -1.237
401   -1.2775000000000003
402   -1.1885000000000008
403   -0.9045
404   -0.8675000000000002
405   -0.6784999999999997
406   -0.7015000000000005
407   -0.7110000000000001
408   -0.6305000000000003
409   0.5004999999999997
410   0.49149999999999916
411   0.6699999999999997
412   0.6210000000000002
413   0.6880000000000004
414   0.5850000000000001
415   0.8584999999999999
416   0.8464999999999997
417   0.5974999999999998
418   0.6690000000000004
419   0.3500000000000002
420   0.3520000000000003
421   0.4635
422   0.4415000000000004
423   0.5559999999999998
424   0.4610000000000003
425   -0.14299999999999985
426   -0.05699999999999983
427   -0.39549999999999996
428   -0.3114999999999999
429   -0.46999999999999986
430   -0.4535000000000002
431   -0.5609999999999998
432   -0.5639999999999998
433   -0.5334999999999996
434   -0.6014999999999999
435   0.06300000000000017
436   0.050000000000000044
437   -0.10299999999999948
438   -0.08399999999999963
439   -0.1945
440   -0.1884999999999999
441   -0.15049999999999975
442   -0.12500000000000022
443   -0.3074999999999999
444   -0.2925000000000005
445   -0.47550000000000003
446   -0.5010000000000004
447   -0.6140000000000003
448   -0.5664999999999999
449   -0.5704999999999998
450   -0.6170000000000001
451   -0.4904999999999999
452   -0.5369999999999997
453   -0.798
454   -0.7815000000000003
455   -0.6884999999999998
456   -0.7264999999999999
457   -0.3059999999999998
458   -0.28099999999999964
459   -0.15549999999999986
460   -0.15699999999999997
461   -0.17500000000000043
462   -0.1714999999999998
463   -0.13499999999999962
464   -0.07350000000000001
465   0.384
466   0.3190000000000003
467   0.3660000000000003
468   0.31500000000000006
469   0.09850000000000014
470   0.03399999999999981
471   0.6089999999999998
472   0.6685
473   0.8264999999999999
474   0.7724999999999997
475   -0.31799999999999984
476   -0.11050000000000015
477   0.07350000000000012
478   0.06249999999999978
479   0.2160000000000003
480   0.24049999999999971
481   0.4465000000000005
482   0.5100000000000001
483   0.2620000000000001
484   0.25899999999999956
485   0.2190000000000002
486   0.34699999999999986
487   1.0894999999999995
488   0.9985000000000003
489   1.1025000000000003
490   1.1604999999999999
491   1.0859999999999999
492   1.0235
493   0.9790000000000002
494   0.9265000000000004
495   0.41999999999999993
496   0.38049999999999995
497   -0.021000000000000324
498   -0.08249999999999993
499   -1.576
500   -1.4209999999999998
501   -1.7375
502   -1.6825
503   -1.5364999999999998
504   -1.4599999999999997
505   -0.7805000000000002
506   -0.7965000000000003
507   -0.6350000000000002
508   -0.5155000000000004
509   -0.8965000000000001
510   -0.9304999999999998
511   -0.6180000000000001
512   -0.6285000000000008
513   -0.6180000000000001
514   -0.5859999999999996
515   0.1250000000000001
516   0.15300000000000002
517   0.1539999999999998
518   0.06599999999999973
519   -0.8894999999999998
520   -0.937
521   -0.5165
522   -0.3814999999999995
523   0.007500000000000284
524   -0.04999999999999971
525   -0.3214999999999998
526   -0.28349999999999964
527   0.18250000000000033
528   0.20000000000000018
529   0.1335000000000005
530   0.09550000000000003
531   -0.11299999999999977
532   -0.11200000000000021
533   -0.023499999999999854
534   -0.07550000000000046
535   -0.0009999999999996678
536   0.04549999999999976
537   0.1000000000000002
538   0.08450000000000002
539   0.04250000000000009
540   0.039000000000000035
541   -0.051999999999999824
542   0.06550000000000034
543   0.4639999999999995
544   0.4660000000000003
545   0.42399999999999977
546   0.4384999999999995
547   0.37000000000000044
548   0.42150000000000026
549   0.7069999999999997
550   0.8185000000000002
551   1.4434999999999998
552   1.491
553   1.142
554   1.0930000000000004
555   0.3940000000000002
556   0.36650000000000016
557   0.23800000000000032
558   0.2505000000000006
559   0.23349999999999987
560   0.20749999999999996
561   0.025500000000000078
562   0.010500000000000287
563   -0.10300000000000009
564   -0.11349999999999971
565   -0.1905000000000001
566   -0.118
567   -0.7570000000000001
568   -0.6664999999999999
569   0.3619999999999996
570   0.3330000000000002
571   0.9275000000000003
572   0.7055000000000002
573   -0.9084999999999998
574   -0.9569999999999997
575   -1.4904999999999997
576   -1.4660000000000002
577   -1.8815000000000002
578   -1.8394999999999997
579   -1.81
580   -1.7754999999999999
581   -1.766
582   -1.7125
583   -1.875
584   -2.021000000000001
585   0.20300000000000007
586   0.22099999999999997
587   0.0050000000000002265
588   -0.0029999999999994476
589   0.02200000000000002
590   0.010499999999999732
591   0.3430000000000002
592   0.47050000000000014
593   1.2785
594   1.2585000000000002
595   1.2134999999999994
596   1.2055000000000002
597   1.1359999999999997
598   1.2005000000000001
599   1.04
600   1.0939999999999999
601   1.1095000000000002
602   1.1944999999999995
603   1.2570000000000006
604   1.3654999999999997
605   1.8150000000000004
606   1.7740000000000005
607   1.6674999999999995
608   1.5905000000000011
609   0.9374999999999996
610   0.8604999999999995
611   -0.3015
612   -0.2650000000000001
613   -0.3565
614   -0.3909999999999998
615   -0.5150000000000002
616   -0.5729999999999997
617   -0.7615000000000001
618   -0.7784999999999997
619   -0.8080000000000003
620   -0.7655000000000002
621   -0.7364999999999997
622   -0.7635000000000003
623   -0.6500000000000004
624   -0.6259999999999998
625   -0.4209999999999996
626   -0.5475000000000001
627   0.251
628   0.23799999999999977
629   0.19249999999999978
630   0.27600000000000025
631   0.8715000000000002
632   0.9720000000000002
633   0.5774999999999996
634   0.5210000000000001
635   1.2195000000000003
636   1.2120000000000002
637   1.2374999999999994
638   1.2755
639   0.8075000000000006
640   0.7194999999999996
641   0.712
642   0.7665000000000006
643   0.7980000000000003
644   0.6374999999999997
645   1.9634999999999998
646   1.9325000000000006
647   1.9339999999999997
648   1.9734999999999998
649   2.013
650   2.131500000000001
651   1.3524999999999996
652   1.4559999999999993
653   1.7269999999999999
654   1.8690000000000002
655   1.7300000000000004
656   1.6454999999999997
657   0.1475000000000003
658   0.15600000000000036
659   0.15550000000000025
660   0.1825000000000001
661   0.09600000000000031
662   0.15999999999999978
663   -0.2984999999999999
664   -0.18250000000000022
665   -0.14599999999999963
666   0.003500000000000003
667   0.2999999999999998
668   0.22999999999999998
669   0.2240000000000001
670   0.2765000000000001
671   0.07149999999999967
672   0.11400000000000005
673   0.0495000000000006
674   0.08249999999999974
675   0.09350000000000011
676   0.23399999999999985
677   0.31600000000000006
678   0.2415000000000001
679   0.3005
680   0.2009999999999999
681   0.07950000000000035
682   0.06650000000000011
683   -0.005499999999999505
684   -0.0794999999999999
685   -0.5070000000000003
686   -0.4269999999999998
687   -0.7784999999999997
688   -0.823
689   -1.1010000000000006
690   -1.0045000000000002
691   -1.9619999999999997
692   -1.98
693   -1.8009999999999997
694   -1.8165
695   -1.7794999999999999
696   -1.7550000000000003
697   -1.6225000000000003
698   -1.6525
699   -1.5775000000000003
700   -1.5050000000000006
701   -1.8869999999999998
702   -1.8985000000000003
703   -1.8564999999999996
704   -1.8935000000000002
705   -1.8930000000000002
706   -1.8940000000000003
707   -1.8234999999999995
708   -1.8795000000000006
709   -1.3515
710   -1.4230000000000003
711   -1.2909999999999995
712   -1.3465000000000003
713   -1.3770000000000002
714   -1.3645000000000003
715   -1.3749999999999996
716   -1.3409999999999997
717   -1.0754999999999995
718   -1.025
719   -1.1984999999999997
720   -1.1914999999999998
721   -1.1035000000000004
722   -1.2005000000000001
723   -1.0
724   -0.992
725   -0.9089999999999998
726   -0.9934999999999999
727   -0.5614999999999999
728   -0.6275000000000006
729   -1.5639999999999998
730   -1.5845000000000007
731   -1.3960000000000001
732   -1.3940000000000001
733   -1.4745
734   -1.5
735   -1.4594999999999998
736   -1.531
737   -1.706
738   -1.6710000000000003
739   -1.5535
740   -1.5354999999999996
741   -1.6444999999999999
742   -1.5344999999999998
743   -0.9139999999999997
744   -0.945
745   -0.7489999999999999
746   -0.7965000000000002
747   -0.9180000000000006
748   -0.9364999999999998
749   -1.0384999999999998
750   -0.9844999999999997
751   -0.6029999999999999
752   -0.6304999999999996
753   -0.8310000000000003
754   -0.7450000000000002
755   -0.9570000000000001
756   -0.9770000000000001
757   -0.9415000000000002
758   -0.8849999999999998
759   -0.43350000000000033
760   -0.3825
761   -0.10150000000000003
762   -0.19100000000000045
763   -0.3459999999999996
764   -0.3744999999999997
765   -0.28300000000000025
766   -0.2025000000000001
767   0.008499999999999869
768   0.037999999999999645
769   0.09650000000000014
770   0.14600000000000013
771   0.2139999999999999
772   0.14300000000000002
773   0.22449999999999998
774   0.21400000000000008
775   0.11750000000000049
776   0.07499999999999996
777   0.3919999999999999
778   0.3805000000000003
779   0.21850000000000008
780   0.2855000000000002
781   0.40249999999999975
782   0.5014999999999996
783   0.6055000000000004
784   0.7364999999999996
785   0.8799999999999997
786   0.9929999999999998
787   0.6444999999999997
788   0.7194999999999996
789   0.5469999999999997
790   0.5414999999999999
791   0.44550000000000045
792   0.5235000000000002
793   0.5990000000000003
794   0.629
795   0.7179999999999995
796   0.6525000000000001
797   0.145
798   0.11800000000000062
799   0.1345000000000002
800   0.20250000000000015
801   0.6219999999999999
802   0.5934999999999999
803   0.6265
804   0.5859999999999999
805   0.8369999999999993
806   0.8844999999999994
807   0.8485000000000001
808   0.8850000000000002
809   0.9304999999999997
810   0.8764999999999998
811   0.6654999999999996
812   0.7710000000000004
813   0.8730000000000001
814   0.9585000000000006
815   0.9189999999999998
816   0.8695
817   0.8250000000000002
818   0.8585000000000007
819   0.7965000000000005
820   0.8310000000000006
821   0.8135000000000001
822   0.8979999999999995
823   0.29149999999999987
824   0.25150000000000006
825   0.4989999999999994
826   0.47499999999999987
827   0.4820000000000003
828   0.5425000000000005
829   0.6969999999999996
830   0.7010000000000003
831   0.6125000000000007
832   0.6185000000000007
833   0.7004999999999993
834   0.5070000000000003
835   -0.30150000000000043
836   -0.2970000000000003
837   -0.3295000000000003
838   -0.23099999999999982
839   -0.6130000000000002
840   -0.6584999999999999
841   -1.081
842   -1.1525000000000003
843   -1.4495000000000002
844   -1.5020000000000002
845   -1.4015000000000002
846   -1.5240000000000002
847   -0.8470000000000002
848   -0.8484999999999996
849   -0.8295000000000001
850   -0.855
851   -0.9169999999999999
852   -1.0465
853   -0.8000000000000002
854   -0.7975000000000004
855   -0.7920000000000003
856   -0.8474999999999999
857   -0.7109999999999996
858   -0.7494999999999998
859   -0.9839999999999999
860   -0.9309999999999998
861   -0.9760000000000002
862   -0.9090000000000003
863   -1.1055000000000001
864   -1.1920000000000002
865   -1.128
866   -1.1405000000000003
867   -1.1885
868   -1.1949999999999996
869   -1.1585
870   -1.1434999999999995
871   -1.2825000000000002
872   -1.2634999999999998
873   -1.4405
874   -1.3674999999999995
875   -0.8275000000000001
876   -0.8489999999999999
877   -0.9485
878   -0.9620000000000002
879   -0.8924999999999998
880   -0.9439999999999997
881   -0.9199999999999999
882   -0.8795000000000003
883   -0.698
884   -0.639
885   -0.12050000000000011
886   -0.22049999999999953
887   -0.0235000000000003
888   -0.06649999999999978
889   -0.033999999999999475
890   0.10850000000000004
891   0.02099999999999963
892   0.09049999999999975
893   -0.2145000000000002
894   -0.17149999999999999
895   -0.2985
896   -0.3200000000000002
897   -0.30049999999999993
898   -0.31000000000000033
899   -0.25449999999999984
900   -0.26300000000000023
901   -0.29200000000000004
902   -0.20500000000000002
903   -0.41900000000000037
904   -0.3734999999999997
905   -0.38399999999999984
906   -0.32899999999999974
907   -0.3169999999999995
908   -0.2055000000000004
909   -0.5315000000000002
910   -0.5185000000000002
911   -0.5519999999999996
912   -0.475
913   -0.47450000000000014
914   -0.46550000000000025
915   -0.5150000000000001
916   -0.5244999999999995
917   -0.5880000000000003
918   -0.5025000000000002
919   -0.08550000000000008
920   -0.08400000000000024
921   -0.09300000000000003
922   -0.0930000000000003
923   -0.022999999999999354
924   -0.04300000000000015
925   -0.06449999999999961
926   -0.035000000000000364
927   0.01349999999999979
928   -0.0809999999999999
929   -0.4579999999999999
930   -0.5370000000000001
931   -0.7329999999999997
932   -0.7589999999999995
933   -1.0005000000000002
934   -1.0419999999999998
935   -0.861
936   -0.8580000000000001
937   -0.9044999999999999
938   -0.9119999999999997
939   -0.8285000000000002
940   -0.8470000000000005
941   -0.8594999999999999
942   -0.8369999999999997
943   -0.9444999999999999
944   -0.8975000000000002
945   -1.0775
946   -1.0954999999999997
947   -1.1860000000000004
948   -1.1295000000000006
949   -1.2454999999999998
950   -1.2625000000000002
951   -1.3475
952   -1.3535000000000004
953   -1.3479999999999999
954   -1.2894999999999999
955   -1.2200000000000002
956   -1.2165
957   -1.259
958   -1.2400000000000002
959   -1.4379999999999997
960   -1.3524999999999996
961   -0.9439999999999995
962   -1.0449999999999995
963   -0.8305000000000001
964   -0.8394999999999997
965   -0.8174999999999999
966   -0.9119999999999999
967   -1.383
968   -1.4404999999999997
969   -1.2599999999999993
970   -1.31
971   -1.3199999999999998
972   -1.3399999999999999
973   -1.3370000000000002
974   -1.2829999999999993
975   -1.6800000000000002
976   -1.5844999999999998
977   -0.8624999999999998
978   -0.8640000000000001
979   -0.8544999999999996
980   -0.8560000000000001
981   -0.7990000000000002
982   -0.8165
983   -0.7510000000000002
984   -0.74
985   -0.7489999999999996
986   -0.8315000000000003
987   -0.6299999999999998
988   -0.6059999999999999
989   -0.6095000000000002
990   -0.6595000000000006
991   -0.3080000000000002
992   -0.3999999999999999
993   -0.4560000000000003
994   -0.4730000000000002
995   -0.3954999999999999
996   -0.45649999999999963
997   -0.38649999999999957
998   -0.3714999999999997
999   -0.4720000000000003
1000   -0.4219999999999994
1001   -0.46049999999999963
1002   -0.4974999999999997
1003   -0.6124999999999996
1004   -0.6720000000000002
1005   -0.4009999999999998
1006   -0.43350000000000016
1007   -0.1979999999999998
1008   -0.25300000000000017
1009   -0.39700000000000024
1010   -0.3869999999999995
1011   -0.3564999999999998
1012   -0.3780000000000001
1013   -0.3685
1014   -0.2580000000000001
1015   0.12199999999999983
1016   0.15800000000000003
1017   -0.21050000000000013
1018   -0.24299999999999994
1019   -0.11499999999999982
1020   -0.19050000000000028
1021   0.16099999999999992
1022   0.19200000000000006
1023   0.32399999999999973
1024   0.21850000000000086
1025   0.4
1026   0.37300000000000005
1027   0.25299999999999956
1028   0.32799999999999974
1029   0.4375
1030   0.4335000000000003
1031   0.34500000000000036
1032   0.4740000000000003
1033   -0.23199999999999987
1034   -0.17449999999999977
1035   -0.37450000000000017
1036   -0.4309999999999999
1037   -0.2079999999999998
1038   -0.2579999999999999
1039   -0.1614999999999997
1040   -0.19000000000000047
1041   -0.10399999999999976
1042   -0.04549999999999996
1043   -0.43100000000000016
1044   -0.5100000000000003
1045   -0.7035
1046   -0.7475000000000002
1047   -0.6454999999999996
1048   -0.575
1049   -0.5685
1050   -0.6490000000000005
1051   -0.2974999999999999
1052   -0.41700000000000004
1053   -0.22450000000000003
1054   -0.18649999999999967
1055   -0.37799999999999945
1056   -0.3504999999999998
1057   -0.43000000000000055
1058   -0.38899999999999946
1059   -0.5010000000000006
1060   -0.47350000000000037
1061   -0.4455000000000003
1062   -0.52
1063   -0.8040000000000002
1064   -0.7585000000000002
1065   -0.8439999999999995
1066   -0.8654999999999996
1067   -0.9510000000000005
1068   -0.9380000000000002
1069   -0.8400000000000003
1070   -0.8760000000000003
1071   -0.9485000000000001
1072   -0.7890000000000001
1073   -1.2535000000000003
1074   -1.2215
1075   -1.094
1076   -1.1719999999999997
1077   -1.5420000000000003
1078   -1.4819999999999995
1079   -1.9414999999999996
1080   -1.8485
1081   -1.4625
1082   -1.5295
1083   -1.2944999999999998
1084   -1.3269999999999997
1085   -1.3540000000000003
1086   -1.4295
1087   -1.089
1088   -1.1560000000000001
1089   -1.2539999999999998
1090   -1.1365000000000005
1091   -0.7785000000000003
1092   -0.7290000000000002
1093   -0.6269999999999999
1094   -0.6284999999999997
1095   -0.6455
1096   -0.5700000000000001
1097   -0.6965
1098   -0.6374999999999998
1099   -1.279
1100   -1.2525
1101   -1.0644999999999998
1102   -1.0639999999999996
1103   -1.1539999999999997
1104   -1.204
1105   -1.3120000000000003
1106   -1.2659999999999996
1107   -1.5164999999999995
1108   -1.5329999999999995
1109   -1.5995000000000008
1110   -1.5270000000000001
1111   -1.603
1112   -1.6755
1113   -1.5974999999999997
1114   -1.5604999999999998
1115   -1.712
1116   -1.6454999999999997
1117   -1.298
1118   -1.2724999999999993
1119   -1.2129999999999996
1120   -1.2594999999999998
1121   -1.4015
1122   -1.4875000000000005
1123   -1.8145000000000004
1124   -1.8990000000000002
1125   -1.578
1126   -1.5589999999999997
1127   -1.7334999999999998
1128   -1.643
1129   -1.2360000000000002
1130   -1.2090000000000003
1131   -0.9795000000000005
1132   -0.9035
1133   -1.3650000000000002
1134   -1.3584999999999998
1135   -1.4344999999999999
1136   -1.4155
1137   -1.3175000000000003
1138   -1.4444999999999997
1139   -0.9070000000000003
1140   -0.8379999999999997
1141   -0.358
1142   -0.41300000000000026
1143   -0.9045000000000001
1144   -0.8714999999999999
1145   -0.7905000000000003
1146   -0.8170000000000003
1147   -0.7014999999999999
1148   -0.868
1149   -0.9870000000000003
1150   -0.9569999999999996
1151   -1.0954999999999993
1152   -1.1295000000000006
1153   -1.156
1154   -1.0585
1155   -1.7959999999999998
1156   -1.7945000000000002
1157   -1.7424999999999997
1158   -1.656500000000001
1159   -1.4680000000000009
1160   -1.4020000000000001
1161   -1.7195000000000003
1162   -1.81
1163   -1.9054999999999995
1164   -1.894
1165   -1.8994999999999989
1166   -1.8929999999999996
1167   -1.8160000000000003
1168   -1.8504999999999994
1169   -1.8435000000000001
1170   -1.7610000000000006
1171   -1.5355000000000008
1172   -1.522
1173   -1.5069999999999992
1174   -1.4185
1175   -0.8439999999999999
1176   -0.7369999999999998
1177   -0.5145000000000002
1178   -0.44750000000000023
1179   -0.11099999999999977
1180   -0.047500000000000764
1181   -0.8535000000000004
1182   -0.8764999999999997
1183   -0.8910000000000002
1184   -0.9285000000000001
1185   -0.9060000000000008
1186   -0.8870000000000006
1187   -0.9429999999999996
1188   -0.8240000000000003
1189   -0.23249999999999993
1190   -0.37450000000000006
1191   0.11850000000000005
1192   0.026999999999999913
1193   0.019499999999998963
1194   0.05750000000000022
1195   0.0610000000000005
1196   -0.047499999999999654
1197   -0.43849999999999995
1198   -0.494
1199   -0.494
1200   -0.5124999999999997
1201   -0.5330000000000004
1202   -0.4790000000000002
1203   -0.4975000000000006
1204   -0.4550000000000002
1205   -0.4710000000000004
1206   -0.46399999999999963
1207   -0.601
1208   -0.5885
1209   -0.5034999999999998
1210   -0.5289999999999994
1211   -0.4344999999999998
1212   -0.4499999999999994
1213   -0.5165000000000002
1214   -0.5065000000000002
1215   -0.5750000000000002
1216   -0.5645000000000004
1217   -0.4355000000000003
1218   -0.4930000000000008
1219   -0.28300000000000036
1220   -0.3945000000000002
1221   -0.8470000000000002
1222   -0.8669999999999998
1223   -0.8990000000000004
1224   -0.9369999999999997
1225   -0.9994999999999998
1226   -0.9725000000000003
1227   -0.7529999999999999
1228   -0.8015000000000003
1229   -1.0340000000000005
1230   -1.0314999999999999
1231   -1.0819999999999999
1232   -0.9719999999999998
1233   -1.1480000000000001
1234   -1.275
1235   -1.4774999999999996
1236   -1.4224999999999999
1237   -1.5675
1238   -1.7129999999999999
1239   -0.30249999999999977
1240   -0.24299999999999988
1241   -0.6070000000000001
1242   -0.5099999999999998
1243   -1.4165
1244   -1.407
1245   -1.3850000000000002
1246   -1.3835000000000002
1247   -1.3304999999999998
1248   -1.3119999999999998
1249   -1.243
1250   -1.3135
1251   -2.2170000000000005
1252   -2.1095
1253   -2.361
1254   -2.355
1255   -2.444
1256   -2.5264999999999995
1257   -2.3165
1258   -2.3484999999999996
1259   -2.5599999999999996
1260   -2.6430000000000002
1261   -2.596
1262   -2.6115000000000004
1263   -2.588
1264   -2.6235
1265   -2.6309999999999993
1266   -2.561
1267   -2.9469999999999996
1268   -2.965
1269   -3.0394999999999994
1270   -3.0084999999999997
1271   -2.8089999999999993
1272   -2.7645
1273   -2.6635
1274   -2.6085000000000003
1275   -2.338
1276   -2.339
1277   -2.321
1278   -2.3990000000000005
1279   -2.3185000000000002
1280   -2.385
1281   -2.2435000000000005
1282   -2.2270000000000003
1283   -2.122
1284   -2.1385000000000005
1285   -2.1419999999999995
1286   -2.1414999999999997
1287   -2.1809999999999996
1288   -2.1435000000000004
1289   -2.386
1290   -2.425
1291   -2.3504999999999994
1292   -2.3005000000000004
1293   -2.628
1294   -2.6599999999999997
1295   -2.6260000000000003
1296   -2.732500000000001
1297   -2.5045
1298   -2.55
1299   -2.3789999999999996
1300   -2.3809999999999993
1301   -2.3045
1302   -2.364
1303   -2.7435
1304   -2.6875
1305   -2.8284999999999996
1306   -2.802
1307   -2.8835000000000006
1308   -2.874
1309   -2.8394999999999992
1310   -2.8174999999999994
1311   -2.7475000000000005
1312   -2.7324999999999995
1313   -2.8285
1314   -2.8219999999999996
1315   -2.7635000000000005
1316   -2.8034999999999997
1317   -2.623
1318   -2.6365
1319   -2.55
1320   -2.5460000000000003
1321   -2.6060000000000008
1322   -2.5965000000000003
1323   -2.6180000000000003
1324   -2.6605
1325   -2.7435
1326   -2.9425
1327   -3.564
1328   -3.5784999999999996
1329   -3.521
1330   -3.5044999999999993
1331   -3.6735000000000007
1332   -3.6700000000000004
1333   -3.711500000000001
1334   -3.6475
1335   -3.5415
1336   -3.5564999999999998
1337   -3.639
1338   -3.6085
1339   -3.777
1340   -3.7235
1341   -3.5040000000000004
1342   -3.5839999999999996
1343   -3.461
1344   -3.3885000000000005
1345   -2.9865
1346   -2.9204999999999997
1347   -2.981
1348   -3.0175
1349   -3.1414999999999997
1350   -3.069
1351   -3.098
1352   -3.101
1353   -3.0654999999999997
1354   -3.0975000000000006
1355   -2.9555
1356   -2.9739999999999998
1357   -3.0845000000000002
1358   -3.0219999999999994
1359   -3.106
1360   -3.1935000000000002
1361   -2.6955000000000005
1362   -2.755
1363   -2.741
1364   -2.7809999999999997
1365   -2.628
1366   -2.6479999999999997
1367   -2.6185
1368   -2.577
1369   -2.487
1370   -2.5180000000000007
1371   -2.612
1372   -2.6565000000000003
1373   -3.137
1374   -3.1125
1375   -3.0229999999999997
1376   -2.9620000000000006
1377   -3.242
1378   -3.3579999999999997
1379   -2.7170000000000005
1380   -2.7135
1381   -2.6755
1382   -2.7559999999999993
1383   -2.784
1384   -2.8445000000000005
1385   -2.673
1386   -2.6510000000000002
1387   -2.5589999999999993
1388   -2.5455
1389   -2.5065
1390   -2.5354999999999994
1391   -2.6760000000000006
1392   -2.7349999999999994
1393   -2.6325000000000003
1394   -2.5420000000000003
1395   -2.389
1396   -2.4495
1397   -2.7555000000000005
1398   -2.6754999999999995
1399   -2.5095
1400   -2.492
1401   -2.5235000000000003
1402   -2.5020000000000002
1403   -2.739
1404   -2.7590000000000003
1405   -2.664
1406   -2.7079999999999997
1407   -2.752
1408   -2.7330000000000005
1409   -2.6345000000000005
1410   -2.650000000000001
1411   -2.4565000000000006
1412   -2.5060000000000002
1413   -2.2515
1414   -2.2635000000000005
1415   -2.163
1416   -2.2205000000000004
1417   -2.566
1418   -2.5315000000000003
1419   -2.499
1420   -2.496
1421   -2.5455000000000005
1422   -2.577
1423   -2.2480000000000007
1424   -2.2439999999999998
1425   -2.2504999999999997
1426   -2.3049999999999997
1427   -2.365
1428   -2.2265000000000006
1429   -2.1625000000000005
1430   -2.0894999999999997
1431   -2.4209999999999994
1432   -2.37
1433   -2.3425
1434   -2.3890000000000002
1435   -2.4360000000000004
1436   -2.469
1437   -2.4110000000000005
1438   -2.3785
1439   -2.3970000000000002
1440   -2.3980000000000006
1441   -2.389
1442   -2.3905000000000007
1443   -2.443
1444   -2.4520000000000004
1445   -2.4825
1446   -2.4429999999999996
1447   -2.389
1448   -2.3165
1449   -2.178000000000001
1450   -2.2070000000000003
1451   -2.319
1452   -2.2645
1453   -2.3335
1454   -2.3775000000000004
1455   -2.5630000000000006
1456   -2.531
1457   -2.581
1458   -2.5959999999999996
1459   -2.5975000000000006
1460   -2.601
1461   -2.54
1462   -2.518500000000001
1463   -2.498
1464   -2.5730000000000004
1465   -2.3840000000000003
1466   -2.4139999999999997
1467   -2.3845
1468   -2.4405000000000006
1469   -2.5319999999999996
1470   -2.474
1471   -2.8855000000000004
1472   -2.857
1473   -2.8065
1474   -2.8110000000000004
1475   -2.8705000000000003
1476   -2.8280000000000003
1477   -2.9825
1478   -2.9765
1479   -3.0060000000000002
1480   -2.9819999999999998
1481   -2.9195000000000007
1482   -2.9775000000000005
1483   -2.7870000000000004
1484   -2.7280000000000006
1485   -2.936
1486   -2.958
1487   -2.897000000000001
1488   -2.871
1489   -2.8540000000000005
1490   -2.7695000000000003
1491   -3.013
1492   -3.114
1493   -3.327000000000001
1494   -3.2915
1495   -3.3005000000000004
1496   -3.3449999999999998
1497   -3.192500000000001
1498   -3.1660000000000004
1499   -3.0260000000000002
1500   -3.1279999999999997
1501   -2.598
1502   -2.5350000000000006
1503   -2.407
1504   -2.4385
1505   -2.2764999999999995
1506   -2.3455000000000004
1507   -2.192500000000001
1508   -2.2245000000000004
1509   -2.148
1510   -2.1535
1511   -2.1625
1512   -2.1999999999999997
1513   -2.058
1514   -2.051
1515   -2.0749999999999997
1516   -2.0475000000000003
1517   -2.2020000000000004
1518   -2.16
1519   -2.3195
1520   -2.2844999999999995
1521   -2.2409999999999997
1522   -2.2159999999999993
1523   -2.1770000000000005
1524   -2.232
1525   -2.209
1526   -2.186
1527   -2.209999999999999
1528   -2.2015000000000002
1529   -2.187
1530   -2.1785
1531   -2.1155
1532   -2.165
1533   -1.8219999999999996
1534   -1.8835
1535   -1.8940000000000003
1536   -1.9125000000000003
1537   -1.7735000000000007
1538   -1.7640000000000002
1539   -1.705999999999999
1540   -1.7564999999999997
1541   -1.9160000000000004
1542   -1.7979999999999992
1543   -1.713
1544   -1.7140000000000006
1545   -1.6529999999999996
1546   -1.7554999999999998
1547   -1.5464999999999998
1548   -1.5614999999999997
1549   -1.5459999999999998
1550   -1.5945
1551   -1.5105000000000002
1552   -1.5334999999999996
1553   -1.6299999999999994
1554   -1.6519999999999992
1555   -1.7265000000000006
1556   -1.582999999999999
1557   -1.6790000000000003
1558   -1.6085000000000005
1559   -2.107
1560   -2.2070000000000003
1561   -2.285
1562   -2.316
1563   -2.232
1564   -2.2615000000000003
1565   -2.2875
1566   -2.3714999999999997
1567   -2.8960000000000004
1568   -2.9364999999999997
1569   -2.4985
1570   -2.5105
1571   -2.5535
1572   -2.581000000000001
1573   -2.6214999999999997
1574   -2.6495000000000006
1575   -2.7504999999999997
1576   -2.6500000000000012
1577   -2.8274999999999997
1578   -2.8394999999999997
1579   -2.8859999999999997
1580   -2.8315
1581   -2.734
1582   -2.7724999999999995
1583   -2.8884999999999996
1584   -2.9175
1585   -2.9524999999999997
1586   -2.9345
1587   -2.8824999999999994
1588   -3.0365
1589   -2.4225000000000003
1590   -2.474
1591   -2.4349999999999996
1592   -2.5045
1593   -2.1839999999999997
1594   -2.2265000000000006
1595   -2.1865
1596   -2.133000000000001
1597   -2.3525
1598   -2.3135
1599   -2.2430000000000003
1600   -2.186499999999999
1601   -2.2670000000000003
1602   -2.225
1603   -2.5610000000000004
1604   -2.5285
1605   -2.7384999999999997
1606   -2.7849999999999993
1607   -2.6800000000000006
1608   -2.5885000000000007
1609   -2.5660000000000003
1610   -2.614
1611   -2.2395000000000005
1612   -2.282
1613   -2.1325000000000003
1614   -2.1239999999999997
1615   -2.158000000000001
1616   -2.2239999999999998
1617   -2.1179999999999994
1618   -2.1634999999999995
1619   -2.0955000000000004
1620   -2.1305
1621   -2.3344999999999994
1622   -2.3015000000000003
1623   -2.0484999999999998
1624   -2.052000000000001
1625   -1.9870000000000005
1626   -2.045499999999999
1627   -2.3455
1628   -2.28
1629   -2.2204999999999995
1630   -2.2465000000000006
1631   -2.113
1632   -2.0500000000000003
1633   -2.232
1634   -2.2009999999999996
1635   -2.1759999999999997
1636   -2.201
1637   -2.239
1638   -2.2075
1639   -2.2405000000000004
1640   -2.284
1641   -2.442500000000001
1642   -2.399
1643   -2.3065000000000007
1644   -2.2904999999999998
1645   -2.3005000000000004
1646   -2.3065
1647   -2.4029999999999996
1648   -2.375
1649   -2.256
1650   -2.2190000000000003
1651   -2.2485
1652   -2.1875000000000004
1653   -2.4225000000000003
1654   -2.3735
1655   -2.3815000000000004
1656   -2.359000000000001
1657   -2.2655
1658   -2.2285000000000004
1659   -2.2159999999999997
1660   -2.153
1661   -2.1385000000000005
1662   -2.109
1663   -2.2940000000000005
1664   -2.3514999999999997
1665   -2.4645
1666   -2.4490000000000003
1667   -2.5800000000000005
1668   -2.5395000000000003
1669   -2.6359999999999992
1670   -2.6085000000000003
1671   -2.5475
1672   -2.5285
1673   -2.4735000000000005
1674   -2.4125
1675   -2.5900000000000003
1676   -2.6155
1677   -2.5165
1678   -2.5414999999999996
1679   -2.6364999999999994
1680   -2.6839999999999997
1681   -2.752
1682   -2.7765000000000004
1683   -2.8165
1684   -2.7114999999999996
1685   -2.5265000000000004
1686   -2.589
1687   -2.632499999999999
1688   -2.6249999999999996
1689   -2.5875000000000004
1690   -2.5900000000000003
1691   -2.6620000000000004
1692   -2.6939999999999995
1693   -2.7300000000000004
1694   -2.737
1695   -2.8140000000000005
1696   -2.802
1697   -2.7489999999999997
1698   -2.786
1699   -2.8745000000000003
1700   -2.8544999999999994
1701   -2.8860000000000006
1702   -3.014500000000001
1703   -3.1970000000000005
1704   -3.2329999999999997
1705   -3.008
1706   -3.0115
1707   -3.011000000000001
1708   -2.9800000000000004
1709   -3.0895
1710   -3.0864999999999996
1711   -3.0949999999999998
1712   -3.0940000000000003
1713   -3.0920000000000005
1714   -3.0985000000000005
1715   -3.216
1716   -3.1650000000000005
1717   -3.0389999999999997
1718   -3.1319999999999997
1719   -3.2470000000000003
1720   -3.1864999999999997
1721   -3.5415
1722   -3.5595000000000003
1723   -3.5804999999999993
1724   -3.5525
1725   -3.5364999999999998
1726   -3.5220000000000002
1727   -3.507
1728   -3.5359999999999996
1729   -3.3549999999999995
1730   -3.4035
1731   -3.320500000000001
1732   -3.351
1733   -3.297
1734   -3.322
1735   -3.4135000000000004
1736   -3.4175000000000004
1737   -3.4154999999999998
1738   -3.4325
1739   -3.380000000000001
1740   -3.384
1741   -3.4515000000000002
1742   -3.3060000000000005
1743   -3.7295
1744   -3.6839999999999993
1745   -3.642
1746   -3.6445
1747   -3.677999999999999
1748   -3.628
1749   -3.7510000000000003
1750   -3.726
1751   -3.741
1752   -3.7915
1753   -3.598
1754   -3.6219999999999994
1755   -3.6285000000000007
1756   -3.626500000000001
1757   -3.6155
1758   -3.661
1759   -3.5945
1760   -3.5645
1761   -3.5185000000000004
1762   -3.5134999999999996
1763   -3.518
1764   -3.4884999999999993
1765   -3.5704999999999996
1766   -3.543
1767   -3.5075
1768   -3.454
1769   -3.4965
1770   -3.445
1771   -3.3009999999999997
1772   -3.2855
1773   -3.2625
1774   -3.2814999999999994
1775   -3.255000000000001
1776   -3.21
1777   -3.2204999999999995
1778   -3.2539999999999996
1779   -3.2734999999999994
1780   -3.3335
1781   -3.6459999999999995
1782   -3.6489999999999996
1783   -3.5734999999999997
1784   -3.567499999999999
1785   -3.5550000000000006
1786   -3.6084999999999994
1787   -3.713000000000001
1788   -3.7340000000000004
1789   -3.6885000000000003
1790   -3.7254999999999994
1791   -3.801
1792   -3.7709999999999995
1793   -3.8725000000000005
1794   -3.8549999999999995
1795   -3.865
1796   -3.8279999999999994
1797   -3.7880000000000003
1798   -3.819
1799   -3.9055
1800   -3.857
1801   -4.006
1802   -4.055499999999999
1803   -3.911
1804   -3.8845
1805   -4.0185
1806   -3.914
1807   -3.846
1808   -3.8255000000000003
1809   -3.8115
1810   -3.8089999999999993
1811   -3.7655000000000003
1812   -3.7655000000000003
1813   -3.7695
1814   -3.821
1815   -3.737999999999999
1816   -3.705
1817   -3.6159999999999997
1818   -3.6605000000000008
1819   -3.7169999999999996
1820   -3.7560000000000007
1821   -3.692
1822   -3.676
1823   -3.694
1824   -3.6845
1825   -3.737
1826   -3.7680000000000007
1827   -3.6765000000000008
1828   -3.6845
1829   -3.670500000000001
1830   -3.628
1831   -3.7705000000000006
1832   -3.7805
1833   -3.816500000000001
1834   -3.7445000000000004
1835   -3.7289999999999996
1836   -3.8035
1837   -3.7300000000000004
1838   -3.6565000000000007
1839   -3.8370000000000006
1840   -3.7394999999999996
1841   -3.7889999999999997
1842   -3.766
1843   -3.7125000000000012
1844   -3.7169999999999996
1845   -3.6430000000000002
1846   -3.7145
1847   -3.3514999999999993
1848   -3.386
1849   -3.3179999999999996
1850   -3.2559999999999993
1851   -3.351
1852   -3.279
1853   -3.0995
1854   -3.105
1855   -3.1535000000000006
1856   -3.1849999999999996
1857   -3.0505
1858   -3.0200000000000005
1859   -2.964500000000001
1860   -3.0290000000000004
1861   -3.0860000000000003
1862   -3.085000000000001
1863   -3.105000000000001
1864   -3.1399999999999997
1865   -3.2640000000000002
1866   -3.2399999999999998
1867   -3.2570000000000006
1868   -3.213999999999999
1869   -3.1180000000000008
1870   -3.1355
1871   -3.1665
1872   -3.1565
1873   -3.088000000000001
1874   -3.1799999999999993
1875   -3.027
1876   -2.9670000000000005
1877   -3.101
1878   -3.0780000000000003
1879   -3.0654999999999997
1880   -3.1265
1881   -3.1224999999999996
1882   -3.200000000000001
1883   -3.5429999999999993
1884   -3.55
1885   -3.542
1886   -3.532
1887   -3.600499999999999
1888   -3.5810000000000004
1889   -3.671500000000001
1890   -3.715
1891   -3.6135000000000006
1892   -3.6105
1893   -3.6210000000000004
1894   -3.5660000000000007
1895   -3.5629999999999997
1896   -3.6094999999999997
1897   -3.295000000000001
1898   -3.25
1899   -3.406
1900   -3.4455
1901   -3.3855
1902   -3.4405000000000006
1903   -3.404000000000001
1904   -3.3865000000000003
1905   -3.4380000000000006
1906   -3.4789999999999996
1907   -3.483
1908   -3.511
1909   -3.262
1910   -3.3469999999999995
1911   -3.712500000000001
1912   -3.692
1913   -3.593500000000001
1914   -3.6310000000000002
1915   -3.6895000000000007
1916   -3.7600000000000002
1917   -3.8194999999999992
1918   -3.8025000000000007
1919   -3.7249999999999996
1920   -3.7675
1921   -3.7455
1922   -3.7525000000000004
1923   -3.787
1924   -3.7744999999999997
1925   -3.8345000000000002
1926   -3.8
1927   -3.8545
1928   -3.8595
1929   -3.873
1930   -3.8455
1931   -4.0205
1932   -3.9170000000000007
1933   -3.88
1934   -3.9090000000000003
1935   -3.7550000000000003
1936   -3.7634999999999996
1937   -3.8484999999999996
1938   -3.792500000000001
1939   -3.6695
1940   -3.7165
1941   -3.386
1942   -3.4410000000000003
1943   -3.4305000000000003
1944   -3.429499999999999
1945   -3.4585
1946   -3.4814999999999996
1947   -3.510499999999999
1948   -3.4725
1949   -3.521000000000001
1950   -3.5375000000000005
1951   -3.493
1952   -3.5065
1953   -3.5705000000000005
1954   -3.5919999999999996
1955   -3.579000000000001
1956   -3.631500000000001
1957   -3.8089999999999997
1958   -3.8605
1959   -3.818999999999999
1960   -3.8045
1961   -3.7980000000000005
1962   -3.8085000000000004
1963   -3.7629999999999995
1964   -3.8205
1965   -3.918
1966   -3.8745000000000003
1967   -4.1155
1968   -4.1755
1969   -4.3495
1970   -4.344500000000001
1971   -4.34
1972   -4.358499999999999
1973   -4.5405
1974   -4.4655
1975   -4.513
1976   -4.4925
1977   -4.543500000000002
1978   -4.502000000000001
1979   -4.4695
1980   -4.4815000000000005
1981   -4.3925
1982   -4.383500000000001
1983   -4.4295
1984   -4.434
1985   -4.4015
1986   -4.47
1987   -4.4425
1988   -4.4895000000000005
1989   -4.4665
1990   -4.514
1991   -4.632000000000001
1992   -4.5785
1993   -4.624999999999999
1994   -4.661
1995   -4.6175
1996   -4.599500000000001
1997   -4.538499999999999
1998   -4.5375000000000005
1999   -4.526000000000001
2000   -4.501
2001   -4.418500000000001
2002   -4.431500000000001
2003   -4.387999999999999
2004   -4.3335
2005   -4.1715
2006   -4.247
2007   -4.023000000000001
2008   -4.0145
2009   -3.9479999999999995
2010   -3.9265
2011   -4.0715
2012   -4.0489999999999995
2013   -4.049
2014   -4.056
2015   -4.058999999999999
2016   -4.062
2017   -4.045000000000001
2018   -4.0515
2019   -4.074
2020   -4.077999999999999
2021   -4.0515
2022   -4.111000000000001
2023   -3.9665000000000004
2024   -3.9880000000000004
2025   -3.8930000000000007
2026   -3.9535
2027   -3.92
2028   -3.919
2029   -3.9014999999999995
2030   -3.9414999999999996
2031   -3.9285
2032   -3.9314999999999998
2033   -3.9749999999999996
2034   -3.9335000000000004
2035   -3.9295
2036   -3.891
2037   -3.8755000000000006
2038   -3.8905000000000003
2039   -3.7685000000000004
2040   -3.7775000000000003
2041   -3.7504999999999997
2042   -3.745
2043   -3.7350000000000003
2044   -3.7435
2045   -3.7444999999999995
2046   -3.7415000000000003
2047   -3.7619999999999996
2048   -3.7504999999999997
2049   -3.6975000000000002
2050   -3.7250000000000005
2051   -3.7215
