COBYLA
1   1.3765000000000003
2   1.4945
3   1.4405000000000008
4   2.708499999999999
5   1.1279999999999997
6   0.373
7   0.0039999999999997815
8   -0.39000000000000046
9   0.30349999999999966
10   -0.7245000000000001
11   -0.20950000000000002
12   -0.7445000000000003
13   -0.6535000000000002
14   -0.7914999999999994
15   -0.6859999999999995
16   -0.13999999999999946
17   -0.8724999999999998
18   -0.5450000000000002
19   0.20449999999999968
20   0.11349999999999982
21   -1.7109999999999999
22   -1.5904999999999998
23   -1.7805000000000004
24   -2.551
25   -2.3895000000000004
26   -2.6144999999999996
27   -1.932
28   -2.9705
29   -1.6785000000000005
30   -2.605999999999999
31   -1.0605
32   -3.4265
33   -2.136
34   -3.621999999999999
35   -4.3175
36   -3.7935000000000008
37   -4.6290000000000004
38   -4.798500000000001
39   -4.0920000000000005
40   -4.9455
41   -3.6555000000000004
42   -4.147500000000001
43   -3.8335000000000004
44   -5.215000000000001
45   -3.491
46   -5.180499999999999
47   -4.6475
48   -5.1735000000000015
49   -4.9025
50   -5.4685
51   -4.725
52   -5.360500000000001
53   -4.643000000000001
54   -5.3535
55   -4.924000000000001
56   -5.3385
57   -4.548500000000001
58   -5.4479999999999995
59   -5.156
60   -5.364000000000001
61   -5.089
62   -5.5120000000000005
63   -5.3395
64   -5.3345
65   -5.437
66   -5.4990000000000006
67   -5.3835
68   -5.269500000000001
69   -5.47
70   -5.618
71   -5.5335
72   -4.951
73   -5.5745000000000005
74   -5.411
75   -5.520500000000001
76   -5.2925
77   -5.6305
78   -5.593999999999999
79   -5.613
80   -5.6135
81   -5.6045
82   -5.545999999999999
83   -5.674
84   -5.6515
85   -5.64
86   -5.634499999999999
87   -5.6775
88   -5.680999999999999
89   -5.6095
90   -5.616
91   -5.5435
92   -5.6525
93   -5.708499999999999
94   -5.739
95   -5.6610000000000005
96   -5.725499999999999
97   -5.8015
98   -5.7515
99   -5.817
100   -5.7965
101   -5.68
102   -5.782
103   -5.6575
104   -5.7625
105   -5.7355
106   -5.7445
107   -5.77
108   -5.736000000000001
109   -5.7095
110   -5.7875
111   -5.8065
112   -5.8100000000000005
113   -5.7995
114   -5.773999999999999
115   -5.7895
116   -5.822500000000001
117   -5.801
118   -5.7780000000000005
119   -5.8214999999999995
120   -5.825000000000001
121   -5.7855
122   -5.780499999999999
123   -5.7805
124   -5.827500000000001
125   -5.78
126   -5.842499999999999
127   -5.8255
128   -5.8295
129   -5.842
130   -5.8454999999999995
131   -5.8535
132   -5.837000000000001
133   -5.8505
134   -5.855499999999999
135   -5.8465
136   -5.856000000000001
137   -5.851
138   -5.840000000000001
139   -5.852500000000001
140   -5.867999999999999
141   -5.843500000000001
142   -5.835000000000001
143   -5.8405000000000005
144   -5.8475
145   -5.860500000000001
146   -5.800999999999999
147   -5.872000000000001
148   -5.832499999999999
149   -5.8635
150   -5.8614999999999995
151   -5.859999999999999
152   -5.835
153   -5.8715
154   -5.8345
155   -5.8645
156   -5.863
157   -5.8655
158   -5.871
159   -5.8735
160   -5.850500000000002
161   -5.878
162   -5.8695
163   -5.85
164   -5.8790000000000004
165   -5.853
166   -5.8635
167   -5.876
168   -5.838500000000001
169   -5.879000000000001
170   -5.8725000000000005
171   -5.8695
172   -5.880000000000001
173   -5.889500000000001
174   -5.8835
175   -5.894500000000001
176   -5.884
177   -5.899500000000001
178   -5.8945
179   -5.907
180   -5.902999999999999
181   -5.8934999999999995
182   -5.897500000000001
183   -5.9
184   -5.8995
185   -5.8945
186   -5.9035
187   -5.895499999999999
188   -5.9055
189   -5.891
190   -5.892
191   -5.9015
192   -5.901
193   -5.8945
194   -5.894000000000001
195   -5.870999999999999
196   -5.897
197   -5.9014999999999995
198   -5.893500000000001
199   -5.901999999999999
200   -5.904
201   -5.901
202   -5.8950000000000005
203   -5.9079999999999995
204   -5.889500000000001
205   -5.9105
206   -5.8935
207   -5.899500000000001
208   -5.9035
209   -5.913
210   -5.899
211   -5.899
212   -5.903
213   -5.9030000000000005
214   -5.903499999999999
215   -5.9085
216   -5.903
217   -5.909000000000001
218   -5.892500000000002
219   -5.896
220   -5.9065
221   -5.91
222   -5.907500000000001
223   -5.904
224   -5.9079999999999995
225   -5.911
226   -5.9035
227   -5.904999999999999
228   -5.882
229   -5.8885000000000005
230   -5.905
231   -5.909000000000001
232   -5.902500000000001
233   -5.898
234   -5.891500000000001
235   -5.8945
236   -5.896000000000001
237   -5.9
238   -5.888
239   -5.91
240   -5.906499999999999
241   -5.904
242   -5.901999999999999
243   -5.9055
244   -5.8975
245   -5.9155000000000015
246   -5.898000000000001
247   -5.900500000000001
248   -5.904999999999999
249   -5.8965
250   -5.9094999999999995
251   -5.8995
252   -5.891499999999999
253   -5.9035
254   -5.898999999999999
255   -5.8975
256   -5.8975
257   -5.9135
258   -5.894500000000001
259   -5.8975
260   -5.9145
261   -5.907
262   -5.901
263   -5.9
264   -5.899
265   -5.899
266   -5.902500000000001
267   -5.9030000000000005
268   -5.9030000000000005
269   -5.909999999999999
270   -5.900999999999999
271   -5.890499999999999
272   -5.895499999999999
273   -5.902
274   -5.91
275   -5.894
276   -5.899
277   -5.897
278   -5.897499999999999
279   -5.9079999999999995
280   -5.9115
281   -5.9005
282   -5.8985
283   -5.898000000000001
284   -5.896
285   -5.8999999999999995
286   -5.905
287   -5.8895
288   -5.901
289   -5.907
290   -5.9045000000000005
291   -5.8935
292   -5.899500000000001
293   -5.907
294   -5.896999999999999
295   -5.8995
296   -5.8925
297   -5.905
298   -5.904
299   -5.906
300   -5.914000000000001
301   -5.9045
302   -5.899
303   -5.8995
304   -5.899
305   -5.89
306   -5.8855
307   -5.909000000000001
308   -5.8975
309   -5.9014999999999995
310   -5.8965000000000005
311   -5.906999999999999
312   -5.901000000000001
313   -5.884
314   -5.893000000000001
315   -5.891
316   -5.894499999999999
317   -5.8955
318   -5.8965
319   -5.897
320   -5.904999999999999
321   -5.8985
322   -5.895999999999999
323   -5.9014999999999995
324   -5.910500000000001
325   -5.8905
326   -5.894999999999999
327   -5.904
328   -5.899
329   -5.9005
330   -5.901000000000002
331   -5.897
332   -5.8985
333   -5.906499999999999
334   -5.8925
335   -5.880500000000001
336   -5.9055
337   -5.911500000000001
338   -5.902
339   -5.9035
340   -5.891
341   -5.911499999999999
342   -5.907
343   -5.911
344   -5.9125
345   -5.894
346   -5.9165
347   -5.8885
348   -5.898
349   -5.9095
350   -5.913500000000001
351   -5.8905
352   -5.8925
353   -5.8945
354   -5.9075
355   -5.916500000000001
356   -5.8999999999999995
357   -5.8955
358   -5.907499999999999
359   -5.899000000000001
360   -5.9005
361   -5.9075
362   -5.9079999999999995
363   -5.909
364   -5.8985
365   -5.8915
366   -5.8999999999999995
367   -5.911999999999999
368   -5.8975
369   -5.893
370   -5.8975
371   -5.9015
372   -5.9145
373   -5.909000000000001
374   -5.9
375   -5.905000000000001
376   -5.8915
377   -5.906
378   -5.907
379   -5.914
380   -5.909999999999999
381   -5.886000000000001
382   -5.899500000000001
383   -5.8965000000000005
384   -5.906000000000001
385   -5.897000000000001
386   -5.911
387   -5.9045
388   -5.904500000000001
389   -5.907500000000001
390   -5.91
391   -5.9045
392   -5.904499999999999
393   -5.896999999999999
394   -5.9110000000000005
395   -5.915000000000001
396   -5.8955
397   -5.9105
398   -5.9055
399   -5.8999999999999995
400   -5.888
401   -5.904
402   -5.9015
403   -5.898499999999999
404   -5.9055
405   -5.902499999999999
406   -5.893500000000001
407   -5.906999999999999
408   -5.901999999999999
409   -5.8955
410   -5.9045000000000005
411   -5.909
412   -5.905
413   -5.91
414   -5.9075
415   -5.9015
416   -5.9055
417   -5.8925
418   -5.9115
419   -5.894500000000001
420   -5.904
421   -5.8935
422   -5.899
423   -5.901
424   -5.9025
425   -5.8999999999999995
426   -5.9055
427   -5.901
428   -5.902
429   -5.9045000000000005
430   -5.905
431   -5.9035
432   -5.906000000000001
433   -5.907
434   -5.899
435   -5.889499999999999
436   -5.8915
437   -5.9045
438   -5.8919999999999995
439   -5.894
440   -5.888
441   -5.893000000000001
442   -5.890000000000001
443   -5.9085
444   -5.905
445   -5.917000000000001
446   -5.8985
447   -5.901999999999999
448   -5.894
449   -5.8805
450   -5.900999999999999
451   -5.903500000000001
452   -5.8895
453   -5.9025
454   -5.899000000000001
455   -5.905000000000001
456   -5.9125
457   -5.916999999999999
458   -5.8945
459   -5.901
460   -5.903499999999999
461   -5.9035
462   -5.8915
463   -5.9005
464   -5.9094999999999995
465   -5.917
466   -5.898000000000001
467   -5.8975
468   -5.899999999999999
469   -5.909
470   -5.894
471   -5.8985
472   -5.903499999999999
473   -5.901
474   -5.8965000000000005
475   -5.896
476   -5.901999999999999
477   -5.9005
478   -5.8985
479   -5.8985
480   -5.902999999999999
481   -5.911
482   -5.908
483   -5.893
484   -5.9045000000000005
485   -5.904999999999999
486   -5.897500000000001
487   -5.9025
488   -5.914
489   -5.891500000000001
490   -5.914000000000001
491   -5.897
492   -5.922000000000001
493   -5.8995
494   -5.902
495   -5.901
496   -5.8895
497   -5.8805
498   -5.912
499   -5.9
500   -5.8935
501   -5.891500000000001
502   -5.906499999999999
503   -5.8925
504   -5.898000000000001
505   -5.898000000000001
506   -5.904
507   -5.895
508   -5.9135
509   -5.882000000000001
510   -5.9014999999999995
511   -5.912
512   -5.902
513   -5.9
514   -5.885999999999999
515   -5.908
516   -5.8950000000000005
517   -5.9030000000000005
518   -5.9030000000000005
519   -5.902
520   -5.8885
521   -5.916
522   -5.8985
523   -5.9030000000000005
524   -5.904
525   -5.904999999999999
526   -5.897500000000001
527   -5.8915
528   -5.9055
529   -5.909000000000001
530   -5.899
531   -5.8985
532   -5.898
533   -5.895
534   -5.895
535   -5.897500000000001
536   -5.905499999999999
537   -5.9145
538   -5.899500000000001
539   -5.898500000000001
540   -5.9045000000000005
541   -5.891
542   -5.899000000000001
543   -5.9030000000000005
544   -5.8965
SPSA
1   -1.4640000000000002
2   -1.467
3   -1.551
4   -1.401
5   -1.4729999999999994
6   -1.4290000000000003
7   -1.5060000000000002
8   -1.4175
9   -1.3190000000000002
10   -1.48
11   -1.426
12   -1.4609999999999999
13   -1.4535000000000002
14   -1.5065
15   -1.4129999999999998
16   -1.5334999999999996
17   -1.4714999999999998
18   -1.4555000000000002
19   -1.4644999999999997
20   -1.4315000000000002
21   -1.448
22   -1.472
23   -1.5175
24   -1.4789999999999999
25   -1.424
26   -1.4859999999999998
27   -1.4304999999999999
28   -1.5460000000000003
29   -1.4634999999999998
30   -1.3885000000000003
31   -1.4135
32   -1.4950000000000003
33   -1.4734999999999996
34   -1.4615
35   -1.5015
36   -1.5324999999999998
37   -1.4080000000000004
38   -1.4315000000000002
39   -1.443
40   -1.503
41   -1.4375
42   -1.4560000000000004
43   -1.3895
44   -1.3845
45   -1.3835000000000002
46   -1.484
47   -1.4709999999999999
48   -1.4320000000000004
49   -1.5295
50   -1.409
51   -1.4629999999999996
52   -1.4555000000000002
53   -1.3955000000000006
54   -1.402
55   -1.5850000000000004
56   -1.6689999999999998
57   -1.6949999999999998
58   -1.6524999999999999
59   -1.216
60   -1.271
61   0.09499999999999953
62   0.05599999999999994
63   -1.0065000000000004
64   -0.9289999999999996
65   -1.9025
66   -1.9659999999999997
67   -1.5260000000000002
68   -1.4825000000000002
69   -0.8584999999999994
70   -0.7999999999999999
71   -0.8294999999999999
72   -0.8360000000000004
73   -0.9714999999999998
74   -0.9199999999999999
75   -0.6674999999999998
76   -0.6424999999999997
77   -0.5805
78   -0.49850000000000017
79   -0.47550000000000014
80   -0.4900000000000001
81   -0.41700000000000004
82   -0.4275
83   -0.498
84   -0.47749999999999965
85   -0.7685000000000001
86   -0.7540000000000002
87   -0.7889999999999999
88   -0.7555000000000007
89   -0.8359999999999996
90   -0.8724999999999995
91   -0.45900000000000024
92   -0.5609999999999998
93   0.21950000000000025
94   0.3195000000000003
95   0.9144999999999999
96   0.9399999999999998
97   1.0075000000000003
98   0.9629999999999997
99   0.7374999999999999
100   0.5824999999999996
101   -0.05900000000000011
102   -0.09850000000000006
103   0.03000000000000011
104   0.14400000000000016
105   -0.014000000000000123
106   -0.02599999999999944
107   -0.08699999999999988
108   -0.03049999999999997
109   -0.26099999999999973
110   -0.28949999999999987
111   -0.40599999999999997
112   -0.6000000000000001
113   1.3385
114   1.2745
115   1.2625000000000006
116   1.2114999999999998
117   0.4754999999999999
118   0.512
119   0.07749999999999987
120   0.09849999999999987
121   0.1685000000000001
122   0.18299999999999966
123   0.1885
124   0.1585000000000002
125   -0.09400000000000056
126   -0.12249999999999978
127   -0.05599999999999994
128   -0.09749999999999961
129   0.2564999999999994
130   0.18499999999999972
131   0.4580000000000001
132   0.367
133   -0.7494999999999998
134   -0.734
135   -0.8179999999999996
136   -0.7960000000000002
137   -0.44849999999999973
138   -0.4635
139   -0.316
140   -0.24600000000000002
141   0.36650000000000016
142   0.44799999999999973
143   0.006000000000000033
144   -0.06249999999999967
145   0.33499999999999946
146   0.26649999999999985
147   -0.44199999999999967
148   -0.40949999999999975
149   -0.5045000000000002
150   -0.5055000000000002
151   -0.5585000000000003
152   -0.5635000000000002
153   -0.5135000000000002
154   -0.5205000000000004
155   -0.5414999999999994
156   -0.5345000000000002
157   -0.52
158   -0.5979999999999999
159   -0.03999999999999937
160   -0.04700000000000018
161   0.007000000000000256
162   -0.038500000000000034
163   0.025999999999999912
164   0.1274999999999996
165   0.03700000000000009
166   0.02350000000000052
167   0.09000000000000002
168   0.006500000000000061
169   -0.4010000000000008
170   -0.37350000000000055
171   -0.22400000000000003
172   -0.2195000000000002
173   -0.3219999999999993
174   -0.1985
175   0.5225000000000005
176   0.5464999999999998
177   0.7129999999999999
178   0.7670000000000005
179   0.7619999999999998
180   0.8320000000000002
181   -0.10999999999999982
182   -0.18899999999999978
183   0.3675000000000008
184   0.28149999999999986
185   -0.14850000000000013
186   -0.2485
187   0.12100000000000022
188   0.11399999999999944
189   0.18250000000000033
190   0.09850000000000003
191   -0.5034999999999997
192   -0.5165
193   -0.3670000000000003
194   -0.4944999999999999
195   -0.5005000000000002
196   -0.5425000000000002
197   -0.6194999999999997
198   -0.5915000000000002
199   -0.5204999999999997
200   -0.47300000000000025
201   -0.35450000000000026
202   -0.2174999999999995
203   -0.5009999999999994
204   -0.48099999999999943
205   -0.42149999999999976
206   -0.38050000000000006
207   -0.5079999999999998
208   -0.46499999999999975
209   -0.37099999999999966
210   -0.35299999999999976
211   -0.2789999999999996
212   -0.21749999999999997
213   -0.014999999999999791
214   0.022499999999999798
215   -0.004499999999999615
216   0.05499999999999977
217   -0.011000000000000065
218   0.1065000000000001
219   -0.122
220   -0.1514999999999999
221   -0.18799999999999967
222   -0.1510000000000004
223   0.03999999999999998
224   -0.014999999999999625
225   0.2074999999999999
226   0.10549999999999982
227   0.8935000000000004
228   0.8849999999999996
229   0.8445000000000001
230   0.7315000000000003
231   1.4679999999999995
232   1.424
233   1.0629999999999997
234   1.243
235   1.3609999999999998
236   1.2889999999999995
237   1.3660000000000005
238   1.3435000000000001
239   1.1795000000000004
240   1.2534999999999998
241   1.5379999999999998
242   1.5240000000000005
243   1.4150000000000005
244   1.4035000000000002
245   1.4765000000000001
246   1.4199999999999997
247   1.135499999999999
248   1.1219999999999999
249   1.148
250   1.1409999999999998
251   1.1244999999999998
252   1.1449999999999998
253   1.2164999999999997
254   1.1660000000000006
255   0.9570000000000001
256   0.9420000000000003
257   0.9090000000000001
258   0.9365000000000002
259   0.9435000000000001
260   1.0340000000000003
261   0.7235
262   0.7645000000000011
263   0.7275000000000007
264   0.7870000000000004
265   0.8689999999999993
266   0.7365000000000003
267   0.7230000000000002
268   0.7095000000000004
269   0.7789999999999996
270   0.8285000000000005
271   0.8904999999999996
272   0.7930000000000001
273   0.44200000000000017
274   0.44249999999999917
275   0.5155000000000002
276   0.49049999999999994
277   0.4724999999999993
278   0.34800000000000053
279   0.8565000000000005
280   0.9790000000000001
281   0.3924999999999997
282   0.4174999999999997
283   0.37549999999999983
284   0.38200000000000023
285   0.3839999999999997
286   0.3325
287   0.33350000000000013
288   0.304
289   0.41349999999999965
290   0.4689999999999999
291   0.5914999999999997
292   0.6470000000000006
293   0.5075000000000001
294   0.48750000000000027
295   0.5455000000000002
296   0.5140000000000003
297   0.3244999999999997
298   0.3090000000000004
299   0.3474999999999996
300   0.30450000000000044
301   0.24399999999999988
302   0.2160000000000002
303   0.2004999999999998
304   0.1905
305   0.2609999999999997
306   0.16649999999999987
307   0.4095
308   0.3475000000000006
309   0.20250000000000024
310   0.2154999999999999
311   0.1765
312   0.1274999999999994
313   0.2860000000000008
314   0.33150000000000035
315   0.3950000000000008
316   0.283
317   0.12300000000000005
318   0.24149999999999983
319   0.5509999999999995
320   0.5025
321   0.7305000000000001
322   0.7464999999999997
323   0.7529999999999999
324   0.7629999999999999
325   0.7349999999999997
326   0.7729999999999999
327   0.8230000000000006
328   0.8824999999999997
329   0.9935
330   1.0630000000000002
331   1.0555
332   0.9535000000000001
333   0.7260000000000001
334   0.6844999999999999
335   0.548
336   0.5820000000000001
337   0.5424999999999995
338   0.5684999999999996
339   0.6550000000000001
340   0.6245000000000003
341   0.6199999999999999
342   0.6694999999999997
343   0.629
344   0.516
345   0.3835000000000002
346   0.34899999999999964
347   0.3530000000000004
348   0.42650000000000005
349   0.5600000000000005
350   0.5715000000000001
351   0.5740000000000003
352   0.5085000000000001
353   0.6169999999999998
354   0.5540000000000003
355   0.7294999999999999
356   0.6925000000000003
357   0.7494999999999996
358   0.7519999999999998
359   0.7929999999999993
360   0.7534999999999997
361   0.8029999999999999
362   0.9239999999999999
363   0.6365000000000003
364   0.5974999999999999
365   0.5225000000000001
366   0.5830000000000005
367   0.5065
368   0.6470000000000002
369   0.9870000000000001
370   0.9110000000000003
371   0.7990000000000003
372   0.8175000000000001
373   0.8464999999999999
374   0.8475000000000004
375   0.8634999999999999
376   0.8775000000000004
377   0.7750000000000004
378   0.8369999999999994
379   0.9854999999999998
380   0.962
381   1.0465000000000004
382   1.0220000000000002
383   1.0629999999999997
384   1.1090000000000002
385   0.9585000000000004
386   0.9149999999999997
387   0.8120000000000003
388   0.8915000000000002
389   0.9035
390   0.9675
391   0.8879999999999996
392   0.9974999999999998
393   0.9855000000000002
394   0.8840000000000002
395   1.0720000000000005
396   1.1060000000000003
397   0.9930000000000001
398   1.1575000000000004
399   0.17200000000000015
400   0.20700000000000027
401   0.38000000000000017
402   0.45549999999999985
403   0.47949999999999987
404   0.40999999999999975
405   0.6025000000000004
406   0.6405000000000002
407   0.4694999999999999
408   0.522
409   0.39049999999999985
410   0.4845000000000003
411   0.21599999999999991
412   0.19849999999999973
413   0.20849999999999946
414   0.24649999999999994
415   0.03650000000000014
416   0.14750000000000002
417   -0.11749999999999924
418   -0.08999999999999989
419   -0.20500000000000002
420   -0.09899999999999984
421   -0.2679999999999996
422   -0.29450000000000043
423   -0.2524999999999997
424   -0.2759999999999999
425   -0.1789999999999998
426   -0.20250000000000032
427   -0.10649999999999984
428   -0.19249999999999956
429   0.09850000000000005
430   0.07650000000000018
431   0.0985000000000003
432   0.15250000000000047
433   0.10849999999999986
434   0.052999999999999936
435   0.24050000000000027
436   0.2169999999999998
437   0.1044999999999997
438   0.05750000000000022
439   0.1360000000000001
440   0.1060000000000002
441   0.14000000000000046
442   0.11149999999999988
443   0.10799999999999976
444   0.18149999999999952
445   0.013999999999999846
446   0.05150000000000021
447   0.10349999999999981
448   0.12150000000000016
449   0.1385
450   0.11150000000000013
451   0.19950000000000012
452   0.10799999999999998
453   0.40650000000000064
454   0.3995000000000007
455   0.3510000000000001
456   0.32500000000000046
457   0.3369999999999999
458   0.3410000000000005
459   0.3244999999999995
460   0.3539999999999999
461   0.27600000000000025
462   0.3789999999999998
463   0.1604999999999997
464   0.17950000000000005
465   0.2019999999999998
466   0.16050000000000048
467   0.27249999999999985
468   0.1644999999999997
469   0.21399999999999977
470   0.2694999999999995
471   0.13650000000000007
472   0.15499999999999958
473   0.2514999999999995
474   0.24799999999999983
475   0.18399999999999989
476   0.1480000000000003
477   0.029500000000000026
478   0.012500000000000067
479   0.04500000000000032
480   0.03949999999999959
481   0.05299999999999991
482   0.06399999999999956
483   0.08399999999999963
484   0.08199999999999993
485   0.0775000000000004
486   0.08799999999999997
487   0.05200000000000049
488   0.09499999999999997
489   0.08399999999999974
490   0.0390000000000002
491   0.20200000000000037
492   0.06249999999999992
493   0.232
494   0.2679999999999999
495   0.2205000000000002
496   0.2355
497   0.24100000000000021
498   0.3210000000000002
499   0.14149999999999968
500   0.1724999999999996
501   0.2949999999999998
502   0.22200000000000072
503   -0.06599999999999978
504   -0.01849999999999974
505   -0.1030000000000002
506   -0.09150000000000008
507   -0.1254999999999994
508   -0.07349999999999968
509   -0.10900000000000004
510   -0.13100000000000012
511   -0.25750000000000006
512   -0.16250000000000037
513   -0.20199999999999962
514   -0.20599999999999985
515   -0.23400000000000037
516   -0.21199999999999974
517   -0.16499999999999976
518   -0.18550000000000022
519   -0.2950000000000006
520   -0.18500000000000005
521   -0.3619999999999999
522   -0.29899999999999993
523   -0.14249999999999996
524   -0.18749999999999978
525   -0.1785
526   -0.08300000000000024
527   -0.2724999999999995
528   -0.28600000000000037
529   -0.24650000000000005
530   -0.12099999999999994
531   -0.3024999999999999
532   -0.3460000000000001
533   -0.3100000000000003
534   -0.2275000000000002
535   -0.15749999999999992
536   -0.2584999999999999
537   0.024500000000000077
538   0.021000000000000185
539   0.07550000000000018
540   0.04149999999999987
541   0.012500000000000011
542   0.0375000000000002
543   -0.0015000000000002234
544   0.014500000000000401
545   -0.03649999999999998
546   0.0024999999999997247
547   0.007499999999999618
548   -0.014000000000000012
549   -0.06299999999999983
550   -0.01499999999999918
551   0.03700000000000009
552   0.05849999999999994
553   0.04100000000000037
554   0.01450000000000029
555   0.0995000000000002
556   -0.03600000000000031
557   0.06149999999999939
558   0.14049999999999974
559   0.05050000000000043
560   0.044000000000000594
561   0.10349999999999993
562   0.028500000000000303
563   -0.1369999999999999
564   -0.07699999999999962
565   -0.026500000000000523
566   -0.02149999999999974
567   -0.0010000000000000564
568   -0.053999999999999715
569   -0.14350000000000018
570   -0.035999999999999754
571   -0.3129999999999997
572   -0.31499999999999995
573   -0.36599999999999977
574   -0.38949999999999985
575   -0.2950000000000004
576   -0.40600000000000014
577   -0.23800000000000016
578   -0.33899999999999986
579   -0.30549999999999966
580   -0.31999999999999973
581   -0.33550000000000024
582   -0.3729999999999999
583   -0.33699999999999986
584   -0.3414999999999999
585   -0.38050000000000017
586   -0.3185000000000001
587   -0.3295000000000007
588   -0.29249999999999954
589   -0.35750000000000004
590   -0.34250000000000025
591   -0.2815000000000001
592   -0.3195
593   -0.32299999999999973
594   -0.3254999999999997
595   -0.34599999999999975
596   -0.22399999999999975
597   -0.05400000000000016
598   0.01900000000000035
599   0.11699999999999977
600   0.09900000000000042
601   0.13750000000000018
602   0.1359999999999999
603   0.12200000000000033
604   0.09599999999999992
605   0.06200000000000011
606   0.06849999999999995
607   0.02699999999999947
608   0.11150000000000082
609   0.24949999999999994
610   0.2879999999999998
611   0.2325000000000001
612   0.13800000000000023
613   -0.04849999999999988
614   0.033500000000000085
615   -0.06250000000000033
616   -0.10100000000000009
617   -0.19450000000000023
618   -0.07599999999999918
619   0.1424999999999994
620   0.044499999999999984
621   -0.009499999999999509
622   -0.03199999999999992
623   0.12050000000000005
624   0.09249999999999992
625   0.08649999999999947
626   0.11799999999999955
627   0.05699999999999972
628   0.017000000000000126
629   0.05649999999999955
630   0.133
631   0.21999999999999975
632   0.22950000000000037
633   0.13000000000000012
634   0.14000000000000046
635   0.18349999999999955
636   0.2280000000000003
637   0.25150000000000006
638   0.23699999999999966
639   0.13900000000000012
640   0.2729999999999997
641   0.6694999999999999
642   0.7084999999999999
643   0.6149999999999998
644   0.6630000000000001
645   0.7120000000000002
646   0.6314999999999998
647   0.5405000000000001
648   0.6034999999999995
649   0.7890000000000003
650   0.732
651   0.762
652   0.8310000000000004
653   0.5604999999999999
654   0.5720000000000003
655   0.5679999999999996
656   0.5259999999999998
657   0.6010000000000002
658   0.48200000000000004
659   0.8685000000000006
660   0.9815000000000007
661   0.8419999999999995
662   0.8620000000000002
663   0.9655000000000001
664   0.8214999999999997
665   0.8445
666   0.7429999999999998
667   0.7934999999999999
668   0.7185000000000005
669   0.7849999999999997
670   0.7394999999999996
671   0.7
672   0.6994999999999996
673   0.817
674   0.7274999999999997
675   0.7694999999999995
676   0.7815000000000003
677   0.7390000000000002
678   0.8094999999999999
679   0.9170000000000006
680   0.9679999999999995
681   0.9745000000000004
682   1.0224999999999995
683   1.077
684   0.9824999999999996
685   1.1235
686   1.1755
687   1.2879999999999996
688   1.1500000000000004
689   1.105
690   0.9789999999999996
691   1.1165000000000003
692   1.1625
693   1.1734999999999995
694   1.201
695   1.1300000000000003
696   1.1250000000000004
697   1.1709999999999998
698   1.186
699   1.1415
700   1.1150000000000002
701   1.1075
702   1.0769999999999995
703   1.0120000000000002
704   1.0024999999999997
705   0.918
706   0.9534999999999998
707   0.9964999999999999
708   1.1454999999999997
709   0.9780000000000002
710   0.9980000000000001
711   0.9419999999999998
712   1.0079999999999998
713   0.7390000000000003
714   0.687
715   0.5625000000000001
716   0.6475000000000004
717   0.7879999999999998
718   0.8175000000000001
719   0.8579999999999995
720   0.8285000000000002
721   0.7085
722   0.7209999999999999
723   0.81
724   0.8204999999999996
725   0.6810000000000005
726   0.7764999999999997
727   0.7205000000000004
728   0.7324999999999999
729   0.7635000000000002
730   0.7414999999999998
731   0.8475000000000001
732   0.7879999999999998
733   0.8374999999999998
734   0.8264999999999999
735   0.8390000000000006
736   0.9275000000000003
737   0.5234999999999997
738   0.47
739   0.5700000000000005
740   0.7424999999999998
741   0.5589999999999998
742   0.44099999999999984
743   0.39849999999999974
744   0.38499999999999934
745   0.44099999999999995
746   0.3995000000000001
747   0.3069999999999997
748   0.30800000000000016
749   0.24550000000000016
750   0.2110000000000004
751   0.3474999999999998
752   0.3819999999999999
753   0.4580000000000002
754   0.5119999999999999
755   0.3640000000000001
756   0.26649999999999996
757   0.20750000000000024
758   0.20399999999999996
759   0.20399999999999996
760   0.21950000000000014
761   0.23099999999999965
762   0.20499999999999974
763   0.238
764   0.2625000000000003
765   0.09050000000000002
766   0.0759999999999994
767   0.10249999999999981
768   0.07749999999999979
769   0.06450000000000045
770   0.09400000000000053
771   0.18650000000000044
772   0.1625000000000001
773   0.2220000000000002
774   0.23450000000000026
775   0.07799999999999963
776   0.1385000000000003
777   -0.053999999999999826
778   0.034499999999999975
779   -0.20599999999999963
780   -0.22999999999999915
781   -0.12049999999999983
782   -0.12149999999999972
783   -0.14100000000000001
784   -0.19699999999999995
785   -0.07499999999999984
786   -0.13399999999999945
787   -0.16449999999999998
788   -0.21750000000000025
789   -0.3290000000000002
790   -0.30900000000000005
791   -0.37399999999999956
792   -0.38550000000000006
793   -0.34799999999999975
794   -0.4065000000000002
795   -0.34350000000000025
796   -0.43750000000000033
797   -0.3370000000000001
798   -0.41900000000000004
799   -0.24749999999999983
800   -0.2324999999999996
801   -0.18899999999999983
802   -0.253
803   -0.47799999999999954
804   -0.41199999999999914
805   -0.4195
806   -0.41099999999999914
807   -0.3494999999999995
808   -0.39899999999999947
809   -0.37499999999999967
810   -0.48150000000000004
811   -0.3949999999999996
812   -0.4430000000000006
813   -0.41849999999999976
814   -0.4810000000000001
815   -0.23600000000000065
816   -0.2875000000000001
817   -0.3135000000000001
818   -0.2400000000000002
819   -0.03200000000000003
820   -0.06099999999999983
821   0.1724999999999992
822   0.10749999999999993
823   0.38299999999999956
824   0.3140000000000003
825   0.25199999999999967
826   0.30950000000000055
827   0.29349999999999965
828   0.385
829   0.5715000000000001
830   0.5465000000000007
831   0.5614999999999998
832   0.5975
833   0.4819999999999999
834   0.5939999999999995
835   0.49850000000000044
836   0.5609999999999999
837   0.6465000000000001
838   0.6515
839   0.7260000000000004
840   0.6639999999999997
841   0.7414999999999996
842   0.6569999999999998
843   0.8254999999999997
844   0.8434999999999999
845   0.8344999999999996
846   0.7889999999999998
847   0.6494999999999994
848   0.6259999999999998
849   0.7095
850   0.5985000000000004
851   0.6614999999999996
852   0.6315000000000002
853   0.6339999999999998
854   0.6874999999999998
855   0.5475000000000001
856   0.6080000000000002
857   0.49750000000000033
858   0.5739999999999995
859   0.5804999999999996
860   0.5184999999999998
861   0.5854999999999998
862   0.5874999999999998
863   0.5609999999999999
864   0.5389999999999999
865   0.5559999999999999
866   0.5059999999999997
867   0.5514999999999997
868   0.528
869   0.5030000000000006
870   0.39999999999999986
871   0.3499999999999999
872   0.41000000000000014
873   0.29449999999999976
874   0.3189999999999994
875   0.3445000000000002
876   0.26400000000000023
877   0.42949999999999994
878   0.4645000000000004
879   0.5049999999999994
880   0.4824999999999996
881   0.5229999999999999
882   0.47949999999999904
883   0.3965000000000002
884   0.37499999999999967
885   0.2999999999999996
886   0.3590000000000002
887   0.18399999999999972
888   0.15050000000000052
889   0.1815000000000001
890   0.15600000000000003
891   0.13299999999999979
892   0.1279999999999999
893   0.12200000000000011
894   0.21199999999999952
895   -0.07950000000000013
896   -0.10350000000000004
897   0.03600000000000003
898   -0.017500000000000182
899   -0.029999999999999583
900   0.012999999999999567
901   -0.007500000000000173
902   0.007000000000000006
903   0.0015000000000001679
904   0.02749999999999997
905   -0.07549999999999979
906   -0.0889999999999993
907   -0.10850000000000004
908   -0.11349999999999982
909   -0.06749999999999978
910   -0.11149999999999982
911   -0.19050000000000045
912   -0.18349999999999977
913   -0.12950000000000006
914   -0.13150000000000028
915   -0.18699999999999972
916   -0.09549999999999981
917   -0.3580000000000002
918   -0.36899999999999966
919   -0.3505000000000005
920   -0.3105
921   -0.4869999999999993
922   -0.4834999999999997
923   -0.4370000000000003
924   -0.4640000000000001
925   -0.5274999999999997
926   -0.4535
927   -0.2164999999999998
928   -0.1855
929   -0.17300000000000038
930   -0.10400000000000009
931   -0.14649999999999985
932   -0.10300000000000009
933   -0.1365000000000005
934   -0.0469999999999996
935   -0.10049999999999981
936   -0.07450000000000068
937   -0.15200000000000025
938   0.017999999999999683
939   0.3845000000000003
940   0.3375
941   0.21650000000000003
942   0.2605000000000003
943   0.3425
944   0.35250000000000004
945   0.41149999999999964
946   0.3569999999999999
947   0.43600000000000017
948   0.5110000000000007
949   0.5055000000000001
950   0.45999999999999985
951   0.41400000000000026
952   0.3959999999999999
953   0.5305000000000004
954   0.39849999999999963
955   0.6729999999999993
956   0.6574999999999998
957   0.6740000000000008
958   0.6539999999999995
959   0.6435
960   0.6624999999999998
961   0.641
962   0.6094999999999998
963   0.6104999999999998
964   0.5625000000000006
965   0.6019999999999999
966   0.6250000000000004
967   0.5605
968   0.6195000000000006
969   0.4700000000000002
970   0.5559999999999996
971   0.497
972   0.5714999999999996
973   0.44699999999999984
974   0.4454999999999999
975   0.48699999999999943
976   0.44250000000000056
977   0.38600000000000023
978   0.4670000000000002
979   0.18900000000000017
980   0.08250000000000035
981   -0.10549999999999982
982   -0.08549999999999991
983   -0.09949999999999981
984   -0.16649999999999998
985   0.08550000000000013
986   0.1040000000000002
987   0.1485000000000002
988   0.13600000000000056
989   0.10799999999999998
990   0.14550000000000063
991   0.06099999999999994
992   0.07250000000000056
993   0.0950000000000002
994   0.1269999999999999
995   0.12649999999999972
996   0.12599999999999978
997   0.09799999999999986
998   0.03799999999999981
999   0.09099999999999986
1000   0.1204999999999995
1001   0.061000000000000165
1002   -0.021500000000000297
1003   0.1480000000000007
1004   0.16800000000000015
1005   0.14149999999999907
1006   0.11650000000000038
1007   0.056000000000000716
1008   0.2054999999999998
1009   -0.35899999999999976
1010   -0.3719999999999998
1011   -0.33699999999999997
1012   -0.3524999999999998
1013   -0.40049999999999997
1014   -0.42850000000000077
1015   -0.2789999999999996
1016   -0.35750000000000015
1017   -0.39299999999999957
1018   -0.4125000000000001
1019   -0.3869999999999999
1020   -0.4450000000000002
1021   -0.3904999999999992
1022   -0.44050000000000045
1023   -0.2955000000000001
1024   -0.2729999999999999
1025   -0.33099999999999996
1026   -0.36450000000000093
1027   -0.3785000000000003
1028   -0.40800000000000014
1029   -0.384
1030   -0.39049999999999974
1031   -0.3135
1032   -0.35650000000000015
1033   -0.4334999999999998
1034   -0.3019999999999996
1035   -0.5125000000000002
1036   -0.48599999999999965
1037   -0.4369999999999995
1038   -0.47550000000000037
1039   -0.5040000000000001
1040   -0.4294999999999999
1041   -0.4680000000000003
1042   -0.39099999999999957
1043   -0.3035000000000001
1044   -0.2469999999999999
1045   -0.16750000000000043
1046   -0.15549999999999997
1047   -0.1955
1048   -0.1385000000000003
1049   -0.2010000000000005
1050   -0.05950000000000055
1051   -0.16249999999999942
1052   -0.27649999999999975
1053   -0.19550000000000023
1054   -0.19200000000000017
1055   -0.25
1056   -0.28149999999999986
1057   -0.1349999999999998
1058   -0.15049999999999986
1059   -0.18849999999999967
1060   -0.17350000000000043
1061   -0.19649999999999967
1062   -0.16100000000000003
1063   -0.24600000000000044
1064   -0.17649999999999988
1065   -0.10400000000000054
1066   -0.015499999999999847
1067   0.09850000000000003
1068   0.12050000000000005
1069   0.11849999999999983
1070   0.11899999999999977
1071   0.15149999999999975
1072   0.16349999999999998
1073   0.0510000000000006
1074   0.16099999999999914
1075   0.06849999999999912
1076   0.14599999999999969
1077   0.2210000000000003
1078   0.20950000000000046
1079   0.3024999999999991
1080   0.2999999999999996
1081   0.27549999999999986
1082   0.2535000000000005
1083   0.3604999999999998
1084   0.3450000000000004
1085   0.23149999999999937
1086   0.25100000000000056
1087   0.4255
1088   0.3619999999999999
1089   0.3105000000000002
1090   0.29049999999999976
1091   0.2794999999999992
1092   0.2250000000000001
1093   0.2710000000000008
1094   0.29000000000000026
1095   0.2625000000000002
1096   0.2080000000000004
1097   0.30850000000000066
1098   0.26999999999999935
1099   0.3325
1100   0.2799999999999998
1101   0.23099999999999965
1102   0.31299999999999994
1103   0.37799999999999945
1104   0.4410000000000007
1105   0.393
1106   0.42699999999999916
1107   0.3080000000000003
1108   0.3400000000000005
1109   0.37949999999999995
1110   0.28300000000000014
1111   0.34950000000000014
1112   0.3350000000000004
1113   0.2630000000000008
1114   0.3105
1115   0.34300000000000064
1116   0.30699999999999994
1117   0.363
1118   0.2240000000000002
1119   0.23899999999999988
1120   0.17049999999999965
1121   0.2899999999999998
1122   0.3294999999999997
1123   0.2254999999999998
1124   0.22249999999999992
1125   0.19200000000000017
1126   0.15949999999999975
1127   0.2354999999999996
1128   0.24050000000000082
1129   0.20550000000000024
1130   0.21999999999999953
1131   0.23349999999999937
1132   0.1629999999999996
1133   0.15649999999999986
1134   0.17749999999999977
1135   0.16700000000000048
1136   0.13049999999999984
1137   0.2565000000000006
1138   0.25449999999999995
1139   0.19550000000000023
1140   0.23800000000000043
1141   0.19650000000000034
1142   0.29200000000000026
1143   0.011999999999999789
1144   0.01750000000000007
1145   -0.059000000000000385
1146   -0.016000000000000014
1147   -0.019500000000000073
1148   0.05850000000000044
1149   -0.01550000000000007
1150   0.016000000000000236
1151   -0.0024999999999999467
1152   -0.014000000000000234
1153   0.051000000000000156
1154   -0.03100000000000036
1155   0.09250000000000047
1156   0.1685000000000001
1157   0.22650000000000015
1158   0.19449999999999967
1159   0.14700000000000002
1160   0.1479999999999997
1161   0.14049999999999985
1162   0.24299999999999944
1163   0.3075000000000001
1164   0.3965000000000001
1165   0.3425000000000007
1166   0.3484999999999996
1167   0.3214999999999999
1168   0.2835000000000001
1169   0.3365
1170   0.26100000000000056
1171   0.2184999999999997
1172   0.19999999999999996
1173   0.2865000000000002
1174   0.19849999999999968
1175   0.3225
1176   0.2650000000000008
1177   0.23849999999999993
1178   0.14850000000000008
1179   0.19799999999999973
1180   0.16750000000000043
1181   0.1915
1182   0.22199999999999998
1183   0.3069999999999997
1184   0.2860000000000007
1185   0.29049999999999976
1186   0.24649999999999972
1187   0.24599999999999977
1188   0.19049999999999945
1189   0.15600000000000014
1190   0.15149999999999997
1191   0.13450000000000006
1192   0.20250000000000012
1193   0.3369999999999995
1194   0.3985000000000005
1195   0.3860000000000001
1196   0.3039999999999996
1197   0.15800000000000014
1198   0.14500000000000002
1199   0.17900000000000027
1200   0.26599999999999957
1201   0.39400000000000013
1202   0.4049999999999998
1203   0.2845000000000002
1204   0.3765000000000005
1205   0.21050000000000013
1206   0.25749999999999984
1207   0.3019999999999998
1208   0.27549999999999963
1209   0.1659999999999997
1210   0.2885
1211   0.4209999999999998
1212   0.36850000000000005
1213   0.4314999999999998
1214   0.3960000000000006
1215   0.3054999999999999
1216   0.20050000000000034
1217   0.12049999999999961
1218   0.15900000000000025
1219   0.125
1220   0.1649999999999996
1221   0.1605000000000003
1222   0.11849999999999983
1223   0.20750000000000002
1224   0.2929999999999997
1225   0.11599999999999988
1226   0.2149999999999994
1227   0.2615000000000003
1228   0.23449999999999993
1229   0.2755000000000001
1230   0.2965000000000002
1231   0.2999999999999998
1232   0.3350000000000004
1233   0.3354999999999999
1234   0.3699999999999999
1235   0.3700000000000001
1236   0.4135
1237   0.5200000000000005
1238   0.5119999999999993
1239   0.46450000000000014
1240   0.41149999999999975
1241   0.43349999999999933
1242   0.46250000000000036
1243   0.4679999999999995
1244   0.3785000000000003
1245   0.3660000000000001
1246   0.375
1247   0.45250000000000057
1248   0.3660000000000001
1249   0.3985000000000003
1250   0.5145000000000002
1251   0.49199999999999977
1252   0.43100000000000027
1253   0.5754999999999997
1254   0.6779999999999997
1255   0.6844999999999994
1256   0.5814999999999995
1257   0.3980000000000006
1258   0.4295
1259   0.3999999999999999
1260   0.49499999999999966
1261   0.43249999999999966
1262   0.4905000000000006
1263   0.26750000000000007
1264   0.3045000000000002
1265   0.3204999999999998
1266   0.278
1267   0.28349999999999964
1268   0.28700000000000014
1269   0.23949999999999916
1270   0.3874999999999995
1271   0.401
1272   0.5360000000000003
1273   0.518
1274   0.4885000000000004
1275   0.4474999999999998
1276   0.39549999999999974
1277   0.3265
1278   0.3510000000000004
1279   0.30299999999999994
1280   0.28500000000000036
1281   0.31499999999999995
1282   0.3140000000000003
1283   0.2925000000000002
1284   0.37600000000000033
1285   0.40600000000000014
1286   0.3800000000000001
1287   0.3809999999999998
1288   0.3064999999999998
1289   0.15600000000000036
1290   0.18249999999999988
1291   0.18699999999999983
1292   0.1775000000000002
1293   0.13300000000000067
1294   0.10150000000000015
1295   0.19799999999999995
1296   0.1559999999999997
1297   0.2600000000000009
1298   0.15050000000000008
1299   0.3190000000000004
1300   0.20449999999999924
1301   0.5759999999999996
1302   0.5975000000000004
1303   0.5729999999999995
1304   0.6389999999999993
1305   0.5144999999999997
1306   0.49499999999999966
1307   0.5054999999999996
1308   0.5004999999999997
1309   0.5015000000000003
1310   0.4925000000000004
1311   0.44749999999999956
1312   0.4625000000000006
1313   0.5639999999999998
1314   0.4999999999999998
1315   0.4575
1316   0.5075000000000005
1317   0.5665000000000002
1318   0.5475000000000001
1319   0.5200000000000002
1320   0.5519999999999998
1321   0.4540000000000002
1322   0.4130000000000005
1323   0.4689999999999994
1324   0.5354999999999996
1325   0.25500000000000034
1326   0.22500000000000053
1327   0.04749999999999943
1328   0.20650000000000057
1329   0.131
1330   0.15349999999999975
1331   0.2254999999999996
1332   0.18900000000000006
1333   0.18949999999999956
1334   0.14749999999999996
1335   0.3254999999999997
1336   0.2240000000000002
1337   0.0
1338   -0.02450000000000019
1339   -0.06849999999999978
1340   -0.07350000000000034
1341   -0.055500000000000105
1342   -0.03750000000000031
1343   -0.06950000000000034
1344   -0.04949999999999988
1345   -0.05049999999999999
1346   -0.10200000000000009
1347   -0.051500000000000545
1348   0.01049999999999951
1349   0.04850000000000021
1350   -0.020000000000000018
1351   -0.0394999999999992
1352   0.032999999999999474
1353   -0.14700000000000069
1354   -0.09400000000000053
1355   0.014999999999999902
1356   0.03149999999999986
1357   0.05699999999999994
1358   0.040999999999999925
1359   0.17950000000000044
1360   0.07750000000000012
1361   -0.23550000000000004
1362   -0.18049999999999988
1363   -0.04650000000000043
1364   -0.11250000000000027
1365   0.08199999999999963
1366   0.07600000000000029
1367   0.07899999999999974
1368   0.010000000000000231
1369   0.040000000000000036
1370   0.16149999999999998
1371   0.04600000000000004
1372   0.05600000000000005
1373   -0.047000000000000375
1374   0.09499999999999931
1375   0.484
1376   0.5004999999999997
1377   0.514
1378   0.4289999999999998
1379   0.47699999999999965
1380   0.5130000000000001
1381   0.711000000000001
1382   0.6749999999999995
1383   0.5325000000000002
1384   0.5505000000000002
1385   0.4985000000000004
1386   0.5575000000000003
1387   0.55
1388   0.6115000000000004
1389   0.7194999999999996
1390   0.7219999999999998
1391   0.7694999999999997
1392   0.7345
1393   0.6199999999999998
1394   0.6909999999999992
1395   0.8304999999999999
1396   0.8794999999999997
1397   0.7654999999999994
1398   0.847
1399   0.9080000000000007
1400   0.8884999999999996
1401   0.9295000000000005
1402   1.0594999999999994
1403   0.826
1404   0.8929999999999998
1405   0.8725000000000005
1406   0.7575000000000003
1407   1.0585
1408   1.0740000000000003
1409   1.0659999999999998
1410   0.9075000000000003
1411   0.9864999999999995
1412   0.9805000000000001
1413   0.9680000000000002
1414   0.9825000000000004
1415   1.0404999999999998
1416   1.032
1417   0.9145000000000003
1418   0.8999999999999997
1419   1.0185000000000004
1420   0.9900000000000002
1421   0.9230000000000003
1422   0.9529999999999996
1423   0.8760000000000003
1424   0.9154999999999998
1425   0.8094999999999992
1426   0.8179999999999998
1427   0.8714999999999994
1428   0.8350000000000006
1429   0.8645000000000003
1430   0.8989999999999999
1431   1.0410000000000004
1432   0.994
1433   0.8045
1434   0.9680000000000003
1435   0.8964999999999999
1436   0.8595000000000003
1437   0.9040000000000004
1438   0.8799999999999998
1439   0.9484999999999997
1440   0.9934999999999999
1441   0.9634999999999994
1442   0.9185000000000001
1443   0.8810000000000004
1444   0.9534999999999999
1445   0.8009999999999999
1446   0.8125000000000004
1447   0.9114999999999993
1448   0.8420000000000003
1449   0.8114999999999994
1450   0.8474999999999999
1451   0.8895000000000002
1452   0.8205
1453   0.8624999999999997
1454   0.7909999999999998
1455   1.0014999999999994
1456   0.8645
1457   1.0364999999999993
1458   1.0919999999999992
1459   1.0304999999999993
1460   0.9629999999999999
1461   1.0859999999999999
1462   0.9940000000000003
1463   1.1390000000000002
1464   1.131
1465   1.1445000000000003
1466   1.0220000000000002
1467   1.0634999999999994
1468   1.0944999999999991
1469   1.17
1470   1.0774999999999997
1471   1.1274999999999997
1472   1.0875000000000008
1473   1.0240000000000002
1474   1.0200000000000002
1475   0.9805000000000004
1476   1.0364999999999998
1477   1.088
1478   1.0319999999999996
1479   1.097
1480   1.0869999999999997
1481   1.1004999999999998
1482   1.1924999999999994
1483   1.0890000000000002
1484   1.1149999999999998
1485   1.0279999999999996
1486   0.9904999999999995
1487   1.113999999999999
1488   1.0089999999999995
1489   0.8835000000000003
1490   0.8955000000000003
1491   1.012
1492   0.9154999999999989
1493   0.9630000000000002
1494   0.9199999999999997
1495   1.0764999999999996
1496   1.0159999999999998
1497   0.8564999999999994
1498   0.9134999999999996
1499   0.9144999999999999
1500   0.8995000000000002
1501   0.9135000000000001
1502   0.8895
1503   0.8105000000000004
1504   0.8614999999999997
1505   0.9205000000000008
1506   0.9364999999999997
1507   0.853
1508   0.7835000000000003
1509   1.0145000000000002
1510   0.9184999999999999
1511   0.8594999999999997
1512   0.8359999999999996
1513   0.7730000000000002
1514   0.8694999999999999
1515   0.8725000000000003
1516   0.8515000000000006
1517   0.847
1518   0.938
1519   0.6980000000000006
1520   0.7410000000000003
1521   0.766
1522   0.8145000000000003
1523   0.7339999999999999
1524   0.7475
1525   0.7950000000000005
1526   0.742
1527   0.8190000000000004
1528   0.8500000000000001
1529   0.7989999999999995
1530   0.7664999999999998
1531   0.7915000000000001
1532   0.7785000000000006
1533   0.8715000000000002
1534   0.8484999999999999
1535   0.8419999999999999
1536   0.7785000000000004
1537   0.8554999999999995
1538   0.7609999999999999
1539   0.43649999999999967
1540   0.4195000000000002
1541   0.4235
1542   0.46699999999999964
1543   0.27
1544   0.4200000000000006
1545   0.2739999999999996
1546   0.3165000000000002
1547   0.5050000000000003
1548   0.4564999999999997
1549   0.49550000000000005
1550   0.4394999999999998
1551   0.5790000000000006
1552   0.5130000000000001
1553   0.36799999999999966
1554   0.28600000000000003
1555   0.4049999999999998
1556   0.40700000000000025
1557   0.32200000000000006
1558   0.29949999999999943
1559   0.43499999999999983
1560   0.45599999999999996
1561   0.39400000000000013
1562   0.391
1563   0.34199999999999964
1564   0.3130000000000006
1565   0.25949999999999984
1566   0.24099999999999966
1567   0.4014999999999995
1568   0.3389999999999995
1569   0.3134999999999999
1570   0.3665000000000005
1571   0.10099999999999998
1572   0.022500000000000187
1573   -0.19200000000000028
1574   -0.1690000000000006
1575   -0.1454999999999994
1576   -0.1060000000000001
1577   -0.20349999999999968
1578   -0.13750000000000018
1579   -0.18849999999999967
1580   -0.16399999999999992
1581   -0.02149999999999963
1582   -0.16049999999999998
1583   -0.4694999999999996
1584   -0.4955000000000003
1585   -0.44399999999999995
1586   -0.5015
1587   -0.4984999999999997
1588   -0.44449999999999945
1589   -0.3445000000000005
1590   -0.3065
1591   -0.34350000000000047
1592   -0.40849999999999964
1593   -0.46850000000000036
1594   -0.46699999999999975
1595   -0.5729999999999998
1596   -0.4749999999999994
1597   -0.5069999999999997
1598   -0.5044999999999997
1599   -0.4229999999999998
1600   -0.506
1601   -0.3349999999999994
1602   -0.2785000000000002
1603   -0.1369999999999999
1604   -0.06799999999999973
1605   0.0669999999999994
1606   -0.026999999999999913
1607   0.09900000000000031
1608   0.0920000000000003
1609   -0.024000000000000687
1610   0.06450000000000033
1611   -0.1379999999999999
1612   -0.10099999999999976
1613   -0.0029999999999995586
1614   -0.08350000000000046
1615   -0.08199999999999985
1616   -0.028000000000000136
1617   -0.1225000000000005
1618   -0.16349999999999998
1619   -0.26249999999999996
1620   -0.15049999999999963
1621   -0.4115000000000004
1622   -0.37799999999999984
1623   -0.3914999999999998
1624   -0.33100000000000007
1625   -0.5590000000000003
1626   -0.5595
1627   -0.5665000000000003
1628   -0.5125000000000002
1629   -0.5934999999999997
1630   -0.4799999999999991
1631   -0.8429999999999995
1632   -0.8185
1633   -0.888
1634   -0.8155000000000002
1635   -0.6124999999999998
1636   -0.5624999999999997
1637   -0.6679999999999999
1638   -0.6329999999999998
1639   -0.6744999999999994
1640   -0.621
1641   -0.675
1642   -0.6685000000000005
1643   -0.6090000000000004
1644   -0.6760000000000003
1645   -0.563
1646   -0.5549999999999998
1647   -0.6879999999999997
1648   -0.5894999999999999
1649   -0.9295
1650   -0.8845000000000006
1651   -1.0274999999999996
1652   -1.0779999999999998
1653   -1.0500000000000003
1654   -0.9514999999999996
1655   -0.9484999999999997
1656   -0.8219999999999996
1657   -0.9360000000000004
1658   -0.9750000000000001
1659   -0.8095000000000001
1660   -0.8159999999999996
1661   -0.8594999999999999
1662   -0.8080000000000003
1663   -0.7555000000000001
1664   -0.7165000000000001
1665   -0.8985000000000003
1666   -0.8824999999999998
1667   -0.8324999999999998
1668   -0.8775000000000003
1669   -0.8650000000000003
1670   -0.7859999999999997
1671   -0.6764999999999997
1672   -0.7165000000000005
1673   -0.6719999999999999
1674   -0.486
1675   -0.554
1676   -0.542
1677   -0.52
1678   -0.5470000000000004
1679   -0.5409999999999997
1680   -0.5329999999999997
1681   -0.5345000000000004
1682   -0.573
1683   -0.6680000000000006
1684   -0.6914999999999996
1685   -0.6950000000000004
1686   -0.6889999999999998
1687   -0.7609999999999996
1688   -0.6904999999999992
1689   -0.8315000000000003
1690   -0.8405000000000004
1691   -0.907
1692   -0.8155000000000001
1693   -1.0810000000000004
1694   -1.107
1695   -1.13
1696   -1.1625000000000005
1697   -1.0305
1698   -0.9919999999999998
1699   -1.0220000000000007
1700   -1.0670000000000004
1701   -1.0540000000000007
1702   -1.028
1703   -1.0990000000000002
1704   -1.1595000000000004
1705   -1.1760000000000006
1706   -1.0769999999999995
1707   -1.0060000000000002
1708   -0.9509999999999998
1709   -0.8460000000000003
1710   -0.896
1711   -0.8164999999999998
1712   -0.9310000000000002
1713   -0.893
1714   -0.8370000000000002
1715   -0.8524999999999996
1716   -0.774
1717   -0.7934999999999999
1718   -0.6659999999999999
1719   -0.6354999999999997
1720   -0.7005
1721   -0.6894999999999994
1722   -0.6769999999999999
1723   -0.6559999999999999
1724   -0.657
1725   -0.6799999999999997
1726   -0.6505000000000001
1727   -0.7704999999999997
1728   -0.7305000000000004
1729   -0.8385
1730   -0.7159999999999993
1731   -0.8620000000000003
1732   -0.6620000000000001
1733   -0.8725000000000004
1734   -0.764
1735   -0.7359999999999995
1736   -0.7334999999999993
1737   -0.7220000000000001
1738   -0.8394999999999999
1739   -0.7104999999999995
1740   -0.7775000000000001
1741   -1.003
1742   -0.9770000000000001
1743   -0.9515
1744   -1.0150000000000001
1745   -0.9964999999999999
1746   -0.9004999999999999
1747   -0.7014999999999998
1748   -0.7160000000000002
1749   -0.7790000000000001
1750   -0.7190000000000003
1751   -0.7509999999999997
1752   -0.7275000000000004
1753   -0.6925000000000008
1754   -0.7449999999999994
1755   -0.8115000000000003
1756   -0.7715000000000003
1757   -0.7170000000000001
1758   -0.6825
1759   -0.7245000000000001
1760   -0.7204999999999999
1761   -0.6750000000000002
1762   -0.7109999999999999
1763   -0.8524999999999999
1764   -0.8870000000000002
1765   -0.9865000000000002
1766   -0.9804999999999999
1767   -0.9484999999999999
1768   -0.9494999999999997
1769   -0.9884999999999997
1770   -0.9425000000000001
1771   -0.9634999999999992
1772   -0.8909999999999997
1773   -1.1594999999999995
1774   -1.2070000000000003
1775   -1.2095000000000005
1776   -1.181
1777   -1.2464999999999997
1778   -1.2995000000000005
1779   -1.3230000000000004
1780   -1.3994999999999997
1781   -1.275
1782   -1.3890000000000002
1783   -0.8915
1784   -0.8339999999999999
1785   -0.6910000000000002
1786   -0.6599999999999999
1787   -0.7630000000000001
1788   -0.6705000000000001
1789   -0.5304999999999993
1790   -0.5590000000000002
1791   -0.5695000000000006
1792   -0.5845000000000004
1793   -0.5139999999999998
1794   -0.6560000000000004
1795   -0.8654999999999995
1796   -0.8339999999999999
1797   -0.781
1798   -0.7635000000000002
1799   -0.8089999999999995
1800   -0.8275000000000001
1801   -0.7975000000000003
1802   -0.8569999999999998
1803   -1.0354999999999999
1804   -1.0614999999999994
1805   -0.9629999999999997
1806   -0.9889999999999999
1807   -1.0304999999999997
1808   -1.0049999999999994
1809   -0.9634999999999994
1810   -0.9784999999999997
1811   -1.089
1812   -1.0145
1813   -0.835
1814   -0.903
1815   -1.0219999999999998
1816   -0.9260000000000003
1817   -0.7640000000000001
1818   -0.8560000000000003
1819   -0.631
1820   -0.702
1821   -0.7085000000000001
1822   -0.7360000000000002
1823   -0.8640000000000001
1824   -0.7329999999999999
1825   -0.7120000000000003
1826   -0.6475
1827   -0.5665000000000002
1828   -0.6239999999999996
1829   -0.5744999999999996
1830   -0.5834999999999997
1831   -0.6440000000000002
1832   -0.6480000000000001
1833   -0.5650000000000003
1834   -0.6255
1835   -0.5894999999999995
1836   -0.5635000000000003
1837   -0.6070000000000001
1838   -0.6539999999999997
1839   -0.546
1840   -0.48299999999999943
1841   -0.4820000000000003
1842   -0.42300000000000026
1843   -0.3075000000000001
1844   -0.39149999999999974
1845   -0.4150000000000005
1846   -0.4475
1847   -0.4199999999999998
1848   -0.4169999999999996
1849   -0.3859999999999998
1850   -0.34850000000000003
1851   -0.4195
1852   -0.38349999999999995
1853   -0.3244999999999998
1854   -0.3660000000000001
1855   -0.3365
1856   -0.42049999999999965
1857   -0.38849999999999985
1858   -0.3169999999999997
1859   -0.21849999999999992
1860   -0.21299999999999963
1861   -0.15999999999999992
1862   -0.18000000000000016
1863   -0.19399999999999995
1864   -0.2749999999999999
1865   -0.3174999999999998
1866   -0.3245
1867   -0.30750000000000033
1868   -0.30099999999999993
1869   -0.2905000000000004
1870   -0.3194999999999999
1871   -0.3224999999999998
1872   -0.31100000000000017
1873   -0.3874999999999996
1874   -0.2759999999999997
1875   -0.5084999999999998
1876   -0.5020000000000001
1877   -0.45550000000000035
1878   -0.5219999999999998
1879   -0.5375000000000008
1880   -0.4604999999999996
1881   -0.6165000000000005
1882   -0.53
1883   -0.5409999999999999
1884   -0.5769999999999997
1885   -0.5360000000000007
1886   -0.5305000000000003
1887   -0.5750000000000002
1888   -0.5920000000000001
1889   -0.5270000000000005
1890   -0.6064999999999998
1891   -0.5009999999999999
1892   -0.4015000000000005
1893   -0.6575000000000002
1894   -0.6690000000000003
1895   -0.6039999999999999
1896   -0.5519999999999998
1897   -0.732
1898   -0.748
1899   -0.7304999999999997
1900   -0.7204999999999998
1901   -0.6470000000000005
1902   -0.6559999999999999
1903   -0.722
1904   -0.6254999999999997
1905   -0.6695000000000004
1906   -0.6349999999999997
1907   -0.6564999999999995
1908   -0.5754999999999999
1909   -0.7520000000000003
1910   -0.6799999999999997
1911   -0.5765
1912   -0.6725000000000004
1913   -0.5015000000000005
1914   -0.5575000000000002
1915   -0.6279999999999997
1916   -0.6130000000000005
1917   -0.6279999999999997
1918   -0.6425000000000001
1919   -0.5114999999999996
1920   -0.6740000000000008
1921   -0.3605
1922   -0.3769999999999996
1923   -0.42350000000000004
1924   -0.26300000000000046
1925   -0.12700000000000017
1926   -0.0249999999999998
1927   0.0784999999999999
1928   0.013500000000000345
1929   0.24300000000000022
1930   0.1394999999999998
1931   0.002000000000000335
1932   -0.038000000000000145
1933   0.027000000000000024
1934   0.013500000000000345
1935   -0.0074999999999994515
1936   0.014500000000000013
1937   0.006499999999999784
1938   -0.04850000000000021
1939   -0.07149999999999956
1940   -0.16849999999999932
1941   -0.025000000000000244
1942   0.16049999999999995
1943   -0.06349999999999989
1944   -0.13599999999999973
1945   -0.05750000000000047
1946   -0.14799999999999966
1947   -0.3620000000000007
1948   -0.33099999999999985
1949   -0.44649999999999973
1950   -0.34600000000000014
1951   -0.34449999999999986
1952   -0.3859999999999997
1953   -0.5104999999999998
1954   -0.4409999999999994
1955   -0.2265000000000003
1956   -0.27150000000000024
1957   -0.27999999999999975
1958   -0.26299999999999996
1959   -0.2020000000000002
1960   -0.1485000000000002
1961   -0.24100000000000038
1962   -0.4089999999999996
1963   -0.4555000000000001
1964   -0.5305
1965   -0.2265
1966   -0.2739999999999997
1967   -0.2410000000000004
1968   -0.2199999999999998
1969   -0.39500000000000046
1970   -0.20349999999999985
1971   -0.1155
1972   -0.1644999999999997
1973   -0.19699999999999993
1974   -0.2685000000000002
1975   -0.2400000000000003
1976   -0.34199999999999964
1977   -0.587
1978   -0.5585000000000002
1979   -0.3870000000000003
1980   -0.4030000000000001
1981   -0.4620000000000001
1982   -0.36799999999999966
1983   -0.2980000000000007
1984   -0.3394999999999995
1985   -0.31550000000000017
1986   -0.2924999999999998
1987   -0.1834999999999996
1988   -0.23350000000000018
1989   -0.2500000000000001
1990   -0.21950000000000036
1991   -0.32649999999999973
1992   -0.25499999999999967
1993   -0.33099999999999946
1994   -0.37449999999999994
1995   -0.16750000000000073
1996   -0.14649999999999994
1997   -0.19050000000000003
1998   -0.2564999999999995
1999   -0.26049999999999973
2000   -0.1610000000000002
2001   -0.09750000000000009
2002   -0.20450000000000024
2003   -0.16
2004   -0.07649999999999982
2005   0.08100000000000027
2006   -0.0035000000000000586
2007   0.06700000000000045
2008   0.06549999999999984
2009   -0.035500000000000254
2010   0.06099999999999928
2011   -0.015499999999999847
2012   -0.06800000000000023
2013   0.02799999999999983
2014   0.05650000000000022
2015   0.06850000000000034
2016   0.04200000000000015
2017   0.05199999999999955
2018   0.009500000000000675
2019   -0.07100000000000067
2020   -0.1790000000000001
2021   -0.35650000000000004
2022   -0.28549999999999964
2023   -0.5444999999999995
2024   -0.5730000000000002
2025   -0.5230000000000005
2026   -0.5360000000000001
2027   -0.4960000000000001
2028   -0.5464999999999999
2029   -0.5565000000000002
2030   -0.5680000000000004
2031   -0.5544999999999997
2032   -0.5364999999999999
2033   -0.4890000000000001
2034   -0.5385000000000002
2035   -0.5675000000000003
2036   -0.5665
2037   -0.483
2038   -0.6030000000000002
2039   -0.35150000000000065
2040   -0.2159999999999997
2041   -0.39199999999999985
2042   -0.33449999999999996
2043   -0.6264999999999998
2044   -0.4920000000000005
2045   -0.3510000000000001
2046   -0.5369999999999999
2047   -0.37150000000000033
2048   -0.3514999999999997
2049   -0.29050000000000054
2050   -0.3170000000000002
2051   -0.19899999999999937
