Job pending
Job completed
Job pending
Job completed
Job pending
Job completed
0.392822265625   0.006455823874859308
0.9200439453125   0.014903759286311864
-0.1654052734375   0.008931123255439568
Job pending
Job completed
Job pending
Job completed
Job pending
Job completed
0.38583737356104586   0.006403516504196236
0.9066914129131689   0.0148029838310623
-0.2740723974461724   0.008635227510388595
Job pending
Job completed
Job pending
Job completed
Job pending
Job completed
0.5468374982260495   0.007386026993066636
1.017580818834744   0.015212218928697549
-0.26569989407754424   0.008852792547410568
Job pending
Job completed
Job pending
Job completed
Job pending
Job completed
0.6784193079607452   0.008004865655034069
1.1507480478006429   0.01554618156658622
-0.20537230910884502   0.009089402015323175
Job pending
Job completed
Job pending
Job completed
Job pending
Job completed
0.2677001953125   0.005455449942372589
0.9267578125   0.014530330276124114
0.2711181640625   0.008961785558724452
Job pending
Job completed
Job pending
Job completed
Job pending
Job completed
0.26752303865450944   0.005450457664576558
0.8616254741131552   0.014166559933481246
0.3259020044333821   0.008699793552090327
Job pending
Job completed
Job pending
Job completed
Job pending
Job completed
0.4114664615857995   0.006577394693471098
1.0632041309885816   0.014772816085949513
0.2994045167580698   0.008854546120177937
Job pending
Job completed
Job pending
Job completed
Job pending
Job completed
0.5484532829970281   0.007392647309671608
1.175571302256301   0.015168560812329146
0.25112993576224524   0.009006943992681416
Job pending
Job completed
Job pending
Job completed
Job pending
Job completed
1.7769775390625   0.009398735468532893
0.9423828125   0.014447022617838853
-0.112548828125   0.009358914865725031
Job pending
Job completed
Job pending
Job completed
Job pending
Job completed
1.4452342688736126   0.009550281199272747
0.8522311594361469   0.014300084075257895
0.17299252459589617   0.009138137117485304
Job pending
Job completed
Job pending
Job completed
Job pending
Job completed
1.4675459206732815   0.00955958300400548
1.0452779546792403   0.014884887686821566
0.13833819964252264   0.009233349881577204
Job pending
Job completed
Job pending
Job completed
Job pending
Job completed
1.4722585781974018   0.009560634201281223
1.244534956363366   0.015367916468872728
0.13175364756143543   0.009275624854824261
Job pending
Job completed
Job pending
Job completed
Job pending
Job completed
1.541015625   0.00956126426538334
0.9627685546875   0.014528037728070388
-0.4163818359375   0.008150089842942467
Job pending
Job completed
Job pending
Job completed
Job pending
Job completed
1.7624950885233786   0.009146325976590583
0.9563556081932986   0.014633109854508889
0.05464964641352486   0.009318392930002495
Job pending
Job completed
Job pending
Job completed
Job pending
Job completed
1.7458570619065583   0.009246259807353871
1.1374700667736857   0.01508942966549368
0.042459647928519875   0.009337483489713775
Job pending
Job completed
Job pending
Job completed
Job pending
Job completed
1.6897368167376952   0.009339077408166505
1.2110110443580158   0.015395844294074304
0.023254661190688426   0.009446908761493785
0.48021446575397075
-1.3986069597297308
-1.1413923231428402
0.18486425689345637
-1.8707450372609111
0.8351212548661898
-0.8916425172279557
2.040308472648217
-1.367792160372201
-1.9345988329527442
-0.5334807488716684
-0.939246689627929
3.2232052785263896
0.2744181282587183
1.9811784681197542
-0.21437909450330872
2.7252612722695897
0.7088543772543826
2.0243946170955893
0.6618984710558706
1.8642716937367643
2.2641718088075664
-3.1924137571153617
1.1880369670293363
-3.4120309149456296
-0.17291285956825184
0.6821366263730511
1.3917241674450054
-0.829629418022665
-1.0937880097330297
-3.331554453631509
-1.1647135016279375
2.705533853468266
-0.41292921399725285
0.17578007551525052
-3.272169168859715
3.656177548817117
2.5391291037948123
-3.3622175132572574
0.4941207409884618
-1.117206720291744
0.5886469182591626
0.3839354463198538
-0.3896386175559897
-1.1944708750712891
-3.076047679167807
0.8974464921858162
-0.7747562181213757
-2.642992608592471
2.434063836562992
0.9856545902818111
-2.094364459005671
0.6665347698075597
-1.0735104976450758
-1.5447343565754421
2.1306318600782954
2.543857679239893
-2.2397170733713248
1.8962895116564795
-0.026044164349547566
0.814137987115849
2.9326983160211144
1.2234570305401142
1.15517012523213
-1.258475011926606
0.7206238993798146
-2.8747638945929763
-1.930080508237919
-2.1397298701007683
1.0031728866068153
-2.2685543013802847
-1.1119196710215762
0.6926347244530575
1.1663583049040969
-2.825492025407391
2.1998265820866254
2.4019482792521076
-2.499948968967355
1.8651207040735722
1.7877472962135814
-0.8925452921829651
-1.0217557228892709
-1.4645086197339432
-1.0075751874360275
3.6430227872259833
-1.2761730505510225
-0.8298685120294407
-0.751755270581986
1.939222174384337
5.669541770176596
-3.329310446408836
1.216128263497318
1.7556369571687642
0.6508722949153983
-0.5569408851985673
-1.4954817495884891
0.0523442210704365
-2.856008689560073
-0.753480999753197
2.375832610071907
-3.3935998318063456
-0.694112852168433
-0.49141815673253497
3.1565534986748323
