Job pending
Job completed
Job pending
Job completed
Job pending
Job completed
1.8947108255066734   0.009283897435346931
1.0218734552644584   0.01474581683741222
-0.39001482946119614   0.008168821708375441
Job pending
Job completed
Job pending
Job completed
Job pending
Job completed
1.8623764269568464   0.009329197136360746
0.9506608675061794   0.014441158041459049
-0.34901683635607683   0.008831033822136866
Job pending
Job completed
Job pending
Job completed
Job pending
Job completed
1.7621934693726748   0.009401961304055254
1.2682240556410207   0.015308495714731765
-0.2634088367752566   0.009155326824431324
Job pending
Job completed
Job pending
Job completed
Job pending
Job completed
1.644876316635752   0.009544685719620844
1.4665990243084037   0.01592338723747591
-0.16990899587953176   0.009307088876647529
1.9124679057489322   0.014011986746464746
0.7918792734387587   0.021878571480506752
-0.39182083614648694   0.013327623983778913
Job pending
Job completed
Job pending
Job completed
Job pending
Job completed
1.925358378645576   0.009214192867029573
1.0731586752348004   0.014674119869967918
0.4691052891744933   0.00821178519593121
Job pending
Job completed
Job pending
Job completed
Job pending
Job completed
1.9256596283256304   0.009229790537118802
0.8641900713556645   0.014150386477429193
0.42481534407387267   0.008233181874408356
Job pending
Job completed
Job pending
Job completed
Job pending
Job completed
1.8367400451682752   0.009349244777567644
1.0774579080963818   0.014880339066326617
0.3374966108268802   0.008953266736709467
Job pending
Job completed
Job pending
Job completed
Job pending
Job completed
1.7887993138601515   0.009443472589145147
1.188840157912728   0.01528322782746628
0.24963087175041926   0.00912529878668914
1.9701194199043082   0.013874549365790413
0.7575561529853059   0.021408067863368144
0.4684747106973689   0.012529794027187811
0.14069107695999214
-1.4227491313310032
1.8126063651310034
-0.2533723675926416
1.2870823373248534
-0.334506166361927
0.5125067883794578
-2.0755177145865358
-0.7277189606948997
-0.06543336645638556
-0.94807691223378
-1.3499682608804462
2.0610084602607825
0.0985871986538215
2.7111386276523457
-1.2377430853905766
-1.9868384133925834
-1.3908739551231173
2.078038551743869
1.5530487630803815
1.394341907952705
1.7650694417818322
-0.5384920840281692
-2.8343276376151394
-2.4515922587164614
-0.21740299642325064
0.08605956121508211
0.4407820889022909
-2.4815585851513737
2.8263409396802346
0.846692387665882
3.5189390951308903
-1.0604238308613707
0.43119550164535436
1.690019989713756
1.7075722643940507
0.15221003793384064
-1.6446010864117753
2.4097809249814754
0.021927093863023668
0.008061948544677247
-1.7006830178292713
-1.0393011599603805
0.474646203063513
0.1499041122521859
2.3737360555718037
1.4804881118807758
-0.641110926355214
-1.7905642896373875
-2.1686698019620936
-2.155366848728428
0.6105151622288449
