0.13927335640138389   0.13280112065180233
0.8829708353929807   0.2598665763883408
-0.4420415224913494   0.09884051829565532
0.08729197296514918   0.08472928586502407
0.838382243469485   0.17408809949158618
-0.46797962867039106   0.060283946424815216
0.2631333975993224   0.23989888764110853
1.0046055139565535   0.48739503699766334
-0.4213923708314131   0.16435252246845272
0.4036477604009985   0.3491886087877487
1.149627145302281   0.7459746769988266
-0.3864170707848648   0.23525474847362732
-0.0006287393519374407   0.16588632924155722
0.7552706082259507   0.33945888361389853
-0.49127325758988005   0.1164430636481322
0.16670785961443418   0.15743799555238336
0.9121354424122592   0.3154152359091408
0.4525457241720217   0.11761956970860805
0.10081853727960144   0.09742898891599455
0.8505501265434962   0.19763340676691188
0.46787605704878465   0.06970794495413143
0.2655247786393474   0.24200754741636274
1.0095700625301265   0.4963109346461444
0.44090126827049514   0.147101455647155
0.4144824179807407   0.35721420931991976
1.16390623069363   0.7702014501736931
0.41870423011800517   0.20961715513773166
0.018465416599728446   0.18228812299908387
0.7710401585501809   0.3711194921201759
0.4813634514379294   0.12391029510445303
1.9243697478991597   0.689612614840359
0.9010133465150763   0.29407971208023204
-0.40484429065743943   0.13355537615005292
1.9633110188850798   0.6781301351158646
0.8464568574877824   0.18979745941739273
-0.4690894289250205   0.05758576512164879
1.901509260423487   0.6960365068901467
1.0080464168213832   0.49384809876463986
-0.42797979912710116   0.15160541716276418
1.8407171464910905   0.711225774997186
1.1433291544204431   0.7347462377370406
-0.3770021124656436   0.22594165634204663
1.9942118981158763   1.0216717956173675
0.7656620778209821   0.3607088489629009
-0.48964424382398014   0.10988356069275204
1.950939199209096   0.6818690075256645
0.9328966880869995   0.35456059077406654
0.47750865051903124   0.0998401599597706
1.9726305214713942   0.6754803593411836
0.8619269520223114   0.21957847622050286
0.4712016864892603   0.056830829453930566
1.8832503328375183   0.7009564904569653
1.0421768917619774   0.5556118520240454
0.42061610325163823   0.17364881262736415
1.860578954714046   0.706542013101291
1.2058734495058003   0.8419343841991753
0.3686211008842607   0.24301777607386504
2.017320615788332   1.0195895717907208
0.7718019821524784   0.4133760582816399
0.49649447810807135   0.11445073997425424
1.9235046959960453   0.566515090668875
3.523109243697479   1.8673358209556976
-1.3633217993079585   0.175832168812976
1.9808994260057098   0.5266890301565269
3.6886619749132983   1.653805093987061
-1.4446700029656423   0.08723769005489113
1.935783081712446   0.567860592298319
3.5247059307064825   1.942120304679701
-1.315285394756011   0.27735500360049387
1.8941742519395943   0.6097517551531811
3.4379327679925415   2.1759144359187923
-1.2115130320102265   0.4095170837517756
2.003457598152342   0.8003264357702384
3.770639997016706   2.5527864436537513
-1.5093623070704578   0.17838586346873736
1.9326495304003957   0.6107555835279359
3.5994809688581313   2.306220371315634
-0.49691052891744936   1.6202326697013016
1.9674404366398692   0.6309288910227553
3.695789044592251   2.5784069922819004
-0.5082227449023191   0.8455480123903863
1.913370663174256   0.6534865070838253
3.449708111177008   2.618908439056833
-0.42450741973235695   0.8405990893142068
1.8454057336362062   0.6833530808996449
3.2687025359680395   2.647621363474804
-0.3672974872768364   0.864871872386457
1.9944753233726757   0.9520327405494005
3.8188295112998727   3.8777358501165837
-0.5500804074873002   1.2670847878165348
1.9725654967869501   0.6347038408280063
3.641992090954029   2.546010486425386
0.6018289668808698   0.5563634368870691
1.9617878620115314   0.5419418843711152
3.6545072165198587   1.662914613115608
0.45971274110389704   0.06466907795176302
1.9215298381395467   0.5886669336934026
3.4807776857426433   1.9424735370173585
0.4122128213918215   0.14968996875303495
1.837234221463564   0.6260802678439337
3.341024149551452   2.1012533868864383
0.36379306908417386   0.24724962628311611
1.9819168739475237   0.8245940888872447
3.7413719819084665   2.5642616506488496
0.4834627009599348   0.11825883962796252
1.949950568462679   0.5365982592915041
3.642239248640633   1.6968340358736613
1.403361344537815   0.15600946260857285
1.958348297384125   0.5447286089924511
3.6689832427508775   1.7020727560040294
1.3814889611590764   0.21528801241868833
1.9141214738009054   0.5874928619046924
3.5266752747897945   1.9339552968325557
1.250970305313844   0.40356322980826115
1.8545900715279005   0.6293025616693999
3.4168288415755135   2.1588122988187317
1.1416428227115314   0.5439906956989013
1.980461709175735   0.827783976716737
3.7401372267314192   2.611079769213176
1.4467482890816927   0.3700008229754257
0.03993082578034288
-0.20083897679756108
-0.06629637025619124
1.99394845284293
0.4445903859502894
0.4827437763645915
2.785175094424276
-1.5946191017067113
0.45665460932309937
-0.06910504961279995
2.085086401161153
-1.5460380066883133
-1.82111803865054
0.014752859686288394
-0.42844152158196125
-1.9635586084050725
0.3394272669274323
1.3144358383081018
0.6901789289292365
2.295494654829168
0.2856225684919483
1.4466818789477591
2.778805726443006
-3.385701314615073
2.679701453095752
0.5548593804228811
0.05715025171477105
1.5378525457642007
3.3882798529138722
-0.08807187426025564
-0.18624383194722482
2.156790625249276
-1.141684174650219
0.07093667992745276
0.8777353831223046
-1.5185793745083807
-1.0217838220040527
1.6295129082211335
-0.5274679043305056
0.016528726765737196
1.3448910344295544
2.963407713318429
-1.3128373486269769
-1.5115287192479594
1.6251368531769388
0.8828140596718943
0.19033667812548843
-0.34806845113670526
2.2621396493698107
-2.606145158755507
0.5362500983162687
-1.8627318646624942
0.0364106918973575
1.4214624027487168
-1.3801149619090507
-2.195960799532314
-1.781049935130985
-2.168223431976418
-0.5714512203114432
-1.6615374818759245
1.4854394699403737
-1.321803259740083
-1.5775957225419839
2.0159923318554043
1.824658593216887
0.009240740159041926
-1.979402245603163
0.4265275935098119
2.6683460960816645
1.495791713527682
-2.479463912118253
-1.6171117918624902
-2.350300940573482
2.524371191029122
1.0011333957247697
0.7289770528158467
1.69142192501577
-0.7881403960315876
0.037502009759735326
-2.4133301985191107
1.3777632641678452
-1.285935182264596
0.7180611963073138
1.966718962993037
2.02345488318447
3.616169315634695
-0.7977799566662493
-2.3421552999708934
-1.6940076598868146
3.5021810572150307
-0.5755265028975223
0.013303425975570216
2.755683952054969
1.037486082599534
-1.190437741092916
1.6748153569158488
3.0213889794223254
-1.0644468639908438
1.0842104046451246
-2.368480792865182
-5.107668361182875
0.6422659454018351
3.884649228233638
-0.41657716250668286
0.06958218866622601
3.130596431180318
-0.8647875166302976
3.6520107328871236
3.0496538514627756
-3.3766275925930107
2.5675853699173
2.8913096702709935
2.365531846248217
-0.6359710125518888
0.18930167048754812
1.3762129779357348
1.8359571084212998
0.00872996453101292
-0.6101133043673133
-1.2529943530221082
-1.552601770694658
3.0312023635214174
1.7363625194073617
0.4474961068337647
-1.154748523019105
-1.581220421442455
-0.5127037114105558
-1.2578516192985958
2.0394731053329864
-1.2893092002760849
0.03385791524018508
-2.4232731882845875
1.7178662653313799
-3.363176428697301
0.4001523668264687
2.8410894055227858
-2.5823461728650763
-0.5274086201497803
0.3977472144968641
-1.5901701378129856
0.26435676091127003
-2.2502626229987484
-1.8948386396169983
0.009140037830026152
-1.0154663642161326
2.430868195995537
2.9667753535875963
0.4774365014745648
-0.0564827062169598
-1.68804005667932
-1.2788968021447427
-1.345715480506831
-1.0093634917696197
-2.1942366720374604
-0.5895994121936592
-0.8216950770025574
0.018608756346015033
-3.4870967294010895
-1.5338759836288927
0.7390259326447274
-0.22468493897867703
-0.643963859545708
-3.062640818903549
0.34999693892890393
1.8965074388139256
-2.154990070934768
-2.0534328590674362
0.6266795815348725
-2.109642070447207
0.008340038823164914
-0.8293728349718109
1.3235518884765334
-1.0430021977449793
-1.4185830476771601
-2.5996925902384445
1.4695947188049923
1.349357581431264
0.8179047259304085
2.444057947196883
0.6203372475805018
2.1590524288876516
-0.9691509635317194
0.02259820577936033
-2.5153902844810236
0.8942288337034934
-4.5384023632371475
-0.9298330614045933
0.35894583827131765
3.140479526132084
3.0708483950901564
0.7096948101454238
-0.7310896252790162
-0.4854226475184634
0.05158381332922654
2.4831560394709813
0.019505257972416815
0.14644480245802602
-1.6967266195654864
-1.4892003242388776
-1.6179819019611235
-2.45974771510374
2.6535563674914706
1.90737871680885
-2.1354457516146157
-0.8800601781600674
2.1093048604852207
-0.7956762180926705
-0.7293264612952444
